[2021-04-23 02:21:51] INFO: [DB POOL] connecting to localhost
[2021-04-23 02:21:51] ERROR: [SELECT * FROM _realm_app WHERE deleted = 0] -- Error: ER_NOT_SUPPORTED_AUTH_MODE: Client does not support authentication protocol requested by server; consider upgrading MySQL client [8]
[2021-04-23 02:21:51] INFO: retry connection error -- Error: ER_NOT_SUPPORTED_AUTH_MODE: Client does not support authentication protocol requested by server; consider upgrading MySQL client [8]
[2021-04-23 02:21:51] INFO: db_pool sleep [365] ms before retry connection [8] ...
[2021-04-23 02:21:52] INFO: appx_spec [classes] [
  'string',    'number',
  'boolean',   'null',
  'primitive', 'array',
  'object',    'expression',
  'statement', 'jsx',
  'any'
]
[2021-04-23 02:21:52] INFO: appx_spec [types] [
  'react/element',         'react/html',
  'react/state',           'react/effect',
  'react/context',         'appx/form',
  'appx/dialog',           'appx/input/text',
  'appx/input/textarray',  'appx/input/switch',
  'appx/input/select',     'appx/input/tabular',
  'appx/input/collection', 'appx/input/submit',
  'appx/input/reset',      'appx/input/rule',
  'appx/table',            'appx/table/column',
  'js/null',               'js/string',
  'js/number',             'js/boolean',
  'js/object',             'js/array',
  'js/import',             'js/expression',
  'js/statement',          'js/function',
  'js/call',               'js/condition',
  'js/map',                'js/reduce',
  'js/filter',             'mui/style',
  'mui/theme',             'route/path',
  'route/context',         'appx/api'
]
[2021-04-23 02:21:52] INFO: [DB POOL] connecting to localhost
[2021-04-23 02:21:52] ERROR: [SELECT * FROM _realm_app WHERE deleted = 0] -- Error: ER_NOT_SUPPORTED_AUTH_MODE: Client does not support authentication protocol requested by server; consider upgrading MySQL client [7]
[2021-04-23 02:21:52] INFO: retry connection error -- Error: ER_NOT_SUPPORTED_AUTH_MODE: Client does not support authentication protocol requested by server; consider upgrading MySQL client [7]
[2021-04-23 02:21:52] INFO: db_pool sleep [611] ms before retry connection [7] ...
[2021-04-23 02:21:52] INFO: [DB POOL] connecting to localhost
[2021-04-23 02:21:52] ERROR: [SELECT * FROM _realm_app WHERE deleted = 0] -- Error: ER_NOT_SUPPORTED_AUTH_MODE: Client does not support authentication protocol requested by server; consider upgrading MySQL client [6]
[2021-04-23 02:21:52] INFO: retry connection error -- Error: ER_NOT_SUPPORTED_AUTH_MODE: Client does not support authentication protocol requested by server; consider upgrading MySQL client [6]
[2021-04-23 02:21:52] INFO: db_pool sleep [1251] ms before retry connection [6] ...
[2021-04-23 02:21:54] INFO: [DB POOL] connecting to localhost
[2021-04-23 02:21:54] ERROR: [SELECT * FROM _realm_app WHERE deleted = 0] -- Error: ER_NOT_SUPPORTED_AUTH_MODE: Client does not support authentication protocol requested by server; consider upgrading MySQL client [5]
[2021-04-23 02:21:54] INFO: retry connection error -- Error: ER_NOT_SUPPORTED_AUTH_MODE: Client does not support authentication protocol requested by server; consider upgrading MySQL client [5]
[2021-04-23 02:21:54] INFO: db_pool sleep [1908] ms before retry connection [5] ...
[2021-04-23 02:21:56] INFO: [DB POOL] connecting to localhost
[2021-04-23 02:21:56] ERROR: [SELECT * FROM _realm_app WHERE deleted = 0] -- Error: ER_NOT_SUPPORTED_AUTH_MODE: Client does not support authentication protocol requested by server; consider upgrading MySQL client [4]
[2021-04-23 02:21:56] INFO: retry connection error -- Error: ER_NOT_SUPPORTED_AUTH_MODE: Client does not support authentication protocol requested by server; consider upgrading MySQL client [4]
[2021-04-23 02:21:56] INFO: db_pool sleep [2145] ms before retry connection [4] ...
[2021-04-23 02:21:58] INFO: [DB POOL] connecting to localhost
[2021-04-23 02:21:58] ERROR: [SELECT * FROM _realm_app WHERE deleted = 0] -- Error: ER_NOT_SUPPORTED_AUTH_MODE: Client does not support authentication protocol requested by server; consider upgrading MySQL client [3]
[2021-04-23 02:21:58] INFO: retry connection error -- Error: ER_NOT_SUPPORTED_AUTH_MODE: Client does not support authentication protocol requested by server; consider upgrading MySQL client [3]
[2021-04-23 02:21:58] INFO: db_pool sleep [2820] ms before retry connection [3] ...
[2021-04-23 02:22:01] INFO: [DB POOL] connecting to localhost
[2021-04-23 02:22:01] ERROR: [SELECT * FROM _realm_app WHERE deleted = 0] -- Error: ER_NOT_SUPPORTED_AUTH_MODE: Client does not support authentication protocol requested by server; consider upgrading MySQL client [2]
[2021-04-23 02:22:01] INFO: retry connection error -- Error: ER_NOT_SUPPORTED_AUTH_MODE: Client does not support authentication protocol requested by server; consider upgrading MySQL client [2]
[2021-04-23 02:22:01] INFO: db_pool sleep [3296] ms before retry connection [2] ...
[2021-04-23 02:22:04] INFO: [DB POOL] connecting to localhost
[2021-04-23 02:22:04] ERROR: [SELECT * FROM _realm_app WHERE deleted = 0] -- Error: ER_NOT_SUPPORTED_AUTH_MODE: Client does not support authentication protocol requested by server; consider upgrading MySQL client [1]
[2021-04-23 02:22:04] INFO: retry connection error -- Error: ER_NOT_SUPPORTED_AUTH_MODE: Client does not support authentication protocol requested by server; consider upgrading MySQL client [1]
[2021-04-23 02:22:04] INFO: db_pool sleep [3992] ms before retry connection [1] ...
[2021-04-23 02:22:08] INFO: [DB POOL] connecting to localhost
[2021-04-23 02:22:08] ERROR: [SELECT * FROM _realm_app WHERE deleted = 0] -- Error: ER_NOT_SUPPORTED_AUTH_MODE: Client does not support authentication protocol requested by server; consider upgrading MySQL client [0]
[2021-04-23 02:22:08] INFO: retry connection error -- Error: ER_NOT_SUPPORTED_AUTH_MODE: Client does not support authentication protocol requested by server; consider upgrading MySQL client [0]
[2021-04-23 02:22:08] ERROR: unrecoverable error, all connection retries has failed [SELECT * FROM _realm_app WHERE deleted = 0]
[2021-04-23 02:22:08] ERROR: Failed to load [SELECT * FROM _realm_app WHERE deleted = 0] {"query":"SELECT * FROM _realm_app WHERE deleted = 0","map_def":[{"name":"sql_realm_by_app","key":["$@.namespace","$@.app_name"],"value":"$@"},{"name":"sql_app_by_realm","key":["$@.realm","$@.namespace","$@.app_name"],"value":"$@"}]}
[2021-04-23 02:22:08] Error: ERROR: unrecoverable error, all connection retries has failed [SELECT * FROM _realm_app WHERE deleted = 0]
    at query (/Users/shiwabal/go/src/github.trusted.visa.com/parsec/poodle-appx/app/src/db/db.js:84:22)
    at Query._callback (/Users/shiwabal/go/src/github.trusted.visa.com/parsec/poodle-appx/app/src/db/db.js:138:21)
    at Query.Sequence.end (/Users/shiwabal/go/src/github.trusted.visa.com/parsec/poodle-appx/app/node_modules/mysql/lib/protocol/sequences/Sequence.js:83:24)
    at /Users/shiwabal/go/src/github.trusted.visa.com/parsec/poodle-appx/app/node_modules/mysql/lib/Pool.js:205:13
    at Handshake.onConnect (/Users/shiwabal/go/src/github.trusted.visa.com/parsec/poodle-appx/app/node_modules/mysql/lib/Pool.js:58:9)
    at Handshake.<anonymous> (/Users/shiwabal/go/src/github.trusted.visa.com/parsec/poodle-appx/app/node_modules/mysql/lib/Connection.js:526:10)
    at Handshake._callback (/Users/shiwabal/go/src/github.trusted.visa.com/parsec/poodle-appx/app/node_modules/mysql/lib/Connection.js:488:16)
    at Handshake.Sequence.end (/Users/shiwabal/go/src/github.trusted.visa.com/parsec/poodle-appx/app/node_modules/mysql/lib/protocol/sequences/Sequence.js:83:24)
    at Handshake.ErrorPacket (/Users/shiwabal/go/src/github.trusted.visa.com/parsec/poodle-appx/app/node_modules/mysql/lib/protocol/sequences/Handshake.js:125:8)
    at Protocol._parsePacket (/Users/shiwabal/go/src/github.trusted.visa.com/parsec/poodle-appx/app/node_modules/mysql/lib/protocol/Protocol.js:291:23)
[2021-04-23 02:22:08] Error: ERROR: unrecoverable error, all connection retries has failed [SELECT * FROM _realm_app WHERE deleted = 0]
    at query (/Users/shiwabal/go/src/github.trusted.visa.com/parsec/poodle-appx/app/src/db/db.js:84:22)
    at Query._callback (/Users/shiwabal/go/src/github.trusted.visa.com/parsec/poodle-appx/app/src/db/db.js:138:21)
    at Query.Sequence.end (/Users/shiwabal/go/src/github.trusted.visa.com/parsec/poodle-appx/app/node_modules/mysql/lib/protocol/sequences/Sequence.js:83:24)
    at /Users/shiwabal/go/src/github.trusted.visa.com/parsec/poodle-appx/app/node_modules/mysql/lib/Pool.js:205:13
    at Handshake.onConnect (/Users/shiwabal/go/src/github.trusted.visa.com/parsec/poodle-appx/app/node_modules/mysql/lib/Pool.js:58:9)
    at Handshake.<anonymous> (/Users/shiwabal/go/src/github.trusted.visa.com/parsec/poodle-appx/app/node_modules/mysql/lib/Connection.js:526:10)
    at Handshake._callback (/Users/shiwabal/go/src/github.trusted.visa.com/parsec/poodle-appx/app/node_modules/mysql/lib/Connection.js:488:16)
    at Handshake.Sequence.end (/Users/shiwabal/go/src/github.trusted.visa.com/parsec/poodle-appx/app/node_modules/mysql/lib/protocol/sequences/Sequence.js:83:24)
    at Handshake.ErrorPacket (/Users/shiwabal/go/src/github.trusted.visa.com/parsec/poodle-appx/app/node_modules/mysql/lib/protocol/sequences/Handshake.js:125:8)
    at Protocol._parsePacket (/Users/shiwabal/go/src/github.trusted.visa.com/parsec/poodle-appx/app/node_modules/mysql/lib/protocol/Protocol.js:291:23)
[2021-04-23 02:22:08] ERROR: load_cache_for("realm", null) - failed ! -- Error: ERROR: unrecoverable error, all connection retries has failed [SELECT * FROM _realm_app WHERE deleted = 0]
[2021-04-23 02:22:08] INFO: load_cache_for("realm", null) - reconcile in 235 sec(s)
[2021-04-23 02:22:08] INFO: [DB POOL] connecting to localhost
[2021-04-23 02:22:08] ERROR: [SELECT * FROM _auth_grant WHERE grant_type = 'user' AND deleted = 0] -- Error: ER_NOT_SUPPORTED_AUTH_MODE: Client does not support authentication protocol requested by server; consider upgrading MySQL client [8]
[2021-04-23 02:22:08] INFO: retry connection error -- Error: ER_NOT_SUPPORTED_AUTH_MODE: Client does not support authentication protocol requested by server; consider upgrading MySQL client [8]
[2021-04-23 02:22:08] INFO: db_pool sleep [249] ms before retry connection [8] ...
[2021-04-23 02:22:08] INFO: [DB POOL] connecting to localhost
[2021-04-23 02:22:08] ERROR: [SELECT * FROM _auth_grant WHERE grant_type = 'user' AND deleted = 0] -- Error: ER_NOT_SUPPORTED_AUTH_MODE: Client does not support authentication protocol requested by server; consider upgrading MySQL client [7]
[2021-04-23 02:22:08] INFO: retry connection error -- Error: ER_NOT_SUPPORTED_AUTH_MODE: Client does not support authentication protocol requested by server; consider upgrading MySQL client [7]
[2021-04-23 02:22:08] INFO: db_pool sleep [743] ms before retry connection [7] ...
[2021-04-23 02:22:09] INFO: [DB POOL] connecting to localhost
[2021-04-23 02:22:09] ERROR: [SELECT * FROM _auth_grant WHERE grant_type = 'user' AND deleted = 0] -- Error: ER_NOT_SUPPORTED_AUTH_MODE: Client does not support authentication protocol requested by server; consider upgrading MySQL client [6]
[2021-04-23 02:22:09] INFO: retry connection error -- Error: ER_NOT_SUPPORTED_AUTH_MODE: Client does not support authentication protocol requested by server; consider upgrading MySQL client [6]
[2021-04-23 02:22:09] INFO: db_pool sleep [1191] ms before retry connection [6] ...
[2021-04-23 02:22:10] INFO: [DB POOL] connecting to localhost
[2021-04-23 02:22:10] ERROR: [SELECT * FROM _auth_grant WHERE grant_type = 'user' AND deleted = 0] -- Error: ER_NOT_SUPPORTED_AUTH_MODE: Client does not support authentication protocol requested by server; consider upgrading MySQL client [5]
[2021-04-23 02:22:10] INFO: retry connection error -- Error: ER_NOT_SUPPORTED_AUTH_MODE: Client does not support authentication protocol requested by server; consider upgrading MySQL client [5]
[2021-04-23 02:22:10] INFO: db_pool sleep [1981] ms before retry connection [5] ...
[2021-04-23 02:22:12] INFO: [DB POOL] connecting to localhost
[2021-04-23 02:22:12] ERROR: [SELECT * FROM _auth_grant WHERE grant_type = 'user' AND deleted = 0] -- Error: ER_NOT_SUPPORTED_AUTH_MODE: Client does not support authentication protocol requested by server; consider upgrading MySQL client [4]
[2021-04-23 02:22:12] INFO: retry connection error -- Error: ER_NOT_SUPPORTED_AUTH_MODE: Client does not support authentication protocol requested by server; consider upgrading MySQL client [4]
[2021-04-23 02:22:12] INFO: db_pool sleep [2330] ms before retry connection [4] ...
[2021-04-23 02:22:14] INFO: [DB POOL] connecting to localhost
[2021-04-23 02:22:14] ERROR: [SELECT * FROM _auth_grant WHERE grant_type = 'user' AND deleted = 0] -- Error: ER_NOT_SUPPORTED_AUTH_MODE: Client does not support authentication protocol requested by server; consider upgrading MySQL client [3]
[2021-04-23 02:22:14] INFO: retry connection error -- Error: ER_NOT_SUPPORTED_AUTH_MODE: Client does not support authentication protocol requested by server; consider upgrading MySQL client [3]
[2021-04-23 02:22:14] INFO: db_pool sleep [2847] ms before retry connection [3] ...
[2021-04-23 02:22:17] INFO: [DB POOL] connecting to localhost
[2021-04-23 02:22:17] ERROR: [SELECT * FROM _auth_grant WHERE grant_type = 'user' AND deleted = 0] -- Error: ER_NOT_SUPPORTED_AUTH_MODE: Client does not support authentication protocol requested by server; consider upgrading MySQL client [2]
[2021-04-23 02:22:17] INFO: retry connection error -- Error: ER_NOT_SUPPORTED_AUTH_MODE: Client does not support authentication protocol requested by server; consider upgrading MySQL client [2]
[2021-04-23 02:22:17] INFO: db_pool sleep [3344] ms before retry connection [2] ...
[2021-04-23 02:22:21] INFO: [DB POOL] connecting to localhost
[2021-04-23 02:22:21] ERROR: [SELECT * FROM _auth_grant WHERE grant_type = 'user' AND deleted = 0] -- Error: ER_NOT_SUPPORTED_AUTH_MODE: Client does not support authentication protocol requested by server; consider upgrading MySQL client [1]
[2021-04-23 02:22:21] INFO: retry connection error -- Error: ER_NOT_SUPPORTED_AUTH_MODE: Client does not support authentication protocol requested by server; consider upgrading MySQL client [1]
[2021-04-23 02:22:21] INFO: db_pool sleep [3756] ms before retry connection [1] ...
[2021-04-23 02:22:24] INFO: [DB POOL] connecting to localhost
[2021-04-23 02:22:24] ERROR: [SELECT * FROM _auth_grant WHERE grant_type = 'user' AND deleted = 0] -- Error: ER_NOT_SUPPORTED_AUTH_MODE: Client does not support authentication protocol requested by server; consider upgrading MySQL client [0]
[2021-04-23 02:22:24] INFO: retry connection error -- Error: ER_NOT_SUPPORTED_AUTH_MODE: Client does not support authentication protocol requested by server; consider upgrading MySQL client [0]
[2021-04-23 02:22:24] ERROR: unrecoverable error, all connection retries has failed [SELECT * FROM _auth_grant WHERE grant_type = 'user' AND deleted = 0]
[2021-04-23 02:22:24] ERROR: Failed to load [SELECT * FROM _auth_grant WHERE grant_type = 'user' AND deleted = 0] {"query":"SELECT * FROM _auth_grant WHERE grant_type = 'user' AND deleted = 0","map_def":[{"name":"sql_auth_grant_by_role","key":["$@.namespace","$@.app_name","$@.role_name","$@.grant_type","$@.grant_name"],"value":"$@"}]}
[2021-04-23 02:22:24] Error: ERROR: unrecoverable error, all connection retries has failed [SELECT * FROM _auth_grant WHERE grant_type = 'user' AND deleted = 0]
    at query (/Users/shiwabal/go/src/github.trusted.visa.com/parsec/poodle-appx/app/src/db/db.js:84:22)
    at Query._callback (/Users/shiwabal/go/src/github.trusted.visa.com/parsec/poodle-appx/app/src/db/db.js:138:21)
    at Query.Sequence.end (/Users/shiwabal/go/src/github.trusted.visa.com/parsec/poodle-appx/app/node_modules/mysql/lib/protocol/sequences/Sequence.js:83:24)
    at /Users/shiwabal/go/src/github.trusted.visa.com/parsec/poodle-appx/app/node_modules/mysql/lib/Pool.js:205:13
    at Handshake.onConnect (/Users/shiwabal/go/src/github.trusted.visa.com/parsec/poodle-appx/app/node_modules/mysql/lib/Pool.js:58:9)
    at Handshake.<anonymous> (/Users/shiwabal/go/src/github.trusted.visa.com/parsec/poodle-appx/app/node_modules/mysql/lib/Connection.js:526:10)
    at Handshake._callback (/Users/shiwabal/go/src/github.trusted.visa.com/parsec/poodle-appx/app/node_modules/mysql/lib/Connection.js:488:16)
    at Handshake.Sequence.end (/Users/shiwabal/go/src/github.trusted.visa.com/parsec/poodle-appx/app/node_modules/mysql/lib/protocol/sequences/Sequence.js:83:24)
    at Handshake.ErrorPacket (/Users/shiwabal/go/src/github.trusted.visa.com/parsec/poodle-appx/app/node_modules/mysql/lib/protocol/sequences/Handshake.js:125:8)
    at Protocol._parsePacket (/Users/shiwabal/go/src/github.trusted.visa.com/parsec/poodle-appx/app/node_modules/mysql/lib/protocol/Protocol.js:291:23)
[2021-04-23 02:22:24] Error: ERROR: unrecoverable error, all connection retries has failed [SELECT * FROM _auth_grant WHERE grant_type = 'user' AND deleted = 0]
    at query (/Users/shiwabal/go/src/github.trusted.visa.com/parsec/poodle-appx/app/src/db/db.js:84:22)
    at Query._callback (/Users/shiwabal/go/src/github.trusted.visa.com/parsec/poodle-appx/app/src/db/db.js:138:21)
    at Query.Sequence.end (/Users/shiwabal/go/src/github.trusted.visa.com/parsec/poodle-appx/app/node_modules/mysql/lib/protocol/sequences/Sequence.js:83:24)
    at /Users/shiwabal/go/src/github.trusted.visa.com/parsec/poodle-appx/app/node_modules/mysql/lib/Pool.js:205:13
    at Handshake.onConnect (/Users/shiwabal/go/src/github.trusted.visa.com/parsec/poodle-appx/app/node_modules/mysql/lib/Pool.js:58:9)
    at Handshake.<anonymous> (/Users/shiwabal/go/src/github.trusted.visa.com/parsec/poodle-appx/app/node_modules/mysql/lib/Connection.js:526:10)
    at Handshake._callback (/Users/shiwabal/go/src/github.trusted.visa.com/parsec/poodle-appx/app/node_modules/mysql/lib/Connection.js:488:16)
    at Handshake.Sequence.end (/Users/shiwabal/go/src/github.trusted.visa.com/parsec/poodle-appx/app/node_modules/mysql/lib/protocol/sequences/Sequence.js:83:24)
    at Handshake.ErrorPacket (/Users/shiwabal/go/src/github.trusted.visa.com/parsec/poodle-appx/app/node_modules/mysql/lib/protocol/sequences/Handshake.js:125:8)
    at Protocol._parsePacket (/Users/shiwabal/go/src/github.trusted.visa.com/parsec/poodle-appx/app/node_modules/mysql/lib/protocol/Protocol.js:291:23)
[2021-04-23 02:22:24] ERROR: load_cache_for("auth", null) - failed ! -- Error: ERROR: unrecoverable error, all connection retries has failed [SELECT * FROM _auth_grant WHERE grant_type = 'user' AND deleted = 0]
[2021-04-23 02:22:24] INFO: load_cache_for("auth", null) - reconcile in 263 sec(s)
[2021-04-23 02:22:24] INFO: [DB POOL] connecting to localhost
[2021-04-23 02:22:24] ERROR: [SELECT * FROM namespace WHERE deleted = 0] -- Error: ER_NOT_SUPPORTED_AUTH_MODE: Client does not support authentication protocol requested by server; consider upgrading MySQL client [8]
[2021-04-23 02:22:24] INFO: retry connection error -- Error: ER_NOT_SUPPORTED_AUTH_MODE: Client does not support authentication protocol requested by server; consider upgrading MySQL client [8]
[2021-04-23 02:22:24] INFO: db_pool sleep [430] ms before retry connection [8] ...
[2021-04-23 02:22:25] INFO: [DB POOL] connecting to localhost
[2021-04-23 02:22:25] ERROR: [SELECT * FROM namespace WHERE deleted = 0] -- Error: ER_NOT_SUPPORTED_AUTH_MODE: Client does not support authentication protocol requested by server; consider upgrading MySQL client [7]
[2021-04-23 02:22:25] INFO: retry connection error -- Error: ER_NOT_SUPPORTED_AUTH_MODE: Client does not support authentication protocol requested by server; consider upgrading MySQL client [7]
[2021-04-23 02:22:25] INFO: db_pool sleep [997] ms before retry connection [7] ...
