[2021-04-15 16:36:35] INFO: [DB POOL] connecting to localhost
[2021-04-15 16:36:35] INFO: appx_spec [classes] [
  'string',    'number',
  'boolean',   'null',
  'primitive', 'array',
  'object',    'expression',
  'statement', 'jsx',
  'any'
]
[2021-04-15 16:36:35] INFO: appx_spec [types] [
  'react/element',         'react/html',
  'react/state',           'react/effect',
  'react/context',         'appx/form',
  'appx/dialog',           'appx/input/text',
  'appx/input/textarray',  'appx/input/switch',
  'appx/input/select',     'appx/input/tabular',
  'appx/input/collection', 'appx/input/submit',
  'appx/input/reset',      'appx/input/rule',
  'appx/table',            'appx/table/column',
  'js/null',               'js/string',
  'js/number',             'js/boolean',
  'js/object',             'js/array',
  'js/import',             'js/expression',
  'js/statement',          'js/function',
  'js/call',               'js/condition',
  'js/map',                'js/reduce',
  'js/filter',             'mui/style',
  'mui/theme',             'route/path',
  'route/context',         'appx/api'
]
[2021-04-15 16:36:35] INFO: load_cache_for("realm", null) - success !
[2021-04-15 16:36:35] INFO: load_cache_for("realm", null) - reconcile in 283 sec(s)
[2021-04-15 16:36:35] INFO: load_cache_for("auth", null) - success !
[2021-04-15 16:36:35] INFO: load_cache_for("auth", null) - reconcile in 270 sec(s)
[2021-04-15 16:36:35] INFO: load_cache_for("namespace", null) - success !
[2021-04-15 16:36:35] INFO: load_cache_for("namespace", null) - triggering ...
[2021-04-15 16:36:35] INFO: load_cache_for("app_runtime", {"namespace":"sys"}) - success !
[2021-04-15 16:36:35] INFO: load_cache_for("app_runtime", {"namespace":"sys"}) - reconcile in 294 sec(s)
[2021-04-15 16:36:35] INFO: invoke successful ! [../cache/cache/load_cache_for] with ["app_runtime",{"namespace":"sys"}] !
[2021-04-15 16:36:35] INFO: load_cache_for("app_deployment", {"namespace":"sys"}) - success !
[2021-04-15 16:36:35] INFO: load_cache_for("app_deployment", {"namespace":"sys"}) - triggering ...
[2021-04-15 16:36:35] INFO: load_cache_for("object", {"namespace":"sys","app_name":"appx","app_deployment":"base"}) - success !
[2021-04-15 16:36:35] INFO: load_cache_for("object", {"namespace":"sys","app_name":"appx","app_deployment":"base"}) - reconcile in 265 sec(s)
[2021-04-15 16:36:35] INFO: invoke successful ! [../cache/cache/load_cache_for] with ["object",{"namespace":"sys","app_name":"appx","app_deployment":"base"}] !
[2021-04-15 16:36:35] INFO: load_cache_for("app_deployment", {"namespace":"sys"}) - reconcile in 196 sec(s)
[2021-04-15 16:36:35] INFO: invoke successful ! [../cache/cache/load_cache_for] with ["app_deployment",{"namespace":"sys"}] !
[2021-04-15 16:36:35] INFO: load_cache_for("ui_deployment", {"namespace":"sys"}) - success !
[2021-04-15 16:36:35] INFO: load_cache_for("ui_deployment", {"namespace":"sys"}) - triggering ...
[2021-04-15 16:36:35] INFO: load_cache_for("ui_component", {"namespace":"sys","ui_name":"auth","ui_deployment":"base"}) - success !
[2021-04-15 16:36:35] INFO: load_cache_for("ui_component", {"namespace":"sys","ui_name":"auth","ui_deployment":"base"}) - reconcile in 209 sec(s)
[2021-04-15 16:36:35] INFO: invoke successful ! [../cache/cache/load_cache_for] with ["ui_component",{"namespace":"sys","ui_name":"auth","ui_deployment":"base"}] !
[2021-04-15 16:36:35] INFO: load_cache_for("ui_route", {"namespace":"sys","ui_name":"auth","ui_deployment":"base"}) - success !
[2021-04-15 16:36:35] INFO: load_cache_for("ui_route", {"namespace":"sys","ui_name":"auth","ui_deployment":"base"}) - reconcile in 356 sec(s)
[2021-04-15 16:36:35] INFO: invoke successful ! [../cache/cache/load_cache_for] with ["ui_route",{"namespace":"sys","ui_name":"auth","ui_deployment":"base"}] !
[2021-04-15 16:36:35] INFO: load_cache_for("ui_component", {"namespace":"sys","ui_name":"console","ui_deployment":"base"}) - success !
[2021-04-15 16:36:35] INFO: load_cache_for("ui_component", {"namespace":"sys","ui_name":"console","ui_deployment":"base"}) - reconcile in 247 sec(s)
[2021-04-15 16:36:35] INFO: invoke successful ! [../cache/cache/load_cache_for] with ["ui_component",{"namespace":"sys","ui_name":"console","ui_deployment":"base"}] !
[2021-04-15 16:36:35] INFO: load_cache_for("ui_route", {"namespace":"sys","ui_name":"console","ui_deployment":"base"}) - success !
[2021-04-15 16:36:35] INFO: load_cache_for("ui_route", {"namespace":"sys","ui_name":"console","ui_deployment":"base"}) - reconcile in 349 sec(s)
[2021-04-15 16:36:35] INFO: invoke successful ! [../cache/cache/load_cache_for] with ["ui_route",{"namespace":"sys","ui_name":"console","ui_deployment":"base"}] !
[2021-04-15 16:36:35] INFO: load_cache_for("ui_component", {"namespace":"sys","ui_name":"demo","ui_deployment":"base"}) - success !
[2021-04-15 16:36:35] INFO: load_cache_for("ui_component", {"namespace":"sys","ui_name":"demo","ui_deployment":"base"}) - reconcile in 349 sec(s)
[2021-04-15 16:36:35] INFO: invoke successful ! [../cache/cache/load_cache_for] with ["ui_component",{"namespace":"sys","ui_name":"demo","ui_deployment":"base"}] !
[2021-04-15 16:36:35] INFO: load_cache_for("ui_route", {"namespace":"sys","ui_name":"demo","ui_deployment":"base"}) - success !
[2021-04-15 16:36:35] INFO: load_cache_for("ui_route", {"namespace":"sys","ui_name":"demo","ui_deployment":"base"}) - reconcile in 267 sec(s)
[2021-04-15 16:36:35] INFO: invoke successful ! [../cache/cache/load_cache_for] with ["ui_route",{"namespace":"sys","ui_name":"demo","ui_deployment":"base"}] !
[2021-04-15 16:36:35] INFO: load_cache_for("ui_component", {"namespace":"sys","ui_name":"service","ui_deployment":"base"}) - success !
[2021-04-15 16:36:35] INFO: load_cache_for("ui_component", {"namespace":"sys","ui_name":"service","ui_deployment":"base"}) - reconcile in 202 sec(s)
[2021-04-15 16:36:35] INFO: invoke successful ! [../cache/cache/load_cache_for] with ["ui_component",{"namespace":"sys","ui_name":"service","ui_deployment":"base"}] !
[2021-04-15 16:36:35] INFO: load_cache_for("ui_route", {"namespace":"sys","ui_name":"service","ui_deployment":"base"}) - success !
[2021-04-15 16:36:35] INFO: load_cache_for("ui_route", {"namespace":"sys","ui_name":"service","ui_deployment":"base"}) - reconcile in 202 sec(s)
[2021-04-15 16:36:35] INFO: invoke successful ! [../cache/cache/load_cache_for] with ["ui_route",{"namespace":"sys","ui_name":"service","ui_deployment":"base"}] !
[2021-04-15 16:36:35] INFO: load_cache_for("ui_component", {"namespace":"sys","ui_name":"ui","ui_deployment":"base"}) - success !
[2021-04-15 16:36:35] INFO: load_cache_for("ui_component", {"namespace":"sys","ui_name":"ui","ui_deployment":"base"}) - reconcile in 223 sec(s)
[2021-04-15 16:36:35] INFO: invoke successful ! [../cache/cache/load_cache_for] with ["ui_component",{"namespace":"sys","ui_name":"ui","ui_deployment":"base"}] !
[2021-04-15 16:36:35] INFO: load_cache_for("ui_route", {"namespace":"sys","ui_name":"ui","ui_deployment":"base"}) - success !
[2021-04-15 16:36:35] INFO: load_cache_for("ui_route", {"namespace":"sys","ui_name":"ui","ui_deployment":"base"}) - reconcile in 202 sec(s)
[2021-04-15 16:36:35] INFO: invoke successful ! [../cache/cache/load_cache_for] with ["ui_route",{"namespace":"sys","ui_name":"ui","ui_deployment":"base"}] !
[2021-04-15 16:36:35] INFO: load_cache_for("ui_deployment", {"namespace":"sys"}) - reconcile in 293 sec(s)
[2021-04-15 16:36:35] INFO: invoke successful ! [../cache/cache/load_cache_for] with ["ui_deployment",{"namespace":"sys"}] !
[2021-04-15 16:36:35] INFO: load_cache_for("namespace", null) - reconcile in 311 sec(s)
[2021-04-15 16:36:36] INFO: found app-x path [app-x/api]
[2021-04-15 16:36:36] INFO: found app-x path [app-x/icon/API]
[2021-04-15 16:36:36] INFO: found app-x path [app-x/icon/Asterisk]
[2021-04-15 16:36:36] INFO: found app-x path [app-x/icon/Bracket]
[2021-04-15 16:36:36] INFO: found app-x path [app-x/icon/Branch]
[2021-04-15 16:36:36] INFO: found app-x path [app-x/icon/Calculator]
[2021-04-15 16:36:36] INFO: found app-x path [app-x/icon/Code]
[2021-04-15 16:36:36] INFO: found app-x path [app-x/icon/Context]
[2021-04-15 16:36:36] INFO: found app-x path [app-x/icon/Css]
[2021-04-15 16:36:36] INFO: found app-x path [app-x/icon/CurlyBracket]
[2021-04-15 16:36:36] INFO: found app-x path [app-x/icon/Database]
[2021-04-15 16:36:36] INFO: found app-x path [app-x/icon/Dialog]
[2021-04-15 16:36:36] INFO: found app-x path [app-x/icon/Effect]
[2021-04-15 16:36:36] INFO: found app-x path [app-x/icon/Facebook]
[2021-04-15 16:36:36] INFO: found app-x path [app-x/icon/Filter]
[2021-04-15 16:36:36] INFO: found app-x path [app-x/icon/Form]
[2021-04-15 16:36:36] INFO: found app-x path [app-x/icon/Function]
[2021-04-15 16:36:36] INFO: found app-x path [app-x/icon/FunctionCall]
[2021-04-15 16:36:36] INFO: found app-x path [app-x/icon/Google]
[2021-04-15 16:36:36] INFO: found app-x path [app-x/icon/Html]
[2021-04-15 16:36:36] INFO: found app-x path [app-x/icon/Import]
[2021-04-15 16:36:36] INFO: found app-x path [app-x/icon/InputCollection]
[2021-04-15 16:36:36] INFO: found app-x path [app-x/icon/InputReset]
[2021-04-15 16:36:36] INFO: found app-x path [app-x/icon/InputRule]
[2021-04-15 16:36:36] INFO: found app-x path [app-x/icon/InputSelect]
[2021-04-15 16:36:36] INFO: found app-x path [app-x/icon/InputSubmit]
[2021-04-15 16:36:36] INFO: found app-x path [app-x/icon/InputSwitch]
[2021-04-15 16:36:36] INFO: found app-x path [app-x/icon/InputTabular]
[2021-04-15 16:36:36] INFO: found app-x path [app-x/icon/InputText]
[2021-04-15 16:36:36] INFO: found app-x path [app-x/icon/InputTextArray]
[2021-04-15 16:36:36] INFO: found app-x path [app-x/icon/Live]
[2021-04-15 16:36:36] INFO: found app-x path [app-x/icon/Pointer]
[2021-04-15 16:36:36] INFO: found app-x path [app-x/icon/Preview]
[2021-04-15 16:36:36] INFO: found app-x path [app-x/icon/Provider]
[2021-04-15 16:36:36] INFO: found app-x path [app-x/icon/React]
[2021-04-15 16:36:36] INFO: found app-x path [app-x/icon/Redo]
[2021-04-15 16:36:36] INFO: found app-x path [app-x/icon/Reset]
[2021-04-15 16:36:36] INFO: found app-x path [app-x/icon/Route]
[2021-04-15 16:36:36] INFO: found app-x path [app-x/icon/Router]
[2021-04-15 16:36:36] INFO: found app-x path [app-x/icon/Save]
[2021-04-15 16:36:36] INFO: found app-x path [app-x/icon/State]
[2021-04-15 16:36:36] INFO: found app-x path [app-x/icon/Style]
[2021-04-15 16:36:36] INFO: found app-x path [app-x/icon/Table]
[2021-04-15 16:36:36] INFO: found app-x path [app-x/icon/TableColumn]
[2021-04-15 16:36:36] INFO: found app-x path [app-x/icon/Text]
[2021-04-15 16:36:36] INFO: found app-x path [app-x/icon/Theme]
[2021-04-15 16:36:36] INFO: found app-x path [app-x/icon/Undo]
[2021-04-15 16:36:36] INFO: found app-x path [app-x/icon/Widget]
[2021-04-15 16:36:36] INFO: found app-x path [app-x/core/Dialog]
[2021-04-15 16:36:36] INFO: found app-x path [app-x/core/Form]
[2021-04-15 16:36:36] INFO: found app-x path [app-x/core/InputCollection]
[2021-04-15 16:36:36] INFO: found app-x path [app-x/core/InputProvider]
[2021-04-15 16:36:36] INFO: found app-x path [app-x/core/InputReset]
[2021-04-15 16:36:36] INFO: found app-x path [app-x/core/InputSelect]
[2021-04-15 16:36:36] INFO: found app-x path [app-x/core/InputSubmit]
[2021-04-15 16:36:36] INFO: found app-x path [app-x/core/InputSwitch]
[2021-04-15 16:36:36] INFO: found app-x path [app-x/core/InputTabular]
[2021-04-15 16:36:36] INFO: found app-x path [app-x/core/InputText]
[2021-04-15 16:36:36] INFO: found app-x path [app-x/core/InputTextArray]
[2021-04-15 16:36:36] INFO: found app-x path [app-x/core/Table]
[2021-04-15 16:36:36] INFO: found app-x path [app-x/route/RouterProvider]
[2021-04-15 16:36:36] INFO: found app-x path [app-x/theme/GlobalStyleProvider]
[2021-04-15 16:36:36] INFO: found app-x path [app-x/theme/dark]
[2021-04-15 16:36:36] INFO: found app-x path [app-x/theme]
[2021-04-15 16:36:36] INFO: found app-x path [app-x/theme/light]
[2021-04-15 16:36:36] INFO: found app-x path [app-x/util/Page]
[2021-04-15 16:36:36] INFO: found app-x path [app-x/util/ThemeBadge]
[2021-04-15 16:36:36] INFO: found app-x path [app-x/util/UserBadge]
[2021-04-15 16:36:36] INFO: found app-x path [app-x/spec/appx_api]
[2021-04-15 16:36:36] INFO: found app-x path [app-x/spec/appx_dialog]
[2021-04-15 16:36:36] INFO: found app-x path [app-x/spec/appx_form]
[2021-04-15 16:36:36] INFO: found app-x path [app-x/spec/appx_input_collection]
[2021-04-15 16:36:36] INFO: found app-x path [app-x/spec/appx_input_reset]
[2021-04-15 16:36:36] INFO: found app-x path [app-x/spec/appx_input_select]
[2021-04-15 16:36:36] INFO: found app-x path [app-x/spec/appx_input_rule]
[2021-04-15 16:36:36] INFO: found app-x path [app-x/spec/appx_input_submit]
[2021-04-15 16:36:36] INFO: found app-x path [app-x/spec/appx_input_switch]
[2021-04-15 16:36:36] INFO: found app-x path [app-x/spec/appx_input_tabular]
[2021-04-15 16:36:36] INFO: found app-x path [app-x/spec/appx_input_text]
[2021-04-15 16:36:36] INFO: found app-x path [app-x/spec/appx_input_textarray]
[2021-04-15 16:36:36] INFO: found app-x path [app-x/spec/appx_table]
[2021-04-15 16:36:36] INFO: found app-x path [app-x/spec/appx_table_column]
[2021-04-15 16:36:36] INFO: found app-x path [app-x/spec/classes]
[2021-04-15 16:36:36] INFO: found app-x path [app-x/spec]
[2021-04-15 16:36:36] INFO: found app-x path [app-x/spec/js_array]
[2021-04-15 16:36:36] INFO: found app-x path [app-x/spec/js_boolean]
[2021-04-15 16:36:36] INFO: found app-x path [app-x/spec/js_call]
[2021-04-15 16:36:36] INFO: found app-x path [app-x/spec/js_condition]
[2021-04-15 16:36:36] INFO: found app-x path [app-x/spec/js_expression]
[2021-04-15 16:36:36] INFO: found app-x path [app-x/spec/js_filter]
[2021-04-15 16:36:36] INFO: found app-x path [app-x/spec/js_function]
[2021-04-15 16:36:36] INFO: found app-x path [app-x/spec/js_import]
[2021-04-15 16:36:36] INFO: found app-x path [app-x/spec/js_map]
[2021-04-15 16:36:36] INFO: found app-x path [app-x/spec/js_null]
[2021-04-15 16:36:36] INFO: found app-x path [app-x/spec/js_number]
[2021-04-15 16:36:36] INFO: found app-x path [app-x/spec/js_object]
[2021-04-15 16:36:36] INFO: found app-x path [app-x/spec/js_reduce]
[2021-04-15 16:36:36] INFO: found app-x path [app-x/spec/js_statement]
[2021-04-15 16:36:36] INFO: found app-x path [app-x/spec/js_string]
[2021-04-15 16:36:36] INFO: found app-x path [app-x/spec/mui_style]
[2021-04-15 16:36:36] INFO: found app-x path [app-x/spec/mui_theme]
[2021-04-15 16:36:36] INFO: found app-x path [app-x/spec/react_context]
[2021-04-15 16:36:36] INFO: found app-x path [app-x/spec/react_effect]
[2021-04-15 16:36:36] INFO: found app-x path [app-x/spec/react_element]
[2021-04-15 16:36:36] INFO: found app-x path [app-x/spec/react_html]
[2021-04-15 16:36:36] INFO: found app-x path [app-x/spec/route_context]
[2021-04-15 16:36:36] INFO: found app-x path [app-x/spec/react_state]
[2021-04-15 16:36:36] INFO: found app-x path [app-x/spec/route_path]
[2021-04-15 16:36:36] INFO: found app-x path [app-x/redux/store]
[2021-04-15 16:36:36] INFO: found app-x path [app-x/redux/reducer]
[2021-04-15 16:36:36] INFO: found app-x path [app-x/redux/reducer/roleReducer]
[2021-04-15 16:36:36] INFO: found app-x path [app-x/redux/reducer/userReducer]
[2021-04-15 16:36:36] INFO: found app-x path [app-x/page/error/NotFoundView]
[2021-04-15 16:36:36] INFO: found app-x path [app-x/page/landing/Unsplash_bg]
[2021-04-15 16:36:36] INFO: found app-x path [app-x/page/landing/YouTube_fs]
[2021-04-15 16:36:36] INFO: found app-x path [app-x/builder/component/AutoSuggest]
[2021-04-15 16:36:36] INFO: found app-x path [app-x/builder/component/ControlledEditor]
[2021-04-15 16:36:36] INFO: found app-x path [app-x/builder/component/InputField]
[2021-04-15 16:36:36] INFO: found app-x path [app-x/builder/component/InputFieldArray]
[2021-04-15 16:36:36] INFO: found app-x path [app-x/builder/component/InputFieldTabular]
[2021-04-15 16:36:36] INFO: found app-x path [app-x/builder/component/InputProperties]
[2021-04-15 16:36:36] INFO: found app-x path [app-x/builder/component/TextFieldArray]
[2021-04-15 16:36:36] INFO: found app-x path [app-x/builder/ui/NavProvider]
[2021-04-15 16:36:36] INFO: found app-x path [app-x/builder/ui/UI_Builder]
[2021-04-15 16:36:36] INFO: found app-x path [app-x/builder/ui/syntax/PreviewProvider]
[2021-04-15 16:36:36] INFO: found app-x path [app-x/builder/ui/syntax/PreviewJson]
[2021-04-15 16:36:36] INFO: found app-x path [app-x/builder/ui/syntax/PreviewSource]
[2021-04-15 16:36:36] INFO: found app-x path [app-x/builder/ui/syntax/PreviewTabs]
[2021-04-15 16:36:36] INFO: found app-x path [app-x/builder/ui/syntax/PreviewYaml]
[2021-04-15 16:36:36] INFO: found app-x path [app-x/builder/ui/syntax/PropEditor]
[2021-04-15 16:36:36] INFO: found app-x path [app-x/builder/ui/syntax/SyntaxAddDialog]
[2021-04-15 16:36:36] INFO: found app-x path [app-x/builder/ui/syntax/SyntaxDeleteDialog]
[2021-04-15 16:36:36] INFO: found app-x path [app-x/builder/ui/syntax/SyntaxMenu]
[2021-04-15 16:36:36] INFO: found app-x path [app-x/builder/ui/syntax/SyntaxMoveDialog]
[2021-04-15 16:36:36] INFO: found app-x path [app-x/builder/ui/syntax/SyntaxTree]
[2021-04-15 16:36:36] INFO: found app-x path [app-x/builder/ui/syntax/SyntaxProvider]
[2021-04-15 16:36:36] INFO: found app-x path [app-x/builder/ui/syntax/TestEditor]
[2021-04-15 16:36:36] INFO: found app-x path [app-x/builder/ui/syntax/YamlEditor]
[2021-04-15 16:36:36] INFO: found app-x path [app-x/builder/ui/syntax/util_base]
[2021-04-15 16:36:36] INFO: found app-x path [app-x/builder/ui/syntax/util_generate]
[2021-04-15 16:36:36] INFO: found app-x path [app-x/builder/ui/syntax/util_parse]
[2021-04-15 16:36:36] INFO: found app-x path [app-x/builder/ui/component/ComponentAddDialog]
[2021-04-15 16:36:36] INFO: found app-x path [app-x/builder/ui/component/ComponentDeleteDialog]
[2021-04-15 16:36:36] INFO: found app-x path [app-x/builder/ui/component/ComponentMenu]
[2021-04-15 16:36:36] INFO: found app-x path [app-x/builder/ui/component/ComponentProvider]
[2021-04-15 16:36:36] INFO: found app-x path [app-x/builder/ui/component/ComponentTree]
[2021-04-15 16:36:36] INFO: found app-x path [app-x/builder/ui/component/util]
[2021-04-15 16:36:36] INFO: found app-x path [app-x/builder/ui/route/RouteAddDialog]
[2021-04-15 16:36:36] INFO: found app-x path [app-x/builder/ui/route/RouteDeleteDialog]
[2021-04-15 16:36:36] INFO: found app-x path [app-x/builder/ui/route/RouteMenu]
[2021-04-15 16:36:36] INFO: found app-x path [app-x/builder/ui/route/RouteProvider]
[2021-04-15 16:36:36] INFO: found app-x path [app-x/builder/ui/route/RouteTree]
[2021-04-15 16:36:36] INFO: found app-x path [app-x/builder/ui/route/util]
[2021-04-15 16:36:36] INFO: loaded API routes for app_deployment [/sys/appx/base]
[2021-04-15 16:36:36] INFO: loaded UI routes for ui_deployment [/sys/console/base]
[2021-04-15 16:36:36] INFO: loaded UI routes for ui_deployment [/sys/auth/base]
[2021-04-15 16:36:36] INFO: loaded UI routes for ui_deployment [/sys/service/base]
[2021-04-15 16:36:36] INFO: loaded UI routes for ui_deployment [/sys/ui/base]
[2021-04-15 16:36:36] INFO: loaded UI routes for ui_deployment [/sys/demo/base]
[2021-04-15 16:36:36] INFO: appx rest api server listening at http://0.0.0.0:3000
[2021-04-15 16:36:53] INFO: user [svc_pp_admin] authenticated successfully ! [10__visa__ldap]
[2021-04-15 16:39:51] INFO: load_cache_for("app_deployment", {"namespace":"sys"}) - success !
[2021-04-15 16:39:51] INFO: load_cache_for("app_deployment", {"namespace":"sys"}) - triggering ...
[2021-04-15 16:39:51] INFO: load_cache_for("object", {"namespace":"sys","app_name":"appx","app_deployment":"base"}) - success !
[2021-04-15 16:39:51] INFO: invoke successful ! [../cache/cache/load_cache_for] with ["object",{"namespace":"sys","app_name":"appx","app_deployment":"base"}] !
[2021-04-15 16:39:51] INFO: load_cache_for("app_deployment", {"namespace":"sys"}) - reconcile in 264 sec(s)
[2021-04-15 16:39:57] INFO: load_cache_for("ui_component", {"namespace":"sys","ui_name":"service","ui_deployment":"base"}) - success !
[2021-04-15 16:39:57] INFO: load_cache_for("ui_component", {"namespace":"sys","ui_name":"service","ui_deployment":"base"}) - reconcile in 287 sec(s)
[2021-04-15 16:39:57] INFO: load_cache_for("ui_route", {"namespace":"sys","ui_name":"ui","ui_deployment":"base"}) - success !
[2021-04-15 16:39:57] INFO: load_cache_for("ui_route", {"namespace":"sys","ui_name":"ui","ui_deployment":"base"}) - reconcile in 223 sec(s)
[2021-04-15 16:39:57] INFO: load_cache_for("ui_route", {"namespace":"sys","ui_name":"service","ui_deployment":"base"}) - success !
[2021-04-15 16:39:57] INFO: load_cache_for("ui_route", {"namespace":"sys","ui_name":"service","ui_deployment":"base"}) - reconcile in 279 sec(s)
[2021-04-15 16:40:05] INFO: load_cache_for("ui_component", {"namespace":"sys","ui_name":"auth","ui_deployment":"base"}) - success !
[2021-04-15 16:40:05] INFO: load_cache_for("ui_component", {"namespace":"sys","ui_name":"auth","ui_deployment":"base"}) - reconcile in 284 sec(s)
[2021-04-15 16:40:18] INFO: load_cache_for("ui_component", {"namespace":"sys","ui_name":"ui","ui_deployment":"base"}) - success !
[2021-04-15 16:40:18] INFO: load_cache_for("ui_component", {"namespace":"sys","ui_name":"ui","ui_deployment":"base"}) - reconcile in 276 sec(s)
[2021-04-15 16:40:42] INFO: load_cache_for("ui_component", {"namespace":"sys","ui_name":"console","ui_deployment":"base"}) - success !
[2021-04-15 16:40:42] INFO: load_cache_for("ui_component", {"namespace":"sys","ui_name":"console","ui_deployment":"base"}) - reconcile in 206 sec(s)
[2021-04-15 16:41:00] INFO: load_cache_for("object", {"namespace":"sys","app_name":"appx","app_deployment":"base"}) - success !
[2021-04-15 16:41:00] INFO: load_cache_for("object", {"namespace":"sys","app_name":"appx","app_deployment":"base"}) - reconcile in 315 sec(s)
[2021-04-15 16:41:02] INFO: load_cache_for("ui_route", {"namespace":"sys","ui_name":"demo","ui_deployment":"base"}) - success !
[2021-04-15 16:41:02] INFO: load_cache_for("ui_route", {"namespace":"sys","ui_name":"demo","ui_deployment":"base"}) - reconcile in 326 sec(s)
[2021-04-15 16:41:04] INFO: load_cache_for("realm", null) - success !
[2021-04-15 16:41:04] INFO: load_cache_for("auth", null) - success !
[2021-04-15 16:41:04] INFO: load_cache_for("namespace", null) - success !
[2021-04-15 16:41:04] INFO: load_cache_for("namespace", null) - triggering ...
[2021-04-15 16:41:04] INFO: load_cache_for("app_runtime", {"namespace":"sys"}) - success !
[2021-04-15 16:41:04] INFO: invoke successful ! [../cache/cache/load_cache_for] with ["app_runtime",{"namespace":"sys"}] !
[2021-04-15 16:41:04] INFO: load_cache_for("app_deployment", {"namespace":"sys"}) - success !
[2021-04-15 16:41:04] INFO: load_cache_for("app_deployment", {"namespace":"sys"}) - triggering ...
[2021-04-15 16:41:04] INFO: load_cache_for("object", {"namespace":"sys","app_name":"appx","app_deployment":"base"}) - success !
[2021-04-15 16:41:04] INFO: invoke successful ! [../cache/cache/load_cache_for] with ["object",{"namespace":"sys","app_name":"appx","app_deployment":"base"}] !
[2021-04-15 16:41:04] INFO: invoke successful ! [../cache/cache/load_cache_for] with ["app_deployment",{"namespace":"sys"}] !
[2021-04-15 16:41:04] INFO: load_cache_for("ui_deployment", {"namespace":"sys"}) - success !
[2021-04-15 16:41:04] INFO: load_cache_for("ui_deployment", {"namespace":"sys"}) - triggering ...
[2021-04-15 16:41:04] INFO: load_cache_for("ui_component", {"namespace":"sys","ui_name":"auth","ui_deployment":"base"}) - success !
[2021-04-15 16:41:04] INFO: invoke successful ! [../cache/cache/load_cache_for] with ["ui_component",{"namespace":"sys","ui_name":"auth","ui_deployment":"base"}] !
[2021-04-15 16:41:04] INFO: load_cache_for("ui_route", {"namespace":"sys","ui_name":"auth","ui_deployment":"base"}) - success !
[2021-04-15 16:41:04] INFO: invoke successful ! [../cache/cache/load_cache_for] with ["ui_route",{"namespace":"sys","ui_name":"auth","ui_deployment":"base"}] !
[2021-04-15 16:41:04] INFO: load_cache_for("ui_component", {"namespace":"sys","ui_name":"console","ui_deployment":"base"}) - success !
[2021-04-15 16:41:04] INFO: invoke successful ! [../cache/cache/load_cache_for] with ["ui_component",{"namespace":"sys","ui_name":"console","ui_deployment":"base"}] !
[2021-04-15 16:41:04] INFO: load_cache_for("ui_route", {"namespace":"sys","ui_name":"console","ui_deployment":"base"}) - success !
[2021-04-15 16:41:04] INFO: invoke successful ! [../cache/cache/load_cache_for] with ["ui_route",{"namespace":"sys","ui_name":"console","ui_deployment":"base"}] !
[2021-04-15 16:41:04] INFO: load_cache_for("ui_component", {"namespace":"sys","ui_name":"demo","ui_deployment":"base"}) - success !
[2021-04-15 16:41:04] INFO: invoke successful ! [../cache/cache/load_cache_for] with ["ui_component",{"namespace":"sys","ui_name":"demo","ui_deployment":"base"}] !
[2021-04-15 16:41:04] INFO: load_cache_for("ui_route", {"namespace":"sys","ui_name":"demo","ui_deployment":"base"}) - success !
[2021-04-15 16:41:04] INFO: invoke successful ! [../cache/cache/load_cache_for] with ["ui_route",{"namespace":"sys","ui_name":"demo","ui_deployment":"base"}] !
[2021-04-15 16:41:04] INFO: load_cache_for("ui_component", {"namespace":"sys","ui_name":"service","ui_deployment":"base"}) - success !
[2021-04-15 16:41:04] INFO: invoke successful ! [../cache/cache/load_cache_for] with ["ui_component",{"namespace":"sys","ui_name":"service","ui_deployment":"base"}] !
[2021-04-15 16:41:04] INFO: load_cache_for("ui_route", {"namespace":"sys","ui_name":"service","ui_deployment":"base"}) - success !
[2021-04-15 16:41:04] INFO: invoke successful ! [../cache/cache/load_cache_for] with ["ui_route",{"namespace":"sys","ui_name":"service","ui_deployment":"base"}] !
[2021-04-15 16:41:04] INFO: load_cache_for("ui_component", {"namespace":"sys","ui_name":"ui","ui_deployment":"base"}) - success !
[2021-04-15 16:41:04] INFO: invoke successful ! [../cache/cache/load_cache_for] with ["ui_component",{"namespace":"sys","ui_name":"ui","ui_deployment":"base"}] !
[2021-04-15 16:41:04] INFO: load_cache_for("ui_route", {"namespace":"sys","ui_name":"ui","ui_deployment":"base"}) - success !
[2021-04-15 16:41:04] INFO: invoke successful ! [../cache/cache/load_cache_for] with ["ui_route",{"namespace":"sys","ui_name":"ui","ui_deployment":"base"}] !
[2021-04-15 16:41:04] INFO: invoke successful ! [../cache/cache/load_cache_for] with ["ui_deployment",{"namespace":"sys"}] !
[2021-04-15 16:41:05] INFO: load_cache_for("auth", null) - success !
[2021-04-15 16:41:05] INFO: load_cache_for("auth", null) - reconcile in 257 sec(s)
[2021-04-15 16:41:18] INFO: load_cache_for("realm", null) - success !
[2021-04-15 16:41:18] INFO: load_cache_for("realm", null) - reconcile in 307 sec(s)
[2021-04-15 16:41:28] INFO: load_cache_for("ui_deployment", {"namespace":"sys"}) - success !
[2021-04-15 16:41:28] INFO: load_cache_for("ui_deployment", {"namespace":"sys"}) - triggering ...
[2021-04-15 16:41:28] INFO: load_cache_for("ui_component", {"namespace":"sys","ui_name":"auth","ui_deployment":"base"}) - success !
[2021-04-15 16:41:28] INFO: invoke successful ! [../cache/cache/load_cache_for] with ["ui_component",{"namespace":"sys","ui_name":"auth","ui_deployment":"base"}] !
[2021-04-15 16:41:28] INFO: load_cache_for("ui_route", {"namespace":"sys","ui_name":"auth","ui_deployment":"base"}) - success !
[2021-04-15 16:41:28] INFO: invoke successful ! [../cache/cache/load_cache_for] with ["ui_route",{"namespace":"sys","ui_name":"auth","ui_deployment":"base"}] !
[2021-04-15 16:41:28] INFO: load_cache_for("ui_component", {"namespace":"sys","ui_name":"console","ui_deployment":"base"}) - success !
[2021-04-15 16:41:28] INFO: invoke successful ! [../cache/cache/load_cache_for] with ["ui_component",{"namespace":"sys","ui_name":"console","ui_deployment":"base"}] !
[2021-04-15 16:41:28] INFO: load_cache_for("ui_route", {"namespace":"sys","ui_name":"console","ui_deployment":"base"}) - success !
[2021-04-15 16:41:28] INFO: invoke successful ! [../cache/cache/load_cache_for] with ["ui_route",{"namespace":"sys","ui_name":"console","ui_deployment":"base"}] !
[2021-04-15 16:41:28] INFO: load_cache_for("ui_component", {"namespace":"sys","ui_name":"demo","ui_deployment":"base"}) - success !
[2021-04-15 16:41:28] INFO: invoke successful ! [../cache/cache/load_cache_for] with ["ui_component",{"namespace":"sys","ui_name":"demo","ui_deployment":"base"}] !
[2021-04-15 16:41:28] INFO: load_cache_for("ui_route", {"namespace":"sys","ui_name":"demo","ui_deployment":"base"}) - success !
[2021-04-15 16:41:28] INFO: invoke successful ! [../cache/cache/load_cache_for] with ["ui_route",{"namespace":"sys","ui_name":"demo","ui_deployment":"base"}] !
[2021-04-15 16:41:28] INFO: load_cache_for("ui_component", {"namespace":"sys","ui_name":"service","ui_deployment":"base"}) - success !
[2021-04-15 16:41:28] INFO: invoke successful ! [../cache/cache/load_cache_for] with ["ui_component",{"namespace":"sys","ui_name":"service","ui_deployment":"base"}] !
[2021-04-15 16:41:28] INFO: load_cache_for("ui_route", {"namespace":"sys","ui_name":"service","ui_deployment":"base"}) - success !
[2021-04-15 16:41:28] INFO: invoke successful ! [../cache/cache/load_cache_for] with ["ui_route",{"namespace":"sys","ui_name":"service","ui_deployment":"base"}] !
[2021-04-15 16:41:28] INFO: load_cache_for("ui_component", {"namespace":"sys","ui_name":"ui","ui_deployment":"base"}) - success !
[2021-04-15 16:41:28] INFO: invoke successful ! [../cache/cache/load_cache_for] with ["ui_component",{"namespace":"sys","ui_name":"ui","ui_deployment":"base"}] !
[2021-04-15 16:41:28] INFO: load_cache_for("ui_route", {"namespace":"sys","ui_name":"ui","ui_deployment":"base"}) - success !
[2021-04-15 16:41:28] INFO: invoke successful ! [../cache/cache/load_cache_for] with ["ui_route",{"namespace":"sys","ui_name":"ui","ui_deployment":"base"}] !
[2021-04-15 16:41:28] INFO: load_cache_for("ui_deployment", {"namespace":"sys"}) - reconcile in 193 sec(s)
[2021-04-15 16:41:29] INFO: load_cache_for("app_runtime", {"namespace":"sys"}) - success !
[2021-04-15 16:41:29] INFO: load_cache_for("app_runtime", {"namespace":"sys"}) - reconcile in 319 sec(s)
[2021-04-15 16:41:46] INFO: load_cache_for("namespace", null) - success !
[2021-04-15 16:41:46] INFO: load_cache_for("namespace", null) - triggering ...
[2021-04-15 16:41:46] INFO: load_cache_for("app_runtime", {"namespace":"sys"}) - success !
[2021-04-15 16:41:46] INFO: invoke successful ! [../cache/cache/load_cache_for] with ["app_runtime",{"namespace":"sys"}] !
[2021-04-15 16:41:46] INFO: load_cache_for("app_deployment", {"namespace":"sys"}) - success !
[2021-04-15 16:41:46] INFO: load_cache_for("app_deployment", {"namespace":"sys"}) - triggering ...
[2021-04-15 16:41:46] INFO: load_cache_for("object", {"namespace":"sys","app_name":"appx","app_deployment":"base"}) - success !
[2021-04-15 16:41:46] INFO: invoke successful ! [../cache/cache/load_cache_for] with ["object",{"namespace":"sys","app_name":"appx","app_deployment":"base"}] !
[2021-04-15 16:41:46] INFO: invoke successful ! [../cache/cache/load_cache_for] with ["app_deployment",{"namespace":"sys"}] !
[2021-04-15 16:41:46] INFO: load_cache_for("ui_deployment", {"namespace":"sys"}) - success !
[2021-04-15 16:41:46] INFO: load_cache_for("ui_deployment", {"namespace":"sys"}) - triggering ...
[2021-04-15 16:41:46] INFO: load_cache_for("ui_component", {"namespace":"sys","ui_name":"auth","ui_deployment":"base"}) - success !
[2021-04-15 16:41:46] INFO: invoke successful ! [../cache/cache/load_cache_for] with ["ui_component",{"namespace":"sys","ui_name":"auth","ui_deployment":"base"}] !
[2021-04-15 16:41:46] INFO: load_cache_for("ui_route", {"namespace":"sys","ui_name":"auth","ui_deployment":"base"}) - success !
[2021-04-15 16:41:46] INFO: invoke successful ! [../cache/cache/load_cache_for] with ["ui_route",{"namespace":"sys","ui_name":"auth","ui_deployment":"base"}] !
[2021-04-15 16:41:46] INFO: load_cache_for("ui_component", {"namespace":"sys","ui_name":"console","ui_deployment":"base"}) - success !
[2021-04-15 16:41:46] INFO: invoke successful ! [../cache/cache/load_cache_for] with ["ui_component",{"namespace":"sys","ui_name":"console","ui_deployment":"base"}] !
[2021-04-15 16:41:46] INFO: load_cache_for("ui_route", {"namespace":"sys","ui_name":"console","ui_deployment":"base"}) - success !
[2021-04-15 16:41:46] INFO: invoke successful ! [../cache/cache/load_cache_for] with ["ui_route",{"namespace":"sys","ui_name":"console","ui_deployment":"base"}] !
[2021-04-15 16:41:46] INFO: load_cache_for("ui_component", {"namespace":"sys","ui_name":"demo","ui_deployment":"base"}) - success !
[2021-04-15 16:41:46] INFO: invoke successful ! [../cache/cache/load_cache_for] with ["ui_component",{"namespace":"sys","ui_name":"demo","ui_deployment":"base"}] !
[2021-04-15 16:41:46] INFO: load_cache_for("ui_route", {"namespace":"sys","ui_name":"demo","ui_deployment":"base"}) - success !
[2021-04-15 16:41:46] INFO: invoke successful ! [../cache/cache/load_cache_for] with ["ui_route",{"namespace":"sys","ui_name":"demo","ui_deployment":"base"}] !
[2021-04-15 16:41:46] INFO: load_cache_for("ui_component", {"namespace":"sys","ui_name":"service","ui_deployment":"base"}) - success !
[2021-04-15 16:41:46] INFO: invoke successful ! [../cache/cache/load_cache_for] with ["ui_component",{"namespace":"sys","ui_name":"service","ui_deployment":"base"}] !
[2021-04-15 16:41:46] INFO: load_cache_for("ui_route", {"namespace":"sys","ui_name":"service","ui_deployment":"base"}) - success !
[2021-04-15 16:41:46] INFO: invoke successful ! [../cache/cache/load_cache_for] with ["ui_route",{"namespace":"sys","ui_name":"service","ui_deployment":"base"}] !
[2021-04-15 16:41:46] INFO: load_cache_for("ui_component", {"namespace":"sys","ui_name":"ui","ui_deployment":"base"}) - success !
[2021-04-15 16:41:46] INFO: invoke successful ! [../cache/cache/load_cache_for] with ["ui_component",{"namespace":"sys","ui_name":"ui","ui_deployment":"base"}] !
[2021-04-15 16:41:46] INFO: load_cache_for("ui_route", {"namespace":"sys","ui_name":"ui","ui_deployment":"base"}) - success !
[2021-04-15 16:41:46] INFO: invoke successful ! [../cache/cache/load_cache_for] with ["ui_route",{"namespace":"sys","ui_name":"ui","ui_deployment":"base"}] !
[2021-04-15 16:41:46] INFO: invoke successful ! [../cache/cache/load_cache_for] with ["ui_deployment",{"namespace":"sys"}] !
[2021-04-15 16:41:46] INFO: load_cache_for("namespace", null) - reconcile in 214 sec(s)
[2021-04-15 16:42:24] INFO: load_cache_for("ui_component", {"namespace":"sys","ui_name":"demo","ui_deployment":"base"}) - success !
[2021-04-15 16:42:24] INFO: load_cache_for("ui_component", {"namespace":"sys","ui_name":"demo","ui_deployment":"base"}) - reconcile in 234 sec(s)
[2021-04-15 16:42:24] INFO: load_cache_for("ui_route", {"namespace":"sys","ui_name":"console","ui_deployment":"base"}) - success !
[2021-04-15 16:42:24] INFO: load_cache_for("ui_route", {"namespace":"sys","ui_name":"console","ui_deployment":"base"}) - reconcile in 300 sec(s)
[2021-04-15 16:42:31] INFO: load_cache_for("ui_route", {"namespace":"sys","ui_name":"auth","ui_deployment":"base"}) - success !
[2021-04-15 16:42:31] INFO: load_cache_for("ui_route", {"namespace":"sys","ui_name":"auth","ui_deployment":"base"}) - reconcile in 359 sec(s)
[2021-04-15 16:43:40] INFO: load_cache_for("ui_route", {"namespace":"sys","ui_name":"ui","ui_deployment":"base"}) - success !
[2021-04-15 16:43:40] INFO: load_cache_for("ui_route", {"namespace":"sys","ui_name":"ui","ui_deployment":"base"}) - reconcile in 262 sec(s)
[2021-04-15 16:44:07] INFO: load_cache_for("ui_component", {"namespace":"sys","ui_name":"console","ui_deployment":"base"}) - success !
[2021-04-15 16:44:07] INFO: load_cache_for("ui_component", {"namespace":"sys","ui_name":"console","ui_deployment":"base"}) - reconcile in 331 sec(s)
[2021-04-15 16:44:15] INFO: load_cache_for("app_deployment", {"namespace":"sys"}) - success !
[2021-04-15 16:44:15] INFO: load_cache_for("app_deployment", {"namespace":"sys"}) - triggering ...
[2021-04-15 16:44:15] INFO: load_cache_for("object", {"namespace":"sys","app_name":"appx","app_deployment":"base"}) - success !
[2021-04-15 16:44:15] INFO: invoke successful ! [../cache/cache/load_cache_for] with ["object",{"namespace":"sys","app_name":"appx","app_deployment":"base"}] !
[2021-04-15 16:44:15] INFO: load_cache_for("app_deployment", {"namespace":"sys"}) - reconcile in 223 sec(s)
[2021-04-15 16:44:37] INFO: load_cache_for("ui_route", {"namespace":"sys","ui_name":"service","ui_deployment":"base"}) - success !
[2021-04-15 16:44:37] INFO: load_cache_for("ui_route", {"namespace":"sys","ui_name":"service","ui_deployment":"base"}) - reconcile in 188 sec(s)
[2021-04-15 16:44:41] INFO: load_cache_for("ui_deployment", {"namespace":"sys"}) - success !
[2021-04-15 16:44:41] INFO: load_cache_for("ui_deployment", {"namespace":"sys"}) - triggering ...
[2021-04-15 16:44:41] INFO: load_cache_for("ui_component", {"namespace":"sys","ui_name":"auth","ui_deployment":"base"}) - success !
[2021-04-15 16:44:41] INFO: invoke successful ! [../cache/cache/load_cache_for] with ["ui_component",{"namespace":"sys","ui_name":"auth","ui_deployment":"base"}] !
[2021-04-15 16:44:41] INFO: load_cache_for("ui_route", {"namespace":"sys","ui_name":"auth","ui_deployment":"base"}) - success !
[2021-04-15 16:44:41] INFO: invoke successful ! [../cache/cache/load_cache_for] with ["ui_route",{"namespace":"sys","ui_name":"auth","ui_deployment":"base"}] !
[2021-04-15 16:44:41] INFO: load_cache_for("ui_component", {"namespace":"sys","ui_name":"console","ui_deployment":"base"}) - success !
[2021-04-15 16:44:41] INFO: invoke successful ! [../cache/cache/load_cache_for] with ["ui_component",{"namespace":"sys","ui_name":"console","ui_deployment":"base"}] !
[2021-04-15 16:44:41] INFO: load_cache_for("ui_route", {"namespace":"sys","ui_name":"console","ui_deployment":"base"}) - success !
[2021-04-15 16:44:41] INFO: invoke successful ! [../cache/cache/load_cache_for] with ["ui_route",{"namespace":"sys","ui_name":"console","ui_deployment":"base"}] !
[2021-04-15 16:44:41] INFO: load_cache_for("ui_component", {"namespace":"sys","ui_name":"demo","ui_deployment":"base"}) - success !
[2021-04-15 16:44:41] INFO: invoke successful ! [../cache/cache/load_cache_for] with ["ui_component",{"namespace":"sys","ui_name":"demo","ui_deployment":"base"}] !
[2021-04-15 16:44:41] INFO: load_cache_for("ui_route", {"namespace":"sys","ui_name":"demo","ui_deployment":"base"}) - success !
[2021-04-15 16:44:41] INFO: invoke successful ! [../cache/cache/load_cache_for] with ["ui_route",{"namespace":"sys","ui_name":"demo","ui_deployment":"base"}] !
[2021-04-15 16:44:41] INFO: load_cache_for("ui_component", {"namespace":"sys","ui_name":"service","ui_deployment":"base"}) - success !
[2021-04-15 16:44:41] INFO: invoke successful ! [../cache/cache/load_cache_for] with ["ui_component",{"namespace":"sys","ui_name":"service","ui_deployment":"base"}] !
[2021-04-15 16:44:41] INFO: load_cache_for("ui_route", {"namespace":"sys","ui_name":"service","ui_deployment":"base"}) - success !
[2021-04-15 16:44:41] INFO: invoke successful ! [../cache/cache/load_cache_for] with ["ui_route",{"namespace":"sys","ui_name":"service","ui_deployment":"base"}] !
[2021-04-15 16:44:41] INFO: load_cache_for("ui_component", {"namespace":"sys","ui_name":"ui","ui_deployment":"base"}) - success !
[2021-04-15 16:44:41] INFO: invoke successful ! [../cache/cache/load_cache_for] with ["ui_component",{"namespace":"sys","ui_name":"ui","ui_deployment":"base"}] !
[2021-04-15 16:44:41] INFO: load_cache_for("ui_route", {"namespace":"sys","ui_name":"ui","ui_deployment":"base"}) - success !
[2021-04-15 16:44:41] INFO: invoke successful ! [../cache/cache/load_cache_for] with ["ui_route",{"namespace":"sys","ui_name":"ui","ui_deployment":"base"}] !
[2021-04-15 16:44:41] INFO: load_cache_for("ui_deployment", {"namespace":"sys"}) - reconcile in 322 sec(s)
[2021-04-15 16:44:44] INFO: load_cache_for("ui_component", {"namespace":"sys","ui_name":"service","ui_deployment":"base"}) - success !
[2021-04-15 16:44:44] INFO: load_cache_for("ui_component", {"namespace":"sys","ui_name":"service","ui_deployment":"base"}) - reconcile in 195 sec(s)
[2021-04-15 16:44:48] INFO: load_cache_for("ui_component", {"namespace":"sys","ui_name":"auth","ui_deployment":"base"}) - success !
[2021-04-15 16:44:48] INFO: load_cache_for("ui_component", {"namespace":"sys","ui_name":"auth","ui_deployment":"base"}) - reconcile in 310 sec(s)
[2021-04-15 16:44:54] INFO: load_cache_for("ui_component", {"namespace":"sys","ui_name":"ui","ui_deployment":"base"}) - success !
[2021-04-15 16:44:54] INFO: load_cache_for("ui_component", {"namespace":"sys","ui_name":"ui","ui_deployment":"base"}) - reconcile in 354 sec(s)
[2021-04-15 16:45:21] INFO: load_cache_for("namespace", null) - success !
[2021-04-15 16:45:21] INFO: load_cache_for("namespace", null) - triggering ...
[2021-04-15 16:45:21] INFO: load_cache_for("app_runtime", {"namespace":"sys"}) - success !
[2021-04-15 16:45:21] INFO: invoke successful ! [../cache/cache/load_cache_for] with ["app_runtime",{"namespace":"sys"}] !
[2021-04-15 16:45:21] INFO: load_cache_for("app_deployment", {"namespace":"sys"}) - success !
[2021-04-15 16:45:21] INFO: load_cache_for("app_deployment", {"namespace":"sys"}) - triggering ...
[2021-04-15 16:45:21] INFO: load_cache_for("object", {"namespace":"sys","app_name":"appx","app_deployment":"base"}) - success !
[2021-04-15 16:45:21] INFO: invoke successful ! [../cache/cache/load_cache_for] with ["object",{"namespace":"sys","app_name":"appx","app_deployment":"base"}] !
[2021-04-15 16:45:21] INFO: invoke successful ! [../cache/cache/load_cache_for] with ["app_deployment",{"namespace":"sys"}] !
[2021-04-15 16:45:21] INFO: load_cache_for("ui_deployment", {"namespace":"sys"}) - success !
[2021-04-15 16:45:21] INFO: load_cache_for("ui_deployment", {"namespace":"sys"}) - triggering ...
[2021-04-15 16:45:21] INFO: load_cache_for("ui_component", {"namespace":"sys","ui_name":"auth","ui_deployment":"base"}) - success !
[2021-04-15 16:45:21] INFO: invoke successful ! [../cache/cache/load_cache_for] with ["ui_component",{"namespace":"sys","ui_name":"auth","ui_deployment":"base"}] !
[2021-04-15 16:45:21] INFO: load_cache_for("ui_route", {"namespace":"sys","ui_name":"auth","ui_deployment":"base"}) - success !
[2021-04-15 16:45:21] INFO: invoke successful ! [../cache/cache/load_cache_for] with ["ui_route",{"namespace":"sys","ui_name":"auth","ui_deployment":"base"}] !
[2021-04-15 16:45:21] INFO: load_cache_for("ui_component", {"namespace":"sys","ui_name":"console","ui_deployment":"base"}) - success !
[2021-04-15 16:45:21] INFO: invoke successful ! [../cache/cache/load_cache_for] with ["ui_component",{"namespace":"sys","ui_name":"console","ui_deployment":"base"}] !
[2021-04-15 16:45:21] INFO: load_cache_for("ui_route", {"namespace":"sys","ui_name":"console","ui_deployment":"base"}) - success !
[2021-04-15 16:45:21] INFO: invoke successful ! [../cache/cache/load_cache_for] with ["ui_route",{"namespace":"sys","ui_name":"console","ui_deployment":"base"}] !
[2021-04-15 16:45:21] INFO: load_cache_for("ui_component", {"namespace":"sys","ui_name":"demo","ui_deployment":"base"}) - success !
[2021-04-15 16:45:21] INFO: invoke successful ! [../cache/cache/load_cache_for] with ["ui_component",{"namespace":"sys","ui_name":"demo","ui_deployment":"base"}] !
[2021-04-15 16:45:21] INFO: load_cache_for("ui_route", {"namespace":"sys","ui_name":"demo","ui_deployment":"base"}) - success !
[2021-04-15 16:45:21] INFO: invoke successful ! [../cache/cache/load_cache_for] with ["ui_route",{"namespace":"sys","ui_name":"demo","ui_deployment":"base"}] !
[2021-04-15 16:45:21] INFO: load_cache_for("ui_component", {"namespace":"sys","ui_name":"service","ui_deployment":"base"}) - success !
[2021-04-15 16:45:21] INFO: invoke successful ! [../cache/cache/load_cache_for] with ["ui_component",{"namespace":"sys","ui_name":"service","ui_deployment":"base"}] !
[2021-04-15 16:45:21] INFO: load_cache_for("ui_route", {"namespace":"sys","ui_name":"service","ui_deployment":"base"}) - success !
[2021-04-15 16:45:21] INFO: invoke successful ! [../cache/cache/load_cache_for] with ["ui_route",{"namespace":"sys","ui_name":"service","ui_deployment":"base"}] !
[2021-04-15 16:45:21] INFO: load_cache_for("ui_component", {"namespace":"sys","ui_name":"ui","ui_deployment":"base"}) - success !
[2021-04-15 16:45:21] INFO: invoke successful ! [../cache/cache/load_cache_for] with ["ui_component",{"namespace":"sys","ui_name":"ui","ui_deployment":"base"}] !
[2021-04-15 16:45:21] INFO: load_cache_for("ui_route", {"namespace":"sys","ui_name":"ui","ui_deployment":"base"}) - success !
[2021-04-15 16:45:21] INFO: invoke successful ! [../cache/cache/load_cache_for] with ["ui_route",{"namespace":"sys","ui_name":"ui","ui_deployment":"base"}] !
[2021-04-15 16:45:21] INFO: invoke successful ! [../cache/cache/load_cache_for] with ["ui_deployment",{"namespace":"sys"}] !
[2021-04-15 16:45:21] INFO: load_cache_for("namespace", null) - reconcile in 292 sec(s)
[2021-04-15 16:45:23] INFO: load_cache_for("auth", null) - success !
[2021-04-15 16:45:23] INFO: load_cache_for("auth", null) - reconcile in 192 sec(s)
[2021-04-15 16:45:38] INFO: load_cache_for("realm", null) - success !
[2021-04-15 16:45:38] INFO: load_cache_for("auth", null) - success !
[2021-04-15 16:45:38] INFO: load_cache_for("namespace", null) - success !
[2021-04-15 16:45:38] INFO: load_cache_for("namespace", null) - triggering ...
[2021-04-15 16:45:38] INFO: load_cache_for("app_runtime", {"namespace":"sys"}) - success !
[2021-04-15 16:45:38] INFO: invoke successful ! [../cache/cache/load_cache_for] with ["app_runtime",{"namespace":"sys"}] !
[2021-04-15 16:45:38] INFO: load_cache_for("app_deployment", {"namespace":"sys"}) - success !
[2021-04-15 16:45:38] INFO: load_cache_for("app_deployment", {"namespace":"sys"}) - triggering ...
[2021-04-15 16:45:38] INFO: load_cache_for("object", {"namespace":"sys","app_name":"appx","app_deployment":"base"}) - success !
[2021-04-15 16:45:38] INFO: invoke successful ! [../cache/cache/load_cache_for] with ["object",{"namespace":"sys","app_name":"appx","app_deployment":"base"}] !
[2021-04-15 16:45:38] INFO: invoke successful ! [../cache/cache/load_cache_for] with ["app_deployment",{"namespace":"sys"}] !
[2021-04-15 16:45:38] INFO: load_cache_for("ui_deployment", {"namespace":"sys"}) - success !
[2021-04-15 16:45:38] INFO: load_cache_for("ui_deployment", {"namespace":"sys"}) - triggering ...
[2021-04-15 16:45:38] INFO: load_cache_for("ui_component", {"namespace":"sys","ui_name":"auth","ui_deployment":"base"}) - success !
[2021-04-15 16:45:38] INFO: invoke successful ! [../cache/cache/load_cache_for] with ["ui_component",{"namespace":"sys","ui_name":"auth","ui_deployment":"base"}] !
[2021-04-15 16:45:38] INFO: load_cache_for("ui_route", {"namespace":"sys","ui_name":"auth","ui_deployment":"base"}) - success !
[2021-04-15 16:45:38] INFO: invoke successful ! [../cache/cache/load_cache_for] with ["ui_route",{"namespace":"sys","ui_name":"auth","ui_deployment":"base"}] !
[2021-04-15 16:45:38] INFO: load_cache_for("ui_component", {"namespace":"sys","ui_name":"console","ui_deployment":"base"}) - success !
[2021-04-15 16:45:38] INFO: invoke successful ! [../cache/cache/load_cache_for] with ["ui_component",{"namespace":"sys","ui_name":"console","ui_deployment":"base"}] !
[2021-04-15 16:45:38] INFO: load_cache_for("ui_route", {"namespace":"sys","ui_name":"console","ui_deployment":"base"}) - success !
[2021-04-15 16:45:38] INFO: invoke successful ! [../cache/cache/load_cache_for] with ["ui_route",{"namespace":"sys","ui_name":"console","ui_deployment":"base"}] !
[2021-04-15 16:45:38] INFO: load_cache_for("ui_component", {"namespace":"sys","ui_name":"demo","ui_deployment":"base"}) - success !
[2021-04-15 16:45:38] INFO: invoke successful ! [../cache/cache/load_cache_for] with ["ui_component",{"namespace":"sys","ui_name":"demo","ui_deployment":"base"}] !
[2021-04-15 16:45:38] INFO: load_cache_for("ui_route", {"namespace":"sys","ui_name":"demo","ui_deployment":"base"}) - success !
[2021-04-15 16:45:38] INFO: invoke successful ! [../cache/cache/load_cache_for] with ["ui_route",{"namespace":"sys","ui_name":"demo","ui_deployment":"base"}] !
[2021-04-15 16:45:38] INFO: load_cache_for("ui_component", {"namespace":"sys","ui_name":"service","ui_deployment":"base"}) - success !
[2021-04-15 16:45:38] INFO: invoke successful ! [../cache/cache/load_cache_for] with ["ui_component",{"namespace":"sys","ui_name":"service","ui_deployment":"base"}] !
[2021-04-15 16:45:38] INFO: load_cache_for("ui_route", {"namespace":"sys","ui_name":"service","ui_deployment":"base"}) - success !
[2021-04-15 16:45:38] INFO: invoke successful ! [../cache/cache/load_cache_for] with ["ui_route",{"namespace":"sys","ui_name":"service","ui_deployment":"base"}] !
[2021-04-15 16:45:38] INFO: load_cache_for("ui_component", {"namespace":"sys","ui_name":"ui","ui_deployment":"base"}) - success !
[2021-04-15 16:45:38] INFO: invoke successful ! [../cache/cache/load_cache_for] with ["ui_component",{"namespace":"sys","ui_name":"ui","ui_deployment":"base"}] !
[2021-04-15 16:45:38] INFO: load_cache_for("ui_route", {"namespace":"sys","ui_name":"ui","ui_deployment":"base"}) - success !
[2021-04-15 16:45:38] INFO: invoke successful ! [../cache/cache/load_cache_for] with ["ui_route",{"namespace":"sys","ui_name":"ui","ui_deployment":"base"}] !
[2021-04-15 16:45:38] INFO: invoke successful ! [../cache/cache/load_cache_for] with ["ui_deployment",{"namespace":"sys"}] !
[2021-04-15 16:46:15] INFO: load_cache_for("object", {"namespace":"sys","app_name":"appx","app_deployment":"base"}) - success !
[2021-04-15 16:46:15] INFO: load_cache_for("object", {"namespace":"sys","app_name":"appx","app_deployment":"base"}) - reconcile in 208 sec(s)
[2021-04-15 16:46:18] INFO: load_cache_for("ui_component", {"namespace":"sys","ui_name":"demo","ui_deployment":"base"}) - success !
[2021-04-15 16:46:18] INFO: load_cache_for("ui_component", {"namespace":"sys","ui_name":"demo","ui_deployment":"base"}) - reconcile in 261 sec(s)
[2021-04-15 16:46:25] INFO: load_cache_for("realm", null) - success !
[2021-04-15 16:46:25] INFO: load_cache_for("realm", null) - reconcile in 334 sec(s)
[2021-04-15 16:46:28] INFO: load_cache_for("ui_route", {"namespace":"sys","ui_name":"demo","ui_deployment":"base"}) - success !
[2021-04-15 16:46:28] INFO: load_cache_for("ui_route", {"namespace":"sys","ui_name":"demo","ui_deployment":"base"}) - reconcile in 277 sec(s)
[2021-04-15 16:46:48] INFO: load_cache_for("app_runtime", {"namespace":"sys"}) - success !
[2021-04-15 16:46:48] INFO: load_cache_for("app_runtime", {"namespace":"sys"}) - reconcile in 244 sec(s)
[2021-04-15 16:47:25] INFO: load_cache_for("ui_route", {"namespace":"sys","ui_name":"console","ui_deployment":"base"}) - success !
[2021-04-15 16:47:25] INFO: load_cache_for("ui_route", {"namespace":"sys","ui_name":"console","ui_deployment":"base"}) - reconcile in 263 sec(s)
[2021-04-15 16:47:45] INFO: load_cache_for("ui_route", {"namespace":"sys","ui_name":"service","ui_deployment":"base"}) - success !
[2021-04-15 16:47:45] INFO: load_cache_for("ui_route", {"namespace":"sys","ui_name":"service","ui_deployment":"base"}) - reconcile in 234 sec(s)
[2021-04-15 16:47:58] INFO: load_cache_for("app_deployment", {"namespace":"sys"}) - success !
[2021-04-15 16:47:58] INFO: load_cache_for("app_deployment", {"namespace":"sys"}) - triggering ...
[2021-04-15 16:47:58] INFO: load_cache_for("object", {"namespace":"sys","app_name":"appx","app_deployment":"base"}) - success !
[2021-04-15 16:47:58] INFO: invoke successful ! [../cache/cache/load_cache_for] with ["object",{"namespace":"sys","app_name":"appx","app_deployment":"base"}] !
[2021-04-15 16:47:58] INFO: load_cache_for("app_deployment", {"namespace":"sys"}) - reconcile in 252 sec(s)
[2021-04-15 16:48:00] INFO: load_cache_for("ui_component", {"namespace":"sys","ui_name":"service","ui_deployment":"base"}) - success !
[2021-04-15 16:48:00] INFO: load_cache_for("ui_component", {"namespace":"sys","ui_name":"service","ui_deployment":"base"}) - reconcile in 270 sec(s)
[2021-04-15 16:48:03] INFO: load_cache_for("ui_route", {"namespace":"sys","ui_name":"ui","ui_deployment":"base"}) - success !
[2021-04-15 16:48:03] INFO: load_cache_for("ui_route", {"namespace":"sys","ui_name":"ui","ui_deployment":"base"}) - reconcile in 253 sec(s)
[2021-04-15 16:48:30] INFO: load_cache_for("ui_route", {"namespace":"sys","ui_name":"auth","ui_deployment":"base"}) - success !
[2021-04-15 16:48:30] INFO: load_cache_for("ui_route", {"namespace":"sys","ui_name":"auth","ui_deployment":"base"}) - reconcile in 310 sec(s)
[2021-04-15 16:48:35] INFO: load_cache_for("auth", null) - success !
[2021-04-15 16:48:35] INFO: load_cache_for("auth", null) - reconcile in 308 sec(s)
[2021-04-15 16:49:38] INFO: load_cache_for("ui_component", {"namespace":"sys","ui_name":"console","ui_deployment":"base"}) - success !
[2021-04-15 16:49:38] INFO: load_cache_for("ui_component", {"namespace":"sys","ui_name":"console","ui_deployment":"base"}) - reconcile in 358 sec(s)
[2021-04-15 16:49:43] INFO: load_cache_for("object", {"namespace":"sys","app_name":"appx","app_deployment":"base"}) - success !
[2021-04-15 16:49:43] INFO: load_cache_for("object", {"namespace":"sys","app_name":"appx","app_deployment":"base"}) - reconcile in 293 sec(s)
[2021-04-15 16:49:58] INFO: load_cache_for("ui_component", {"namespace":"sys","ui_name":"auth","ui_deployment":"base"}) - success !
[2021-04-15 16:49:58] INFO: load_cache_for("ui_component", {"namespace":"sys","ui_name":"auth","ui_deployment":"base"}) - reconcile in 305 sec(s)
[2021-04-15 16:50:03] INFO: load_cache_for("ui_deployment", {"namespace":"sys"}) - success !
[2021-04-15 16:50:03] INFO: load_cache_for("ui_deployment", {"namespace":"sys"}) - triggering ...
[2021-04-15 16:50:03] INFO: load_cache_for("ui_component", {"namespace":"sys","ui_name":"auth","ui_deployment":"base"}) - success !
[2021-04-15 16:50:03] INFO: invoke successful ! [../cache/cache/load_cache_for] with ["ui_component",{"namespace":"sys","ui_name":"auth","ui_deployment":"base"}] !
[2021-04-15 16:50:03] INFO: load_cache_for("ui_route", {"namespace":"sys","ui_name":"auth","ui_deployment":"base"}) - success !
[2021-04-15 16:50:03] INFO: invoke successful ! [../cache/cache/load_cache_for] with ["ui_route",{"namespace":"sys","ui_name":"auth","ui_deployment":"base"}] !
[2021-04-15 16:50:03] INFO: load_cache_for("ui_component", {"namespace":"sys","ui_name":"console","ui_deployment":"base"}) - success !
[2021-04-15 16:50:03] INFO: invoke successful ! [../cache/cache/load_cache_for] with ["ui_component",{"namespace":"sys","ui_name":"console","ui_deployment":"base"}] !
[2021-04-15 16:50:03] INFO: load_cache_for("ui_route", {"namespace":"sys","ui_name":"console","ui_deployment":"base"}) - success !
[2021-04-15 16:50:03] INFO: invoke successful ! [../cache/cache/load_cache_for] with ["ui_route",{"namespace":"sys","ui_name":"console","ui_deployment":"base"}] !
[2021-04-15 16:50:03] INFO: load_cache_for("ui_component", {"namespace":"sys","ui_name":"demo","ui_deployment":"base"}) - success !
[2021-04-15 16:50:03] INFO: invoke successful ! [../cache/cache/load_cache_for] with ["ui_component",{"namespace":"sys","ui_name":"demo","ui_deployment":"base"}] !
[2021-04-15 16:50:03] INFO: load_cache_for("ui_route", {"namespace":"sys","ui_name":"demo","ui_deployment":"base"}) - success !
[2021-04-15 16:50:03] INFO: invoke successful ! [../cache/cache/load_cache_for] with ["ui_route",{"namespace":"sys","ui_name":"demo","ui_deployment":"base"}] !
[2021-04-15 16:50:03] INFO: load_cache_for("ui_component", {"namespace":"sys","ui_name":"service","ui_deployment":"base"}) - success !
[2021-04-15 16:50:03] INFO: invoke successful ! [../cache/cache/load_cache_for] with ["ui_component",{"namespace":"sys","ui_name":"service","ui_deployment":"base"}] !
[2021-04-15 16:50:03] INFO: load_cache_for("ui_route", {"namespace":"sys","ui_name":"service","ui_deployment":"base"}) - success !
[2021-04-15 16:50:03] INFO: invoke successful ! [../cache/cache/load_cache_for] with ["ui_route",{"namespace":"sys","ui_name":"service","ui_deployment":"base"}] !
[2021-04-15 16:50:03] INFO: load_cache_for("ui_component", {"namespace":"sys","ui_name":"ui","ui_deployment":"base"}) - success !
[2021-04-15 16:50:03] INFO: invoke successful ! [../cache/cache/load_cache_for] with ["ui_component",{"namespace":"sys","ui_name":"ui","ui_deployment":"base"}] !
[2021-04-15 16:50:03] INFO: load_cache_for("ui_route", {"namespace":"sys","ui_name":"ui","ui_deployment":"base"}) - success !
[2021-04-15 16:50:03] INFO: invoke successful ! [../cache/cache/load_cache_for] with ["ui_route",{"namespace":"sys","ui_name":"ui","ui_deployment":"base"}] !
[2021-04-15 16:50:03] INFO: load_cache_for("ui_deployment", {"namespace":"sys"}) - reconcile in 190 sec(s)
[2021-04-15 16:50:13] INFO: load_cache_for("namespace", null) - success !
[2021-04-15 16:50:13] INFO: load_cache_for("namespace", null) - triggering ...
[2021-04-15 16:50:13] INFO: load_cache_for("app_runtime", {"namespace":"sys"}) - success !
[2021-04-15 16:50:13] INFO: invoke successful ! [../cache/cache/load_cache_for] with ["app_runtime",{"namespace":"sys"}] !
[2021-04-15 16:50:13] INFO: load_cache_for("app_deployment", {"namespace":"sys"}) - success !
[2021-04-15 16:50:13] INFO: load_cache_for("app_deployment", {"namespace":"sys"}) - triggering ...
[2021-04-15 16:50:13] INFO: load_cache_for("object", {"namespace":"sys","app_name":"appx","app_deployment":"base"}) - success !
[2021-04-15 16:50:13] INFO: invoke successful ! [../cache/cache/load_cache_for] with ["object",{"namespace":"sys","app_name":"appx","app_deployment":"base"}] !
[2021-04-15 16:50:13] INFO: invoke successful ! [../cache/cache/load_cache_for] with ["app_deployment",{"namespace":"sys"}] !
[2021-04-15 16:50:13] INFO: load_cache_for("ui_deployment", {"namespace":"sys"}) - success !
[2021-04-15 16:50:13] INFO: load_cache_for("ui_deployment", {"namespace":"sys"}) - triggering ...
[2021-04-15 16:50:13] INFO: load_cache_for("ui_component", {"namespace":"sys","ui_name":"auth","ui_deployment":"base"}) - success !
[2021-04-15 16:50:13] INFO: invoke successful ! [../cache/cache/load_cache_for] with ["ui_component",{"namespace":"sys","ui_name":"auth","ui_deployment":"base"}] !
[2021-04-15 16:50:13] INFO: load_cache_for("ui_route", {"namespace":"sys","ui_name":"auth","ui_deployment":"base"}) - success !
[2021-04-15 16:50:13] INFO: invoke successful ! [../cache/cache/load_cache_for] with ["ui_route",{"namespace":"sys","ui_name":"auth","ui_deployment":"base"}] !
[2021-04-15 16:50:13] INFO: load_cache_for("ui_component", {"namespace":"sys","ui_name":"console","ui_deployment":"base"}) - success !
[2021-04-15 16:50:13] INFO: invoke successful ! [../cache/cache/load_cache_for] with ["ui_component",{"namespace":"sys","ui_name":"console","ui_deployment":"base"}] !
[2021-04-15 16:50:13] INFO: load_cache_for("ui_route", {"namespace":"sys","ui_name":"console","ui_deployment":"base"}) - success !
[2021-04-15 16:50:13] INFO: invoke successful ! [../cache/cache/load_cache_for] with ["ui_route",{"namespace":"sys","ui_name":"console","ui_deployment":"base"}] !
[2021-04-15 16:50:13] INFO: load_cache_for("ui_component", {"namespace":"sys","ui_name":"demo","ui_deployment":"base"}) - success !
[2021-04-15 16:50:13] INFO: invoke successful ! [../cache/cache/load_cache_for] with ["ui_component",{"namespace":"sys","ui_name":"demo","ui_deployment":"base"}] !
[2021-04-15 16:50:13] INFO: load_cache_for("ui_route", {"namespace":"sys","ui_name":"demo","ui_deployment":"base"}) - success !
[2021-04-15 16:50:13] INFO: invoke successful ! [../cache/cache/load_cache_for] with ["ui_route",{"namespace":"sys","ui_name":"demo","ui_deployment":"base"}] !
[2021-04-15 16:50:13] INFO: load_cache_for("ui_component", {"namespace":"sys","ui_name":"service","ui_deployment":"base"}) - success !
[2021-04-15 16:50:13] INFO: invoke successful ! [../cache/cache/load_cache_for] with ["ui_component",{"namespace":"sys","ui_name":"service","ui_deployment":"base"}] !
[2021-04-15 16:50:13] INFO: load_cache_for("ui_route", {"namespace":"sys","ui_name":"service","ui_deployment":"base"}) - success !
[2021-04-15 16:50:13] INFO: invoke successful ! [../cache/cache/load_cache_for] with ["ui_route",{"namespace":"sys","ui_name":"service","ui_deployment":"base"}] !
[2021-04-15 16:50:13] INFO: load_cache_for("ui_component", {"namespace":"sys","ui_name":"ui","ui_deployment":"base"}) - success !
[2021-04-15 16:50:13] INFO: invoke successful ! [../cache/cache/load_cache_for] with ["ui_component",{"namespace":"sys","ui_name":"ui","ui_deployment":"base"}] !
[2021-04-15 16:50:13] INFO: load_cache_for("ui_route", {"namespace":"sys","ui_name":"ui","ui_deployment":"base"}) - success !
[2021-04-15 16:50:13] INFO: invoke successful ! [../cache/cache/load_cache_for] with ["ui_route",{"namespace":"sys","ui_name":"ui","ui_deployment":"base"}] !
[2021-04-15 16:50:13] INFO: invoke successful ! [../cache/cache/load_cache_for] with ["ui_deployment",{"namespace":"sys"}] !
[2021-04-15 16:50:13] INFO: load_cache_for("namespace", null) - reconcile in 213 sec(s)
[2021-04-15 16:50:30] INFO: load_cache_for("realm", null) - success !
[2021-04-15 16:50:30] INFO: load_cache_for("auth", null) - success !
[2021-04-15 16:50:30] INFO: load_cache_for("namespace", null) - success !
[2021-04-15 16:50:30] INFO: load_cache_for("namespace", null) - triggering ...
[2021-04-15 16:50:30] INFO: load_cache_for("app_runtime", {"namespace":"sys"}) - success !
[2021-04-15 16:50:30] INFO: invoke successful ! [../cache/cache/load_cache_for] with ["app_runtime",{"namespace":"sys"}] !
[2021-04-15 16:50:30] INFO: load_cache_for("app_deployment", {"namespace":"sys"}) - success !
[2021-04-15 16:50:30] INFO: load_cache_for("app_deployment", {"namespace":"sys"}) - triggering ...
[2021-04-15 16:50:30] INFO: load_cache_for("object", {"namespace":"sys","app_name":"appx","app_deployment":"base"}) - success !
[2021-04-15 16:50:30] INFO: invoke successful ! [../cache/cache/load_cache_for] with ["object",{"namespace":"sys","app_name":"appx","app_deployment":"base"}] !
[2021-04-15 16:50:30] INFO: invoke successful ! [../cache/cache/load_cache_for] with ["app_deployment",{"namespace":"sys"}] !
[2021-04-15 16:50:30] INFO: load_cache_for("ui_deployment", {"namespace":"sys"}) - success !
[2021-04-15 16:50:30] INFO: load_cache_for("ui_deployment", {"namespace":"sys"}) - triggering ...
[2021-04-15 16:50:30] INFO: load_cache_for("ui_component", {"namespace":"sys","ui_name":"auth","ui_deployment":"base"}) - success !
[2021-04-15 16:50:30] INFO: invoke successful ! [../cache/cache/load_cache_for] with ["ui_component",{"namespace":"sys","ui_name":"auth","ui_deployment":"base"}] !
[2021-04-15 16:50:30] INFO: load_cache_for("ui_route", {"namespace":"sys","ui_name":"auth","ui_deployment":"base"}) - success !
[2021-04-15 16:50:30] INFO: invoke successful ! [../cache/cache/load_cache_for] with ["ui_route",{"namespace":"sys","ui_name":"auth","ui_deployment":"base"}] !
[2021-04-15 16:50:30] INFO: load_cache_for("ui_component", {"namespace":"sys","ui_name":"console","ui_deployment":"base"}) - success !
[2021-04-15 16:50:30] INFO: invoke successful ! [../cache/cache/load_cache_for] with ["ui_component",{"namespace":"sys","ui_name":"console","ui_deployment":"base"}] !
[2021-04-15 16:50:30] INFO: load_cache_for("ui_route", {"namespace":"sys","ui_name":"console","ui_deployment":"base"}) - success !
[2021-04-15 16:50:30] INFO: invoke successful ! [../cache/cache/load_cache_for] with ["ui_route",{"namespace":"sys","ui_name":"console","ui_deployment":"base"}] !
[2021-04-15 16:50:30] INFO: load_cache_for("ui_component", {"namespace":"sys","ui_name":"demo","ui_deployment":"base"}) - success !
[2021-04-15 16:50:30] INFO: invoke successful ! [../cache/cache/load_cache_for] with ["ui_component",{"namespace":"sys","ui_name":"demo","ui_deployment":"base"}] !
[2021-04-15 16:50:30] INFO: load_cache_for("ui_route", {"namespace":"sys","ui_name":"demo","ui_deployment":"base"}) - success !
[2021-04-15 16:50:30] INFO: invoke successful ! [../cache/cache/load_cache_for] with ["ui_route",{"namespace":"sys","ui_name":"demo","ui_deployment":"base"}] !
[2021-04-15 16:50:30] INFO: load_cache_for("ui_component", {"namespace":"sys","ui_name":"service","ui_deployment":"base"}) - success !
[2021-04-15 16:50:30] INFO: invoke successful ! [../cache/cache/load_cache_for] with ["ui_component",{"namespace":"sys","ui_name":"service","ui_deployment":"base"}] !
[2021-04-15 16:50:30] INFO: load_cache_for("ui_route", {"namespace":"sys","ui_name":"service","ui_deployment":"base"}) - success !
[2021-04-15 16:50:30] INFO: invoke successful ! [../cache/cache/load_cache_for] with ["ui_route",{"namespace":"sys","ui_name":"service","ui_deployment":"base"}] !
[2021-04-15 16:50:30] INFO: load_cache_for("ui_component", {"namespace":"sys","ui_name":"ui","ui_deployment":"base"}) - success !
[2021-04-15 16:50:30] INFO: invoke successful ! [../cache/cache/load_cache_for] with ["ui_component",{"namespace":"sys","ui_name":"ui","ui_deployment":"base"}] !
[2021-04-15 16:50:30] INFO: load_cache_for("ui_route", {"namespace":"sys","ui_name":"ui","ui_deployment":"base"}) - success !
[2021-04-15 16:50:30] INFO: invoke successful ! [../cache/cache/load_cache_for] with ["ui_route",{"namespace":"sys","ui_name":"ui","ui_deployment":"base"}] !
[2021-04-15 16:50:30] INFO: invoke successful ! [../cache/cache/load_cache_for] with ["ui_deployment",{"namespace":"sys"}] !
[2021-04-15 16:50:39] INFO: load_cache_for("ui_component", {"namespace":"sys","ui_name":"demo","ui_deployment":"base"}) - success !
[2021-04-15 16:50:39] INFO: load_cache_for("ui_component", {"namespace":"sys","ui_name":"demo","ui_deployment":"base"}) - reconcile in 198 sec(s)
[2021-04-15 16:50:48] INFO: load_cache_for("ui_component", {"namespace":"sys","ui_name":"ui","ui_deployment":"base"}) - success !
[2021-04-15 16:50:48] INFO: load_cache_for("ui_component", {"namespace":"sys","ui_name":"ui","ui_deployment":"base"}) - reconcile in 246 sec(s)
[2021-04-15 16:50:52] INFO: load_cache_for("app_runtime", {"namespace":"sys"}) - success !
[2021-04-15 16:50:52] INFO: load_cache_for("app_runtime", {"namespace":"sys"}) - reconcile in 329 sec(s)
[2021-04-15 16:51:05] INFO: load_cache_for("ui_route", {"namespace":"sys","ui_name":"demo","ui_deployment":"base"}) - success !
[2021-04-15 16:51:05] INFO: load_cache_for("ui_route", {"namespace":"sys","ui_name":"demo","ui_deployment":"base"}) - reconcile in 343 sec(s)
[2021-04-15 16:51:39] INFO: load_cache_for("ui_route", {"namespace":"sys","ui_name":"service","ui_deployment":"base"}) - success !
[2021-04-15 16:51:39] INFO: load_cache_for("ui_route", {"namespace":"sys","ui_name":"service","ui_deployment":"base"}) - reconcile in 199 sec(s)
[2021-04-15 16:51:48] INFO: load_cache_for("ui_route", {"namespace":"sys","ui_name":"console","ui_deployment":"base"}) - success !
[2021-04-15 16:51:48] INFO: load_cache_for("ui_route", {"namespace":"sys","ui_name":"console","ui_deployment":"base"}) - reconcile in 336 sec(s)
[2021-04-15 16:51:59] INFO: load_cache_for("realm", null) - success !
[2021-04-15 16:51:59] INFO: load_cache_for("realm", null) - reconcile in 254 sec(s)
events.js:292
      throw er; // Unhandled 'error' event
      ^

Error: read ECONNRESET
    at TCP.onStreamRead (internal/stream_base_commons.js:209:20)
Emitted 'error' event on Client instance at:
    at Socket.onSocketError (/Users/shiwabal/go/src/github.trusted.visa.com/parsec/poodle-appx/app/node_modules/ldapjs/lib/client/client.js:964:12)
    at Socket.emit (events.js:315:20)
    at emitErrorNT (internal/streams/destroy.js:106:8)
    at emitErrorCloseNT (internal/streams/destroy.js:74:3)
    at processTicksAndRejections (internal/process/task_queues.js:80:21) {
  errno: -54,
  code: 'ECONNRESET',
  syscall: 'read'
}
