[2021-04-19 13:35:52] INFO: [DB POOL] connecting to localhost
[2021-04-19 13:35:52] INFO: appx_spec [classes] [
  'string',    'number',
  'boolean',   'null',
  'primitive', 'array',
  'object',    'expression',
  'statement', 'jsx',
  'any'
]
[2021-04-19 13:35:52] INFO: appx_spec [types] [
  'react/element',         'react/html',
  'react/state',           'react/effect',
  'react/context',         'appx/form',
  'appx/dialog',           'appx/input/text',
  'appx/input/textarray',  'appx/input/switch',
  'appx/input/select',     'appx/input/tabular',
  'appx/input/collection', 'appx/input/submit',
  'appx/input/reset',      'appx/input/rule',
  'appx/table',            'appx/table/column',
  'js/null',               'js/string',
  'js/number',             'js/boolean',
  'js/object',             'js/array',
  'js/import',             'js/expression',
  'js/statement',          'js/function',
  'js/call',               'js/condition',
  'js/map',                'js/reduce',
  'js/filter',             'mui/style',
  'mui/theme',             'route/path',
  'route/context',         'appx/api'
]
[2021-04-19 13:35:52] INFO: load_cache_for("realm", null) - success !
[2021-04-19 13:35:52] INFO: load_cache_for("realm", null) - reconcile in 245 sec(s)
[2021-04-19 13:35:52] INFO: load_cache_for("auth", null) - success !
[2021-04-19 13:35:52] INFO: load_cache_for("auth", null) - reconcile in 312 sec(s)
[2021-04-19 13:35:52] INFO: load_cache_for("namespace", null) - success !
[2021-04-19 13:35:52] INFO: load_cache_for("namespace", null) - triggering ...
[2021-04-19 13:35:52] INFO: load_cache_for("app_runtime", {"namespace":"sys"}) - success !
[2021-04-19 13:35:52] INFO: load_cache_for("app_runtime", {"namespace":"sys"}) - reconcile in 282 sec(s)
[2021-04-19 13:35:52] INFO: invoke successful ! [../cache/cache/load_cache_for] with ["app_runtime",{"namespace":"sys"}] !
[2021-04-19 13:35:52] INFO: load_cache_for("app_deployment", {"namespace":"sys"}) - success !
[2021-04-19 13:35:52] INFO: load_cache_for("app_deployment", {"namespace":"sys"}) - triggering ...
[2021-04-19 13:35:52] INFO: load_cache_for("object", {"namespace":"sys","app_name":"appx","app_deployment":"base"}) - success !
[2021-04-19 13:35:52] INFO: load_cache_for("object", {"namespace":"sys","app_name":"appx","app_deployment":"base"}) - reconcile in 213 sec(s)
[2021-04-19 13:35:52] INFO: invoke successful ! [../cache/cache/load_cache_for] with ["object",{"namespace":"sys","app_name":"appx","app_deployment":"base"}] !
[2021-04-19 13:35:52] INFO: load_cache_for("app_deployment", {"namespace":"sys"}) - reconcile in 259 sec(s)
[2021-04-19 13:35:52] INFO: invoke successful ! [../cache/cache/load_cache_for] with ["app_deployment",{"namespace":"sys"}] !
[2021-04-19 13:35:52] INFO: load_cache_for("ui_deployment", {"namespace":"sys"}) - success !
[2021-04-19 13:35:52] INFO: load_cache_for("ui_deployment", {"namespace":"sys"}) - triggering ...
[2021-04-19 13:35:52] INFO: load_cache_for("ui_component", {"namespace":"sys","ui_name":"auth","ui_deployment":"base"}) - success !
[2021-04-19 13:35:52] INFO: load_cache_for("ui_component", {"namespace":"sys","ui_name":"auth","ui_deployment":"base"}) - reconcile in 263 sec(s)
[2021-04-19 13:35:52] INFO: invoke successful ! [../cache/cache/load_cache_for] with ["ui_component",{"namespace":"sys","ui_name":"auth","ui_deployment":"base"}] !
[2021-04-19 13:35:52] INFO: load_cache_for("ui_route", {"namespace":"sys","ui_name":"auth","ui_deployment":"base"}) - success !
[2021-04-19 13:35:52] INFO: load_cache_for("ui_route", {"namespace":"sys","ui_name":"auth","ui_deployment":"base"}) - reconcile in 331 sec(s)
[2021-04-19 13:35:52] INFO: invoke successful ! [../cache/cache/load_cache_for] with ["ui_route",{"namespace":"sys","ui_name":"auth","ui_deployment":"base"}] !
[2021-04-19 13:35:52] INFO: load_cache_for("ui_component", {"namespace":"sys","ui_name":"console","ui_deployment":"base"}) - success !
[2021-04-19 13:35:52] INFO: load_cache_for("ui_component", {"namespace":"sys","ui_name":"console","ui_deployment":"base"}) - reconcile in 263 sec(s)
[2021-04-19 13:35:52] INFO: invoke successful ! [../cache/cache/load_cache_for] with ["ui_component",{"namespace":"sys","ui_name":"console","ui_deployment":"base"}] !
[2021-04-19 13:35:52] INFO: load_cache_for("ui_route", {"namespace":"sys","ui_name":"console","ui_deployment":"base"}) - success !
[2021-04-19 13:35:52] INFO: load_cache_for("ui_route", {"namespace":"sys","ui_name":"console","ui_deployment":"base"}) - reconcile in 228 sec(s)
[2021-04-19 13:35:52] INFO: invoke successful ! [../cache/cache/load_cache_for] with ["ui_route",{"namespace":"sys","ui_name":"console","ui_deployment":"base"}] !
[2021-04-19 13:35:52] INFO: load_cache_for("ui_component", {"namespace":"sys","ui_name":"demo","ui_deployment":"base"}) - success !
[2021-04-19 13:35:52] INFO: load_cache_for("ui_component", {"namespace":"sys","ui_name":"demo","ui_deployment":"base"}) - reconcile in 340 sec(s)
[2021-04-19 13:35:52] INFO: invoke successful ! [../cache/cache/load_cache_for] with ["ui_component",{"namespace":"sys","ui_name":"demo","ui_deployment":"base"}] !
[2021-04-19 13:35:52] INFO: load_cache_for("ui_route", {"namespace":"sys","ui_name":"demo","ui_deployment":"base"}) - success !
[2021-04-19 13:35:52] INFO: load_cache_for("ui_route", {"namespace":"sys","ui_name":"demo","ui_deployment":"base"}) - reconcile in 330 sec(s)
[2021-04-19 13:35:52] INFO: invoke successful ! [../cache/cache/load_cache_for] with ["ui_route",{"namespace":"sys","ui_name":"demo","ui_deployment":"base"}] !
[2021-04-19 13:35:52] INFO: load_cache_for("ui_component", {"namespace":"sys","ui_name":"service","ui_deployment":"base"}) - success !
[2021-04-19 13:35:52] INFO: load_cache_for("ui_component", {"namespace":"sys","ui_name":"service","ui_deployment":"base"}) - reconcile in 321 sec(s)
[2021-04-19 13:35:52] INFO: invoke successful ! [../cache/cache/load_cache_for] with ["ui_component",{"namespace":"sys","ui_name":"service","ui_deployment":"base"}] !
[2021-04-19 13:35:52] INFO: load_cache_for("ui_route", {"namespace":"sys","ui_name":"service","ui_deployment":"base"}) - success !
[2021-04-19 13:35:52] INFO: load_cache_for("ui_route", {"namespace":"sys","ui_name":"service","ui_deployment":"base"}) - reconcile in 357 sec(s)
[2021-04-19 13:35:52] INFO: invoke successful ! [../cache/cache/load_cache_for] with ["ui_route",{"namespace":"sys","ui_name":"service","ui_deployment":"base"}] !
[2021-04-19 13:35:52] INFO: load_cache_for("ui_component", {"namespace":"sys","ui_name":"ui","ui_deployment":"base"}) - success !
[2021-04-19 13:35:52] INFO: load_cache_for("ui_component", {"namespace":"sys","ui_name":"ui","ui_deployment":"base"}) - reconcile in 299 sec(s)
[2021-04-19 13:35:52] INFO: invoke successful ! [../cache/cache/load_cache_for] with ["ui_component",{"namespace":"sys","ui_name":"ui","ui_deployment":"base"}] !
[2021-04-19 13:35:52] INFO: load_cache_for("ui_route", {"namespace":"sys","ui_name":"ui","ui_deployment":"base"}) - success !
[2021-04-19 13:35:52] INFO: load_cache_for("ui_route", {"namespace":"sys","ui_name":"ui","ui_deployment":"base"}) - reconcile in 359 sec(s)
[2021-04-19 13:35:52] INFO: invoke successful ! [../cache/cache/load_cache_for] with ["ui_route",{"namespace":"sys","ui_name":"ui","ui_deployment":"base"}] !
[2021-04-19 13:35:52] INFO: load_cache_for("ui_deployment", {"namespace":"sys"}) - reconcile in 350 sec(s)
[2021-04-19 13:35:52] INFO: invoke successful ! [../cache/cache/load_cache_for] with ["ui_deployment",{"namespace":"sys"}] !
[2021-04-19 13:35:52] INFO: load_cache_for("namespace", null) - reconcile in 184 sec(s)
[2021-04-19 13:35:53] INFO: found app-x path [app-x/api]
[2021-04-19 13:35:53] INFO: found app-x path [app-x/core/InputCollection]
[2021-04-19 13:35:53] INFO: found app-x path [app-x/core/Dialog]
[2021-04-19 13:35:53] INFO: found app-x path [app-x/core/Form]
[2021-04-19 13:35:53] INFO: found app-x path [app-x/core/InputProvider]
[2021-04-19 13:35:53] INFO: found app-x path [app-x/core/InputSubmit]
[2021-04-19 13:35:53] INFO: found app-x path [app-x/core/InputSelect]
[2021-04-19 13:35:53] INFO: found app-x path [app-x/core/InputSwitch]
[2021-04-19 13:35:53] INFO: found app-x path [app-x/core/InputTabular]
[2021-04-19 13:35:53] INFO: found app-x path [app-x/core/InputReset]
[2021-04-19 13:35:53] INFO: found app-x path [app-x/core/InputTextArray]
[2021-04-19 13:35:53] INFO: found app-x path [app-x/core/InputText]
[2021-04-19 13:35:53] INFO: found app-x path [app-x/core/Table]
[2021-04-19 13:35:53] INFO: found app-x path [app-x/icon/API]
[2021-04-19 13:35:53] INFO: found app-x path [app-x/icon/Bracket]
[2021-04-19 13:35:53] INFO: found app-x path [app-x/icon/Asterisk]
[2021-04-19 13:35:53] INFO: found app-x path [app-x/icon/Calculator]
[2021-04-19 13:35:53] INFO: found app-x path [app-x/icon/Branch]
[2021-04-19 13:35:53] INFO: found app-x path [app-x/icon/Context]
[2021-04-19 13:35:53] INFO: found app-x path [app-x/icon/Code]
[2021-04-19 13:35:53] INFO: found app-x path [app-x/icon/Css]
[2021-04-19 13:35:53] INFO: found app-x path [app-x/icon/CurlyBracket]
[2021-04-19 13:35:53] INFO: found app-x path [app-x/icon/Database]
[2021-04-19 13:35:53] INFO: found app-x path [app-x/icon/Dialog]
[2021-04-19 13:35:53] INFO: found app-x path [app-x/icon/Effect]
[2021-04-19 13:35:53] INFO: found app-x path [app-x/icon/Facebook]
[2021-04-19 13:35:53] INFO: found app-x path [app-x/icon/Filter]
[2021-04-19 13:35:53] INFO: found app-x path [app-x/icon/Form]
[2021-04-19 13:35:53] INFO: found app-x path [app-x/icon/Function]
[2021-04-19 13:35:53] INFO: found app-x path [app-x/icon/FunctionCall]
[2021-04-19 13:35:53] INFO: found app-x path [app-x/icon/Google]
[2021-04-19 13:35:53] INFO: found app-x path [app-x/icon/Html]
[2021-04-19 13:35:53] INFO: found app-x path [app-x/icon/InputCollection]
[2021-04-19 13:35:53] INFO: found app-x path [app-x/icon/Import]
[2021-04-19 13:35:53] INFO: found app-x path [app-x/icon/InputReset]
[2021-04-19 13:35:53] INFO: found app-x path [app-x/icon/InputRule]
[2021-04-19 13:35:53] INFO: found app-x path [app-x/icon/InputSelect]
[2021-04-19 13:35:53] INFO: found app-x path [app-x/icon/InputSubmit]
[2021-04-19 13:35:53] INFO: found app-x path [app-x/icon/InputTabular]
[2021-04-19 13:35:53] INFO: found app-x path [app-x/icon/InputSwitch]
[2021-04-19 13:35:53] INFO: found app-x path [app-x/icon/InputText]
[2021-04-19 13:35:53] INFO: found app-x path [app-x/icon/InputTextArray]
[2021-04-19 13:35:53] INFO: found app-x path [app-x/icon/Live]
[2021-04-19 13:35:53] INFO: found app-x path [app-x/icon/Preview]
[2021-04-19 13:35:53] INFO: found app-x path [app-x/icon/React]
[2021-04-19 13:35:53] INFO: found app-x path [app-x/icon/Provider]
[2021-04-19 13:35:53] INFO: found app-x path [app-x/icon/Redo]
[2021-04-19 13:35:53] INFO: found app-x path [app-x/icon/Reset]
[2021-04-19 13:35:53] INFO: found app-x path [app-x/icon/Pointer]
[2021-04-19 13:35:53] INFO: found app-x path [app-x/icon/Route]
[2021-04-19 13:35:53] INFO: found app-x path [app-x/icon/Router]
[2021-04-19 13:35:53] INFO: found app-x path [app-x/icon/Save]
[2021-04-19 13:35:53] INFO: found app-x path [app-x/icon/Style]
[2021-04-19 13:35:53] INFO: found app-x path [app-x/icon/Text]
[2021-04-19 13:35:53] INFO: found app-x path [app-x/icon/TableColumn]
[2021-04-19 13:35:53] INFO: found app-x path [app-x/icon/Table]
[2021-04-19 13:35:53] INFO: found app-x path [app-x/icon/State]
[2021-04-19 13:35:53] INFO: found app-x path [app-x/icon/Undo]
[2021-04-19 13:35:53] INFO: found app-x path [app-x/icon/Theme]
[2021-04-19 13:35:53] INFO: found app-x path [app-x/icon/Widget]
[2021-04-19 13:35:53] INFO: found app-x path [app-x/route/RouterProvider]
[2021-04-19 13:35:53] INFO: found app-x path [app-x/spec/appx_api]
[2021-04-19 13:35:53] INFO: found app-x path [app-x/spec/appx_dialog]
[2021-04-19 13:35:53] INFO: found app-x path [app-x/spec/appx_form]
[2021-04-19 13:35:53] INFO: found app-x path [app-x/spec/appx_input_collection]
[2021-04-19 13:35:53] INFO: found app-x path [app-x/spec/appx_input_rule]
[2021-04-19 13:35:53] INFO: found app-x path [app-x/spec/appx_input_select]
[2021-04-19 13:35:53] INFO: found app-x path [app-x/spec/appx_input_reset]
[2021-04-19 13:35:53] INFO: found app-x path [app-x/spec/appx_input_switch]
[2021-04-19 13:35:53] INFO: found app-x path [app-x/spec/appx_input_submit]
[2021-04-19 13:35:53] INFO: found app-x path [app-x/spec/appx_input_text]
[2021-04-19 13:35:53] INFO: found app-x path [app-x/spec/appx_input_tabular]
[2021-04-19 13:35:53] INFO: found app-x path [app-x/spec/appx_input_textarray]
[2021-04-19 13:35:53] INFO: found app-x path [app-x/spec/appx_table_column]
[2021-04-19 13:35:53] INFO: found app-x path [app-x/spec/appx_table]
[2021-04-19 13:35:53] INFO: found app-x path [app-x/spec]
[2021-04-19 13:35:53] INFO: found app-x path [app-x/spec/classes]
[2021-04-19 13:35:53] INFO: found app-x path [app-x/spec/js_array]
[2021-04-19 13:35:53] INFO: found app-x path [app-x/spec/js_call]
[2021-04-19 13:35:53] INFO: found app-x path [app-x/spec/js_condition]
[2021-04-19 13:35:53] INFO: found app-x path [app-x/spec/js_expression]
[2021-04-19 13:35:53] INFO: found app-x path [app-x/spec/js_filter]
[2021-04-19 13:35:53] INFO: found app-x path [app-x/spec/js_import]
[2021-04-19 13:35:53] INFO: found app-x path [app-x/spec/js_boolean]
[2021-04-19 13:35:53] INFO: found app-x path [app-x/spec/js_function]
[2021-04-19 13:35:53] INFO: found app-x path [app-x/spec/js_map]
[2021-04-19 13:35:53] INFO: found app-x path [app-x/spec/js_null]
[2021-04-19 13:35:53] INFO: found app-x path [app-x/spec/js_number]
[2021-04-19 13:35:53] INFO: found app-x path [app-x/spec/js_statement]
[2021-04-19 13:35:53] INFO: found app-x path [app-x/spec/js_reduce]
[2021-04-19 13:35:53] INFO: found app-x path [app-x/spec/js_object]
[2021-04-19 13:35:53] INFO: found app-x path [app-x/spec/js_string]
[2021-04-19 13:35:53] INFO: found app-x path [app-x/spec/mui_style]
[2021-04-19 13:35:53] INFO: found app-x path [app-x/spec/mui_theme]
[2021-04-19 13:35:53] INFO: found app-x path [app-x/spec/react_context]
[2021-04-19 13:35:53] INFO: found app-x path [app-x/spec/react_effect]
[2021-04-19 13:35:53] INFO: found app-x path [app-x/spec/react_html]
[2021-04-19 13:35:53] INFO: found app-x path [app-x/spec/react_element]
[2021-04-19 13:35:53] INFO: found app-x path [app-x/spec/react_state]
[2021-04-19 13:35:53] INFO: found app-x path [app-x/spec/route_context]
[2021-04-19 13:35:53] INFO: found app-x path [app-x/spec/route_path]
[2021-04-19 13:35:53] INFO: found app-x path [app-x/util/Page]
[2021-04-19 13:35:53] INFO: found app-x path [app-x/util/ThemeBadge]
[2021-04-19 13:35:53] INFO: found app-x path [app-x/util/UserBadge]
[2021-04-19 13:35:53] INFO: found app-x path [app-x/theme/GlobalStyleProvider]
[2021-04-19 13:35:53] INFO: found app-x path [app-x/theme/dark]
[2021-04-19 13:35:53] INFO: found app-x path [app-x/theme/light]
[2021-04-19 13:35:53] INFO: found app-x path [app-x/theme]
[2021-04-19 13:35:53] INFO: found app-x path [app-x/page/landing/Unsplash_bg]
[2021-04-19 13:35:53] INFO: found app-x path [app-x/page/landing/YouTube_fs]
[2021-04-19 13:35:53] INFO: found app-x path [app-x/page/error/NotFoundView]
[2021-04-19 13:35:53] INFO: found app-x path [app-x/redux/store]
[2021-04-19 13:35:53] INFO: found app-x path [app-x/redux/reducer/roleReducer]
[2021-04-19 13:35:53] INFO: found app-x path [app-x/redux/reducer/userReducer]
[2021-04-19 13:35:53] INFO: found app-x path [app-x/redux/reducer]
[2021-04-19 13:35:53] INFO: found app-x path [app-x/builder/component/ControlledEditor]
[2021-04-19 13:35:53] INFO: found app-x path [app-x/builder/component/AutoSuggest]
[2021-04-19 13:35:53] INFO: found app-x path [app-x/builder/component/InputField]
[2021-04-19 13:35:53] INFO: found app-x path [app-x/builder/component/InputProperties]
[2021-04-19 13:35:53] INFO: found app-x path [app-x/builder/component/TextFieldArray]
[2021-04-19 13:35:53] INFO: found app-x path [app-x/builder/component/InputFieldTabular]
[2021-04-19 13:35:53] INFO: found app-x path [app-x/builder/component/InputFieldArray]
[2021-04-19 13:35:53] INFO: found app-x path [app-x/builder/ui/NavProvider]
[2021-04-19 13:35:53] INFO: found app-x path [app-x/builder/ui/UI_Builder]
[2021-04-19 13:35:53] INFO: found app-x path [app-x/builder/ui/syntax/PreviewProvider]
[2021-04-19 13:35:53] INFO: found app-x path [app-x/builder/ui/syntax/PreviewJson]
[2021-04-19 13:35:53] INFO: found app-x path [app-x/builder/ui/syntax/PreviewSource]
[2021-04-19 13:35:53] INFO: found app-x path [app-x/builder/ui/syntax/PreviewYaml]
[2021-04-19 13:35:53] INFO: found app-x path [app-x/builder/ui/syntax/PropEditor]
[2021-04-19 13:35:53] INFO: found app-x path [app-x/builder/ui/syntax/SyntaxAddDialog]
[2021-04-19 13:35:53] INFO: found app-x path [app-x/builder/ui/syntax/PreviewTabs]
[2021-04-19 13:35:53] INFO: found app-x path [app-x/builder/ui/syntax/SyntaxDeleteDialog]
[2021-04-19 13:35:53] INFO: found app-x path [app-x/builder/ui/syntax/SyntaxMoveDialog]
[2021-04-19 13:35:53] INFO: found app-x path [app-x/builder/ui/syntax/SyntaxMenu]
[2021-04-19 13:35:53] INFO: found app-x path [app-x/builder/ui/syntax/SyntaxTree]
[2021-04-19 13:35:53] INFO: found app-x path [app-x/builder/ui/syntax/YamlEditor]
[2021-04-19 13:35:53] INFO: found app-x path [app-x/builder/ui/syntax/TestEditor]
[2021-04-19 13:35:53] INFO: found app-x path [app-x/builder/ui/syntax/SyntaxProvider]
[2021-04-19 13:35:53] INFO: found app-x path [app-x/builder/ui/syntax/util_parse]
[2021-04-19 13:35:53] INFO: found app-x path [app-x/builder/ui/syntax/util_base]
[2021-04-19 13:35:53] INFO: found app-x path [app-x/builder/ui/syntax/util_generate]
[2021-04-19 13:35:53] INFO: found app-x path [app-x/builder/ui/component/ComponentAddDialog]
[2021-04-19 13:35:53] INFO: found app-x path [app-x/builder/ui/component/ComponentDeleteDialog]
[2021-04-19 13:35:53] INFO: found app-x path [app-x/builder/ui/component/ComponentProvider]
[2021-04-19 13:35:53] INFO: found app-x path [app-x/builder/ui/component/ComponentMenu]
[2021-04-19 13:35:53] INFO: found app-x path [app-x/builder/ui/component/ComponentTree]
[2021-04-19 13:35:53] INFO: found app-x path [app-x/builder/ui/component/util]
[2021-04-19 13:35:53] INFO: found app-x path [app-x/builder/ui/route/RouteAddDialog]
[2021-04-19 13:35:53] INFO: found app-x path [app-x/builder/ui/route/RouteMenu]
[2021-04-19 13:35:53] INFO: found app-x path [app-x/builder/ui/route/RouteDeleteDialog]
[2021-04-19 13:35:53] INFO: found app-x path [app-x/builder/ui/route/RouteProvider]
[2021-04-19 13:35:53] INFO: found app-x path [app-x/builder/ui/route/util]
[2021-04-19 13:35:53] INFO: found app-x path [app-x/builder/ui/route/RouteTree]
[2021-04-19 13:35:53] INFO: loaded API routes for app_deployment [/sys/appx/base]
[2021-04-19 13:35:53] INFO: loaded UI routes for ui_deployment [/sys/console/base]
[2021-04-19 13:35:53] INFO: loaded UI routes for ui_deployment [/sys/auth/base]
[2021-04-19 13:35:53] INFO: loaded UI routes for ui_deployment [/sys/service/base]
[2021-04-19 13:35:53] INFO: loaded UI routes for ui_deployment [/sys/ui/base]
[2021-04-19 13:35:53] INFO: loaded UI routes for ui_deployment [/sys/demo/base]
[2021-04-19 13:35:53] INFO: appx rest api server listening at http://0.0.0.0:3080
[2021-04-19 13:38:57] INFO: load_cache_for("namespace", null) - success !
[2021-04-19 13:38:57] INFO: load_cache_for("namespace", null) - triggering ...
[2021-04-19 13:38:57] INFO: load_cache_for("app_runtime", {"namespace":"sys"}) - success !
[2021-04-19 13:38:57] INFO: invoke successful ! [../cache/cache/load_cache_for] with ["app_runtime",{"namespace":"sys"}] !
[2021-04-19 13:38:57] INFO: load_cache_for("app_deployment", {"namespace":"sys"}) - success !
[2021-04-19 13:38:57] INFO: load_cache_for("app_deployment", {"namespace":"sys"}) - triggering ...
[2021-04-19 13:38:57] INFO: load_cache_for("object", {"namespace":"sys","app_name":"appx","app_deployment":"base"}) - success !
[2021-04-19 13:38:57] INFO: invoke successful ! [../cache/cache/load_cache_for] with ["object",{"namespace":"sys","app_name":"appx","app_deployment":"base"}] !
[2021-04-19 13:38:57] INFO: invoke successful ! [../cache/cache/load_cache_for] with ["app_deployment",{"namespace":"sys"}] !
[2021-04-19 13:38:57] INFO: load_cache_for("ui_deployment", {"namespace":"sys"}) - success !
[2021-04-19 13:38:57] INFO: load_cache_for("ui_deployment", {"namespace":"sys"}) - triggering ...
[2021-04-19 13:38:57] INFO: load_cache_for("ui_component", {"namespace":"sys","ui_name":"auth","ui_deployment":"base"}) - success !
[2021-04-19 13:38:57] INFO: invoke successful ! [../cache/cache/load_cache_for] with ["ui_component",{"namespace":"sys","ui_name":"auth","ui_deployment":"base"}] !
[2021-04-19 13:38:57] INFO: load_cache_for("ui_route", {"namespace":"sys","ui_name":"auth","ui_deployment":"base"}) - success !
[2021-04-19 13:38:57] INFO: invoke successful ! [../cache/cache/load_cache_for] with ["ui_route",{"namespace":"sys","ui_name":"auth","ui_deployment":"base"}] !
[2021-04-19 13:38:57] INFO: load_cache_for("ui_component", {"namespace":"sys","ui_name":"console","ui_deployment":"base"}) - success !
[2021-04-19 13:38:57] INFO: invoke successful ! [../cache/cache/load_cache_for] with ["ui_component",{"namespace":"sys","ui_name":"console","ui_deployment":"base"}] !
[2021-04-19 13:38:57] INFO: load_cache_for("ui_route", {"namespace":"sys","ui_name":"console","ui_deployment":"base"}) - success !
[2021-04-19 13:38:57] INFO: invoke successful ! [../cache/cache/load_cache_for] with ["ui_route",{"namespace":"sys","ui_name":"console","ui_deployment":"base"}] !
[2021-04-19 13:38:57] INFO: load_cache_for("ui_component", {"namespace":"sys","ui_name":"demo","ui_deployment":"base"}) - success !
[2021-04-19 13:38:57] INFO: invoke successful ! [../cache/cache/load_cache_for] with ["ui_component",{"namespace":"sys","ui_name":"demo","ui_deployment":"base"}] !
[2021-04-19 13:38:57] INFO: load_cache_for("ui_route", {"namespace":"sys","ui_name":"demo","ui_deployment":"base"}) - success !
[2021-04-19 13:38:57] INFO: invoke successful ! [../cache/cache/load_cache_for] with ["ui_route",{"namespace":"sys","ui_name":"demo","ui_deployment":"base"}] !
[2021-04-19 13:38:57] INFO: load_cache_for("ui_component", {"namespace":"sys","ui_name":"service","ui_deployment":"base"}) - success !
[2021-04-19 13:38:57] INFO: invoke successful ! [../cache/cache/load_cache_for] with ["ui_component",{"namespace":"sys","ui_name":"service","ui_deployment":"base"}] !
[2021-04-19 13:38:57] INFO: load_cache_for("ui_route", {"namespace":"sys","ui_name":"service","ui_deployment":"base"}) - success !
[2021-04-19 13:38:57] INFO: invoke successful ! [../cache/cache/load_cache_for] with ["ui_route",{"namespace":"sys","ui_name":"service","ui_deployment":"base"}] !
[2021-04-19 13:38:57] INFO: load_cache_for("ui_component", {"namespace":"sys","ui_name":"ui","ui_deployment":"base"}) - success !
[2021-04-19 13:38:57] INFO: invoke successful ! [../cache/cache/load_cache_for] with ["ui_component",{"namespace":"sys","ui_name":"ui","ui_deployment":"base"}] !
[2021-04-19 13:38:57] INFO: load_cache_for("ui_route", {"namespace":"sys","ui_name":"ui","ui_deployment":"base"}) - success !
[2021-04-19 13:38:57] INFO: invoke successful ! [../cache/cache/load_cache_for] with ["ui_route",{"namespace":"sys","ui_name":"ui","ui_deployment":"base"}] !
[2021-04-19 13:38:57] INFO: invoke successful ! [../cache/cache/load_cache_for] with ["ui_deployment",{"namespace":"sys"}] !
[2021-04-19 13:38:57] INFO: load_cache_for("namespace", null) - reconcile in 321 sec(s)
[2021-04-19 13:39:25] INFO: load_cache_for("object", {"namespace":"sys","app_name":"appx","app_deployment":"base"}) - success !
[2021-04-19 13:39:25] INFO: load_cache_for("object", {"namespace":"sys","app_name":"appx","app_deployment":"base"}) - reconcile in 327 sec(s)
[2021-04-19 13:39:41] INFO: load_cache_for("ui_route", {"namespace":"sys","ui_name":"console","ui_deployment":"base"}) - success !
[2021-04-19 13:39:41] INFO: load_cache_for("ui_route", {"namespace":"sys","ui_name":"console","ui_deployment":"base"}) - reconcile in 186 sec(s)
[2021-04-19 13:39:41] INFO: user [shiwabal] authenticated successfully ! [10__visa__ldap]
[2021-04-19 13:39:57] INFO: load_cache_for("realm", null) - success !
[2021-04-19 13:39:57] INFO: load_cache_for("realm", null) - reconcile in 306 sec(s)
[2021-04-19 13:40:11] INFO: load_cache_for("app_deployment", {"namespace":"sys"}) - success !
[2021-04-19 13:40:11] INFO: load_cache_for("app_deployment", {"namespace":"sys"}) - triggering ...
[2021-04-19 13:40:11] INFO: load_cache_for("object", {"namespace":"sys","app_name":"appx","app_deployment":"base"}) - success !
[2021-04-19 13:40:11] INFO: invoke successful ! [../cache/cache/load_cache_for] with ["object",{"namespace":"sys","app_name":"appx","app_deployment":"base"}] !
[2021-04-19 13:40:11] INFO: load_cache_for("app_deployment", {"namespace":"sys"}) - reconcile in 337 sec(s)
[2021-04-19 13:40:15] INFO: load_cache_for("ui_component", {"namespace":"sys","ui_name":"console","ui_deployment":"base"}) - success !
[2021-04-19 13:40:15] INFO: load_cache_for("ui_component", {"namespace":"sys","ui_name":"console","ui_deployment":"base"}) - reconcile in 256 sec(s)
[2021-04-19 13:40:16] INFO: load_cache_for("ui_component", {"namespace":"sys","ui_name":"auth","ui_deployment":"base"}) - success !
[2021-04-19 13:40:16] INFO: load_cache_for("ui_component", {"namespace":"sys","ui_name":"auth","ui_deployment":"base"}) - reconcile in 284 sec(s)
[2021-04-19 13:40:34] INFO: load_cache_for("app_runtime", {"namespace":"sys"}) - success !
[2021-04-19 13:40:34] INFO: load_cache_for("app_runtime", {"namespace":"sys"}) - reconcile in 324 sec(s)
[2021-04-19 13:40:52] INFO: load_cache_for("ui_component", {"namespace":"sys","ui_name":"ui","ui_deployment":"base"}) - success !
[2021-04-19 13:40:52] INFO: load_cache_for("ui_component", {"namespace":"sys","ui_name":"ui","ui_deployment":"base"}) - reconcile in 261 sec(s)
[2021-04-19 13:41:04] INFO: load_cache_for("auth", null) - success !
[2021-04-19 13:41:04] INFO: load_cache_for("auth", null) - reconcile in 183 sec(s)
[2021-04-19 13:41:12] INFO: user [appx@LDAP] authentication failed ! [10__appx__ldap]
[2021-04-19 13:41:13] INFO: load_cache_for("ui_component", {"namespace":"sys","ui_name":"service","ui_deployment":"base"}) - success !
[2021-04-19 13:41:13] INFO: load_cache_for("ui_component", {"namespace":"sys","ui_name":"service","ui_deployment":"base"}) - reconcile in 276 sec(s)
[2021-04-19 13:41:22] INFO: load_cache_for("ui_route", {"namespace":"sys","ui_name":"demo","ui_deployment":"base"}) - success !
[2021-04-19 13:41:22] INFO: load_cache_for("ui_route", {"namespace":"sys","ui_name":"demo","ui_deployment":"base"}) - reconcile in 202 sec(s)
[2021-04-19 13:41:23] INFO: load_cache_for("ui_route", {"namespace":"sys","ui_name":"auth","ui_deployment":"base"}) - success !
[2021-04-19 13:41:23] INFO: load_cache_for("ui_route", {"namespace":"sys","ui_name":"auth","ui_deployment":"base"}) - reconcile in 235 sec(s)
[2021-04-19 13:41:26] INFO: user [appx@LOCAL] authenticated successfully ! [00__appx__local]
[2021-04-19 13:41:27] INFO: load_cache_for("realm", null) - success !
[2021-04-19 13:41:28] INFO: load_cache_for("auth", null) - success !
[2021-04-19 13:41:28] INFO: load_cache_for("namespace", null) - success !
[2021-04-19 13:41:28] INFO: load_cache_for("namespace", null) - triggering ...
[2021-04-19 13:41:28] INFO: load_cache_for("app_runtime", {"namespace":"sys"}) - success !
[2021-04-19 13:41:28] INFO: invoke successful ! [../cache/cache/load_cache_for] with ["app_runtime",{"namespace":"sys"}] !
[2021-04-19 13:41:28] INFO: load_cache_for("app_deployment", {"namespace":"sys"}) - success !
[2021-04-19 13:41:28] INFO: load_cache_for("app_deployment", {"namespace":"sys"}) - triggering ...
[2021-04-19 13:41:29] INFO: load_cache_for("object", {"namespace":"sys","app_name":"appx","app_deployment":"base"}) - success !
[2021-04-19 13:41:29] INFO: invoke successful ! [../cache/cache/load_cache_for] with ["object",{"namespace":"sys","app_name":"appx","app_deployment":"base"}] !
[2021-04-19 13:41:29] INFO: invoke successful ! [../cache/cache/load_cache_for] with ["app_deployment",{"namespace":"sys"}] !
[2021-04-19 13:41:29] INFO: load_cache_for("ui_deployment", {"namespace":"sys"}) - success !
[2021-04-19 13:41:29] INFO: load_cache_for("ui_deployment", {"namespace":"sys"}) - triggering ...
[2021-04-19 13:41:29] INFO: load_cache_for("ui_component", {"namespace":"sys","ui_name":"auth","ui_deployment":"base"}) - success !
[2021-04-19 13:41:29] INFO: invoke successful ! [../cache/cache/load_cache_for] with ["ui_component",{"namespace":"sys","ui_name":"auth","ui_deployment":"base"}] !
[2021-04-19 13:41:29] INFO: load_cache_for("ui_route", {"namespace":"sys","ui_name":"auth","ui_deployment":"base"}) - success !
[2021-04-19 13:41:29] INFO: invoke successful ! [../cache/cache/load_cache_for] with ["ui_route",{"namespace":"sys","ui_name":"auth","ui_deployment":"base"}] !
[2021-04-19 13:41:29] INFO: load_cache_for("ui_component", {"namespace":"sys","ui_name":"console","ui_deployment":"base"}) - success !
[2021-04-19 13:41:29] INFO: invoke successful ! [../cache/cache/load_cache_for] with ["ui_component",{"namespace":"sys","ui_name":"console","ui_deployment":"base"}] !
[2021-04-19 13:41:29] INFO: load_cache_for("ui_route", {"namespace":"sys","ui_name":"console","ui_deployment":"base"}) - success !
[2021-04-19 13:41:29] INFO: invoke successful ! [../cache/cache/load_cache_for] with ["ui_route",{"namespace":"sys","ui_name":"console","ui_deployment":"base"}] !
[2021-04-19 13:41:29] INFO: load_cache_for("ui_component", {"namespace":"sys","ui_name":"demo","ui_deployment":"base"}) - success !
[2021-04-19 13:41:29] INFO: invoke successful ! [../cache/cache/load_cache_for] with ["ui_component",{"namespace":"sys","ui_name":"demo","ui_deployment":"base"}] !
[2021-04-19 13:41:29] INFO: load_cache_for("ui_route", {"namespace":"sys","ui_name":"demo","ui_deployment":"base"}) - success !
[2021-04-19 13:41:29] INFO: invoke successful ! [../cache/cache/load_cache_for] with ["ui_route",{"namespace":"sys","ui_name":"demo","ui_deployment":"base"}] !
[2021-04-19 13:41:29] INFO: load_cache_for("ui_component", {"namespace":"sys","ui_name":"service","ui_deployment":"base"}) - success !
[2021-04-19 13:41:29] INFO: invoke successful ! [../cache/cache/load_cache_for] with ["ui_component",{"namespace":"sys","ui_name":"service","ui_deployment":"base"}] !
[2021-04-19 13:41:29] INFO: load_cache_for("ui_route", {"namespace":"sys","ui_name":"service","ui_deployment":"base"}) - success !
[2021-04-19 13:41:29] INFO: invoke successful ! [../cache/cache/load_cache_for] with ["ui_route",{"namespace":"sys","ui_name":"service","ui_deployment":"base"}] !
[2021-04-19 13:41:29] INFO: load_cache_for("ui_component", {"namespace":"sys","ui_name":"ui","ui_deployment":"base"}) - success !
[2021-04-19 13:41:29] INFO: invoke successful ! [../cache/cache/load_cache_for] with ["ui_component",{"namespace":"sys","ui_name":"ui","ui_deployment":"base"}] !
[2021-04-19 13:41:29] INFO: load_cache_for("ui_route", {"namespace":"sys","ui_name":"ui","ui_deployment":"base"}) - success !
[2021-04-19 13:41:29] INFO: invoke successful ! [../cache/cache/load_cache_for] with ["ui_route",{"namespace":"sys","ui_name":"ui","ui_deployment":"base"}] !
[2021-04-19 13:41:29] INFO: invoke successful ! [../cache/cache/load_cache_for] with ["ui_deployment",{"namespace":"sys"}] !
[2021-04-19 13:41:29] INFO: SELECT `ui_deployment`.`id`, `ui_deployment`.`namespace`, `ui_deployment`.`ui_name`, `ui_deployment`.`ui_deployment`, `ui_deployment`.`ui_ver`, `ui_deployment`.`ui_deployment_spec`, `ui_deployment`.`create_time`, `ui_deployment`.`update_time`, `ui`.`ui_spec`, `namespace`.`owner_realm`, `namespace`.`owner_name`, `namespace`.`namespace_spec`, `ui_deployment_status`.`ui_deployment_status`, `ui_deployment_status`.`status_time` FROM `ui_deployment` JOIN `ui` ON `ui`.`deleted` = 0 AND `ui_deployment`.`namespace` = `ui`.namespace AND `ui_deployment`.`ui_name` = `ui`.ui_name AND `ui_deployment`.`ui_ver` = `ui`.ui_ver JOIN `namespace` ON `namespace`.`deleted` = 0 AND `ui`.`namespace` = `namespace`.namespace LEFT JOIN `ui_deployment_status` ON `ui_deployment_status`.`deleted` = 0 AND `ui_deployment`.`namespace` = `ui_deployment_status`.namespace AND `ui_deployment`.`ui_name` = `ui_deployment_status`.ui_name AND `ui_deployment`.`ui_deployment` = `ui_deployment_status`.ui_deployment WHERE `ui_deployment`.`deleted` = 0 LIMIT 0, 5000, []
[2021-04-19 13:41:33] INFO: load_cache_for("ui_component", {"namespace":"sys","ui_name":"demo","ui_deployment":"base"}) - success !
[2021-04-19 13:41:33] INFO: load_cache_for("ui_component", {"namespace":"sys","ui_name":"demo","ui_deployment":"base"}) - reconcile in 318 sec(s)
[2021-04-19 13:41:43] INFO: load_cache_for("ui_deployment", {"namespace":"sys"}) - success !
[2021-04-19 13:41:43] INFO: load_cache_for("ui_deployment", {"namespace":"sys"}) - triggering ...
[2021-04-19 13:41:43] INFO: load_cache_for("ui_component", {"namespace":"sys","ui_name":"auth","ui_deployment":"base"}) - success !
[2021-04-19 13:41:43] INFO: invoke successful ! [../cache/cache/load_cache_for] with ["ui_component",{"namespace":"sys","ui_name":"auth","ui_deployment":"base"}] !
[2021-04-19 13:41:43] INFO: load_cache_for("ui_route", {"namespace":"sys","ui_name":"auth","ui_deployment":"base"}) - success !
[2021-04-19 13:41:43] INFO: invoke successful ! [../cache/cache/load_cache_for] with ["ui_route",{"namespace":"sys","ui_name":"auth","ui_deployment":"base"}] !
[2021-04-19 13:41:43] INFO: load_cache_for("ui_component", {"namespace":"sys","ui_name":"console","ui_deployment":"base"}) - success !
[2021-04-19 13:41:43] INFO: invoke successful ! [../cache/cache/load_cache_for] with ["ui_component",{"namespace":"sys","ui_name":"console","ui_deployment":"base"}] !
[2021-04-19 13:41:43] INFO: load_cache_for("ui_route", {"namespace":"sys","ui_name":"console","ui_deployment":"base"}) - success !
[2021-04-19 13:41:43] INFO: invoke successful ! [../cache/cache/load_cache_for] with ["ui_route",{"namespace":"sys","ui_name":"console","ui_deployment":"base"}] !
[2021-04-19 13:41:43] INFO: load_cache_for("ui_component", {"namespace":"sys","ui_name":"demo","ui_deployment":"base"}) - success !
[2021-04-19 13:41:43] INFO: invoke successful ! [../cache/cache/load_cache_for] with ["ui_component",{"namespace":"sys","ui_name":"demo","ui_deployment":"base"}] !
[2021-04-19 13:41:43] INFO: load_cache_for("ui_route", {"namespace":"sys","ui_name":"demo","ui_deployment":"base"}) - success !
[2021-04-19 13:41:43] INFO: invoke successful ! [../cache/cache/load_cache_for] with ["ui_route",{"namespace":"sys","ui_name":"demo","ui_deployment":"base"}] !
[2021-04-19 13:41:43] INFO: load_cache_for("ui_component", {"namespace":"sys","ui_name":"service","ui_deployment":"base"}) - success !
[2021-04-19 13:41:43] INFO: invoke successful ! [../cache/cache/load_cache_for] with ["ui_component",{"namespace":"sys","ui_name":"service","ui_deployment":"base"}] !
[2021-04-19 13:41:43] INFO: load_cache_for("ui_route", {"namespace":"sys","ui_name":"service","ui_deployment":"base"}) - success !
[2021-04-19 13:41:43] INFO: invoke successful ! [../cache/cache/load_cache_for] with ["ui_route",{"namespace":"sys","ui_name":"service","ui_deployment":"base"}] !
[2021-04-19 13:41:43] INFO: load_cache_for("ui_component", {"namespace":"sys","ui_name":"ui","ui_deployment":"base"}) - success !
[2021-04-19 13:41:43] INFO: invoke successful ! [../cache/cache/load_cache_for] with ["ui_component",{"namespace":"sys","ui_name":"ui","ui_deployment":"base"}] !
[2021-04-19 13:41:43] INFO: load_cache_for("ui_route", {"namespace":"sys","ui_name":"ui","ui_deployment":"base"}) - success !
[2021-04-19 13:41:43] INFO: invoke successful ! [../cache/cache/load_cache_for] with ["ui_route",{"namespace":"sys","ui_name":"ui","ui_deployment":"base"}] !
[2021-04-19 13:41:43] INFO: load_cache_for("ui_deployment", {"namespace":"sys"}) - reconcile in 255 sec(s)
[2021-04-19 13:41:49] INFO: load_cache_for("ui_route", {"namespace":"sys","ui_name":"service","ui_deployment":"base"}) - success !
[2021-04-19 13:41:49] INFO: load_cache_for("ui_route", {"namespace":"sys","ui_name":"service","ui_deployment":"base"}) - reconcile in 218 sec(s)
[2021-04-19 13:41:51] INFO: load_cache_for("ui_route", {"namespace":"sys","ui_name":"ui","ui_deployment":"base"}) - success !
[2021-04-19 13:41:51] INFO: load_cache_for("ui_route", {"namespace":"sys","ui_name":"ui","ui_deployment":"base"}) - reconcile in 202 sec(s)
[2021-04-19 13:42:47] INFO: load_cache_for("ui_route", {"namespace":"sys","ui_name":"console","ui_deployment":"base"}) - success !
[2021-04-19 13:42:47] INFO: load_cache_for("ui_route", {"namespace":"sys","ui_name":"console","ui_deployment":"base"}) - reconcile in 253 sec(s)
[2021-04-19 13:43:06] INFO: SELECT `ui_deployment`.`id`, `ui_deployment`.`namespace`, `ui_deployment`.`ui_name`, `ui_deployment`.`ui_deployment`, `ui_deployment`.`ui_ver`, `ui_deployment`.`ui_deployment_spec`, `ui_deployment`.`create_time`, `ui_deployment`.`update_time`, `ui`.`ui_spec`, `namespace`.`owner_realm`, `namespace`.`owner_name`, `namespace`.`namespace_spec`, `ui_deployment_status`.`ui_deployment_status`, `ui_deployment_status`.`status_time` FROM `ui_deployment` JOIN `ui` ON `ui`.`deleted` = 0 AND `ui_deployment`.`namespace` = `ui`.namespace AND `ui_deployment`.`ui_name` = `ui`.ui_name AND `ui_deployment`.`ui_ver` = `ui`.ui_ver JOIN `namespace` ON `namespace`.`deleted` = 0 AND `ui`.`namespace` = `namespace`.namespace LEFT JOIN `ui_deployment_status` ON `ui_deployment_status`.`deleted` = 0 AND `ui_deployment`.`namespace` = `ui_deployment_status`.namespace AND `ui_deployment`.`ui_name` = `ui_deployment_status`.ui_name AND `ui_deployment`.`ui_deployment` = `ui_deployment_status`.ui_deployment WHERE `ui_deployment`.`deleted` = 0 LIMIT 0, 5000, []
[2021-04-19 13:43:10] INFO: SELECT `api`.`id`, `api`.`namespace`, `api`.`app_name`, `api`.`app_ver`, `api`.`app_rev`, `api`.`obj_name`, `api`.`api_method`, `api`.`api_endpoint`, `api`.`api_spec`, `api`.`create_time`, `api`.`update_time`, `obj`.`obj_spec`, `app`.`app_spec`, `app_runtime`.`app_runtime`, `app_runtime`.`app_runtime_spec`, `app_deployment`.`app_deployment`, `app_deployment`.`app_deployment_spec`, `namespace`.`owner_realm`, `namespace`.`owner_name`, `namespace`.`namespace_spec`, `api_status`.`api_status`, `api_status`.`status_time` FROM `api` JOIN `obj` ON `obj`.`deleted` = 0 AND `api`.`namespace` = `obj`.namespace AND `api`.`app_name` = `obj`.app_name AND `api`.`app_ver` = `obj`.app_ver AND `api`.`obj_name` = `obj`.obj_name JOIN `app` ON `app`.`deleted` = 0 AND `obj`.`namespace` = `app`.namespace AND `obj`.`app_name` = `app`.app_name AND `obj`.`app_ver` = `app`.app_ver JOIN `app_runtime` ON `app_runtime`.`deleted` = 0 AND `app`.`namespace` = `app_runtime`.namespace AND `app`.`app_name` = `app_runtime`.app_name AND `app`.`app_ver` = `app_runtime`.app_ver JOIN `app_deployment` ON `app_deployment`.`deleted` = 0 AND `app`.`namespace` = `app_deployment`.namespace AND `app`.`app_name` = `app_deployment`.app_name AND `app`.`app_ver` = `app_deployment`.app_ver AND `app_runtime`.`namespace` = `app_deployment`.namespace AND `app_runtime`.`app_name` = `app_deployment`.app_name AND `app_runtime`.`app_runtime` = `app_deployment`.app_runtime AND `app_runtime`.`app_ver` = `app_deployment`.app_ver JOIN `namespace` ON `namespace`.`deleted` = 0 AND `app`.`namespace` = `namespace`.namespace LEFT JOIN `api_status` ON `api_status`.`deleted` = 0 AND `api`.`namespace` = `api_status`.namespace AND `api`.`app_name` = `api_status`.app_name AND `api`.`obj_name` = `api_status`.obj_name AND `api`.`api_method` = `api_status`.api_method AND `api`.`api_endpoint` = `api_status`.api_endpoint AND `app_deployment`.`namespace` = `api_status`.namespace AND `app_deployment`.`app_name` = `api_status`.app_name AND `app_deployment`.`app_deployment` = `api_status`.app_deployment WHERE `api`.`deleted` = 0 AND `api`.`namespace` = ? AND `api`.`app_name` = ? AND `app_deployment`.`app_deployment` = ? LIMIT 0, 5000, [sys,appx,base]
[2021-04-19 13:43:11] INFO: SELECT `ui`.`id`, `ui`.`namespace`, `ui`.`ui_name`, `ui`.`ui_ver`, `ui`.`ui_spec`, `ui`.`create_time`, `ui`.`update_time`, `namespace`.`owner_realm`, `namespace`.`owner_name`, `namespace`.`namespace_spec`, `ui_status`.`ui_status`, `ui_status`.`status_time` FROM `ui` JOIN `namespace` ON `namespace`.`deleted` = 0 AND `ui`.`namespace` = `namespace`.namespace LEFT JOIN `ui_status` ON `ui_status`.`deleted` = 0 AND `ui`.`namespace` = `ui_status`.namespace AND `ui`.`ui_name` = `ui_status`.ui_name AND `ui`.`ui_ver` = `ui_status`.ui_ver WHERE `ui`.`deleted` = 0 LIMIT 0, 5000, []
[2021-04-19 13:43:11] INFO: SELECT `ui_deployment`.`id`, `ui_deployment`.`namespace`, `ui_deployment`.`ui_name`, `ui_deployment`.`ui_deployment`, `ui_deployment`.`ui_ver`, `ui_deployment`.`ui_deployment_spec`, `ui_deployment`.`create_time`, `ui_deployment`.`update_time`, `ui`.`ui_spec`, `namespace`.`owner_realm`, `namespace`.`owner_name`, `namespace`.`namespace_spec`, `ui_deployment_status`.`ui_deployment_status`, `ui_deployment_status`.`status_time` FROM `ui_deployment` JOIN `ui` ON `ui`.`deleted` = 0 AND `ui_deployment`.`namespace` = `ui`.namespace AND `ui_deployment`.`ui_name` = `ui`.ui_name AND `ui_deployment`.`ui_ver` = `ui`.ui_ver JOIN `namespace` ON `namespace`.`deleted` = 0 AND `ui`.`namespace` = `namespace`.namespace LEFT JOIN `ui_deployment_status` ON `ui_deployment_status`.`deleted` = 0 AND `ui_deployment`.`namespace` = `ui_deployment_status`.namespace AND `ui_deployment`.`ui_name` = `ui_deployment_status`.ui_name AND `ui_deployment`.`ui_deployment` = `ui_deployment_status`.ui_deployment WHERE `ui_deployment`.`deleted` = 0 AND `ui_deployment`.`namespace` = ? LIMIT 0, 5000, [sys]
[2021-04-19 13:43:11] INFO: SELECT `ui_deployment`.`id`, `ui_deployment`.`namespace`, `ui_deployment`.`ui_name`, `ui_deployment`.`ui_deployment`, `ui_deployment`.`ui_ver`, `ui_deployment`.`ui_deployment_spec`, `ui_deployment`.`create_time`, `ui_deployment`.`update_time`, `ui`.`ui_spec`, `namespace`.`owner_realm`, `namespace`.`owner_name`, `namespace`.`namespace_spec`, `ui_deployment_status`.`ui_deployment_status`, `ui_deployment_status`.`status_time` FROM `ui_deployment` JOIN `ui` ON `ui`.`deleted` = 0 AND `ui_deployment`.`namespace` = `ui`.namespace AND `ui_deployment`.`ui_name` = `ui`.ui_name AND `ui_deployment`.`ui_ver` = `ui`.ui_ver JOIN `namespace` ON `namespace`.`deleted` = 0 AND `ui`.`namespace` = `namespace`.namespace LEFT JOIN `ui_deployment_status` ON `ui_deployment_status`.`deleted` = 0 AND `ui_deployment`.`namespace` = `ui_deployment_status`.namespace AND `ui_deployment`.`ui_name` = `ui_deployment_status`.ui_name AND `ui_deployment`.`ui_deployment` = `ui_deployment_status`.ui_deployment WHERE `ui_deployment`.`deleted` = 0 LIMIT 0, 5000, []
[2021-04-19 13:43:16] INFO: SELECT `ui`.`id`, `ui`.`namespace`, `ui`.`ui_name`, `ui`.`ui_ver`, `ui`.`ui_spec`, `ui`.`create_time`, `ui`.`update_time`, `namespace`.`owner_realm`, `namespace`.`owner_name`, `namespace`.`namespace_spec`, `ui_status`.`ui_status`, `ui_status`.`status_time` FROM `ui` JOIN `namespace` ON `namespace`.`deleted` = 0 AND `ui`.`namespace` = `namespace`.namespace LEFT JOIN `ui_status` ON `ui_status`.`deleted` = 0 AND `ui`.`namespace` = `ui_status`.namespace AND `ui`.`ui_name` = `ui_status`.ui_name AND `ui`.`ui_ver` = `ui_status`.ui_ver WHERE `ui`.`deleted` = 0 LIMIT 0, 5000, []
[2021-04-19 13:43:21] INFO: SELECT `namespace`.`id`, `namespace`.`namespace`, `namespace`.`owner_realm`, `namespace`.`owner_name`, `namespace`.`namespace_spec`, `namespace`.`create_time`, `namespace`.`update_time`, `namespace_status`.`namespace_status`, `namespace_status`.`status_time` FROM `namespace` LEFT JOIN `namespace_status` ON `namespace_status`.`deleted` = 0 AND `namespace`.`namespace` = `namespace_status`.namespace WHERE `namespace`.`deleted` = 0 LIMIT 0, 5000, []
[2021-04-19 13:43:22] INFO: SELECT `ui_deployment`.`id`, `ui_deployment`.`namespace`, `ui_deployment`.`ui_name`, `ui_deployment`.`ui_deployment`, `ui_deployment`.`ui_ver`, `ui_deployment`.`ui_deployment_spec`, `ui_deployment`.`create_time`, `ui_deployment`.`update_time`, `ui`.`ui_spec`, `namespace`.`owner_realm`, `namespace`.`owner_name`, `namespace`.`namespace_spec`, `ui_deployment_status`.`ui_deployment_status`, `ui_deployment_status`.`status_time` FROM `ui_deployment` JOIN `ui` ON `ui`.`deleted` = 0 AND `ui_deployment`.`namespace` = `ui`.namespace AND `ui_deployment`.`ui_name` = `ui`.ui_name AND `ui_deployment`.`ui_ver` = `ui`.ui_ver JOIN `namespace` ON `namespace`.`deleted` = 0 AND `ui`.`namespace` = `namespace`.namespace LEFT JOIN `ui_deployment_status` ON `ui_deployment_status`.`deleted` = 0 AND `ui_deployment`.`namespace` = `ui_deployment_status`.namespace AND `ui_deployment`.`ui_name` = `ui_deployment_status`.ui_name AND `ui_deployment`.`ui_deployment` = `ui_deployment_status`.ui_deployment WHERE `ui_deployment`.`deleted` = 0 AND `ui_deployment`.`namespace` = ? LIMIT 0, 5000, [sys]
[2021-04-19 13:43:28] INFO: SELECT `namespace`.`id`, `namespace`.`namespace`, `namespace`.`owner_realm`, `namespace`.`owner_name`, `namespace`.`namespace_spec`, `namespace`.`create_time`, `namespace`.`update_time`, `namespace_status`.`namespace_status`, `namespace_status`.`status_time` FROM `namespace` LEFT JOIN `namespace_status` ON `namespace_status`.`deleted` = 0 AND `namespace`.`namespace` = `namespace_status`.namespace WHERE `namespace`.`deleted` = 0 LIMIT 0, 5000, []
[2021-04-19 13:43:30] INFO: SELECT `ui_component`.`id`, `ui_component`.`namespace`, `ui_component`.`ui_name`, `ui_component`.`ui_ver`, `ui_component`.`ui_component_name`, `ui_component`.`ui_component_type`, `ui_component`.`ui_component_spec`, `ui_component`.`create_time`, `ui_component`.`update_time`, `ui`.`ui_spec`, `ui_deployment`.`ui_deployment`, `ui_deployment`.`ui_deployment_spec`, `namespace`.`owner_realm`, `namespace`.`owner_name`, `namespace`.`namespace_spec`, `ui_component_status`.`ui_component_status`, `ui_component_status`.`status_time` FROM `ui_component` JOIN `ui` ON `ui`.`deleted` = 0 AND `ui_component`.`namespace` = `ui`.namespace AND `ui_component`.`ui_name` = `ui`.ui_name AND `ui_component`.`ui_ver` = `ui`.ui_ver JOIN `ui_deployment` ON `ui_deployment`.`deleted` = 0 AND `ui`.`namespace` = `ui_deployment`.namespace AND `ui`.`ui_name` = `ui_deployment`.ui_name AND `ui`.`ui_ver` = `ui_deployment`.ui_ver JOIN `namespace` ON `namespace`.`deleted` = 0 AND `ui`.`namespace` = `namespace`.namespace LEFT JOIN `ui_component_status` ON `ui_component_status`.`deleted` = 0 AND `ui_component`.`namespace` = `ui_component_status`.namespace AND `ui_component`.`ui_name` = `ui_component_status`.ui_name AND `ui_component`.`ui_component_name` = `ui_component_status`.ui_component_name AND `ui_deployment`.`namespace` = `ui_component_status`.namespace AND `ui_deployment`.`ui_name` = `ui_component_status`.ui_name AND `ui_deployment`.`ui_deployment` = `ui_component_status`.ui_deployment WHERE `ui_component`.`deleted` = 0 AND `ui_component`.`namespace` = ? AND `ui_component`.`ui_name` = ? AND `ui_deployment`.`ui_deployment` = ? LIMIT 0, 5000, [sys,console,base]
[2021-04-19 13:43:30] INFO: SELECT `ui`.`id`, `ui`.`namespace`, `ui`.`ui_name`, `ui`.`ui_ver`, `ui`.`ui_spec`, `ui`.`create_time`, `ui`.`update_time`, `namespace`.`owner_realm`, `namespace`.`owner_name`, `namespace`.`namespace_spec`, `ui_status`.`ui_status`, `ui_status`.`status_time` FROM `ui` JOIN `namespace` ON `namespace`.`deleted` = 0 AND `ui`.`namespace` = `namespace`.namespace LEFT JOIN `ui_status` ON `ui_status`.`deleted` = 0 AND `ui`.`namespace` = `ui_status`.namespace AND `ui`.`ui_name` = `ui_status`.ui_name AND `ui`.`ui_ver` = `ui_status`.ui_ver WHERE `ui`.`deleted` = 0 AND `ui`.`namespace` = ? AND `ui`.`ui_name` = ? AND `ui`.`ui_ver` = ? LIMIT 0, 5000, [sys,console,internal]
[2021-04-19 13:43:30] INFO: SELECT `ui_component`.`id`, `ui_component`.`namespace`, `ui_component`.`ui_name`, `ui_component`.`ui_ver`, `ui_component`.`ui_component_name`, `ui_component`.`ui_component_type`, `ui_component`.`ui_component_spec`, `ui_component`.`create_time`, `ui_component`.`update_time`, `ui`.`ui_spec`, `ui_deployment`.`ui_deployment`, `ui_deployment`.`ui_deployment_spec`, `namespace`.`owner_realm`, `namespace`.`owner_name`, `namespace`.`namespace_spec`, `ui_component_status`.`ui_component_status`, `ui_component_status`.`status_time` FROM `ui_component` JOIN `ui` ON `ui`.`deleted` = 0 AND `ui_component`.`namespace` = `ui`.namespace AND `ui_component`.`ui_name` = `ui`.ui_name AND `ui_component`.`ui_ver` = `ui`.ui_ver JOIN `ui_deployment` ON `ui_deployment`.`deleted` = 0 AND `ui`.`namespace` = `ui_deployment`.namespace AND `ui`.`ui_name` = `ui_deployment`.ui_name AND `ui`.`ui_ver` = `ui_deployment`.ui_ver JOIN `namespace` ON `namespace`.`deleted` = 0 AND `ui`.`namespace` = `namespace`.namespace LEFT JOIN `ui_component_status` ON `ui_component_status`.`deleted` = 0 AND `ui_component`.`namespace` = `ui_component_status`.namespace AND `ui_component`.`ui_name` = `ui_component_status`.ui_name AND `ui_component`.`ui_component_name` = `ui_component_status`.ui_component_name AND `ui_deployment`.`namespace` = `ui_component_status`.namespace AND `ui_deployment`.`ui_name` = `ui_component_status`.ui_name AND `ui_deployment`.`ui_deployment` = `ui_component_status`.ui_deployment WHERE `ui_component`.`deleted` = 0 AND `ui_component`.`namespace` = ? AND `ui_component`.`ui_name` = ? AND `ui_deployment`.`ui_deployment` = ? LIMIT 0, 5000, [sys,console,base]
[2021-04-19 13:43:32] INFO: SELECT `ui_component`.`id`, `ui_component`.`namespace`, `ui_component`.`ui_name`, `ui_component`.`ui_ver`, `ui_component`.`ui_component_name`, `ui_component`.`ui_component_type`, `ui_component`.`ui_component_spec`, `ui_component`.`create_time`, `ui_component`.`update_time`, `ui`.`ui_spec`, `ui_deployment`.`ui_deployment`, `ui_deployment`.`ui_deployment_spec`, `namespace`.`owner_realm`, `namespace`.`owner_name`, `namespace`.`namespace_spec`, `ui_component_status`.`ui_component_status`, `ui_component_status`.`status_time` FROM `ui_component` JOIN `ui` ON `ui`.`deleted` = 0 AND `ui_component`.`namespace` = `ui`.namespace AND `ui_component`.`ui_name` = `ui`.ui_name AND `ui_component`.`ui_ver` = `ui`.ui_ver JOIN `ui_deployment` ON `ui_deployment`.`deleted` = 0 AND `ui`.`namespace` = `ui_deployment`.namespace AND `ui`.`ui_name` = `ui_deployment`.ui_name AND `ui`.`ui_ver` = `ui_deployment`.ui_ver JOIN `namespace` ON `namespace`.`deleted` = 0 AND `ui`.`namespace` = `namespace`.namespace LEFT JOIN `ui_component_status` ON `ui_component_status`.`deleted` = 0 AND `ui_component`.`namespace` = `ui_component_status`.namespace AND `ui_component`.`ui_name` = `ui_component_status`.ui_name AND `ui_component`.`ui_component_name` = `ui_component_status`.ui_component_name AND `ui_deployment`.`namespace` = `ui_component_status`.namespace AND `ui_deployment`.`ui_name` = `ui_component_status`.ui_name AND `ui_deployment`.`ui_deployment` = `ui_component_status`.ui_deployment WHERE `ui_component`.`deleted` = 0 AND `ui_component`.`namespace` = ? AND `ui_component`.`ui_name` = ? AND `ui_deployment`.`ui_deployment` = ? AND `ui_component`.`ui_component_name` = ? LIMIT 0, 5000, [sys,console,base,/Router]
[2021-04-19 13:43:32] INFO: SELECT `ui`.`id`, `ui`.`namespace`, `ui`.`ui_name`, `ui`.`ui_ver`, `ui`.`ui_spec`, `ui`.`create_time`, `ui`.`update_time`, `namespace`.`owner_realm`, `namespace`.`owner_name`, `namespace`.`namespace_spec`, `ui_status`.`ui_status`, `ui_status`.`status_time` FROM `ui` JOIN `namespace` ON `namespace`.`deleted` = 0 AND `ui`.`namespace` = `namespace`.namespace LEFT JOIN `ui_status` ON `ui_status`.`deleted` = 0 AND `ui`.`namespace` = `ui_status`.namespace AND `ui`.`ui_name` = `ui_status`.ui_name AND `ui`.`ui_ver` = `ui_status`.ui_ver WHERE `ui`.`deleted` = 0 AND `ui`.`namespace` = ? AND `ui`.`ui_name` = ? AND `ui`.`ui_ver` = ? LIMIT 0, 5000, [sys,console,internal]
[2021-04-19 13:43:32] INFO: SELECT `ui_component`.`id`, `ui_component`.`namespace`, `ui_component`.`ui_name`, `ui_component`.`ui_ver`, `ui_component`.`ui_component_name`, `ui_component`.`ui_component_type`, `ui_component`.`ui_component_spec`, `ui_component`.`create_time`, `ui_component`.`update_time`, `ui`.`ui_spec`, `ui_deployment`.`ui_deployment`, `ui_deployment`.`ui_deployment_spec`, `namespace`.`owner_realm`, `namespace`.`owner_name`, `namespace`.`namespace_spec`, `ui_component_status`.`ui_component_status`, `ui_component_status`.`status_time` FROM `ui_component` JOIN `ui` ON `ui`.`deleted` = 0 AND `ui_component`.`namespace` = `ui`.namespace AND `ui_component`.`ui_name` = `ui`.ui_name AND `ui_component`.`ui_ver` = `ui`.ui_ver JOIN `ui_deployment` ON `ui_deployment`.`deleted` = 0 AND `ui`.`namespace` = `ui_deployment`.namespace AND `ui`.`ui_name` = `ui_deployment`.ui_name AND `ui`.`ui_ver` = `ui_deployment`.ui_ver JOIN `namespace` ON `namespace`.`deleted` = 0 AND `ui`.`namespace` = `namespace`.namespace LEFT JOIN `ui_component_status` ON `ui_component_status`.`deleted` = 0 AND `ui_component`.`namespace` = `ui_component_status`.namespace AND `ui_component`.`ui_name` = `ui_component_status`.ui_name AND `ui_component`.`ui_component_name` = `ui_component_status`.ui_component_name AND `ui_deployment`.`namespace` = `ui_component_status`.namespace AND `ui_deployment`.`ui_name` = `ui_component_status`.ui_name AND `ui_deployment`.`ui_deployment` = `ui_component_status`.ui_deployment WHERE `ui_component`.`deleted` = 0 AND `ui_component`.`namespace` = ? AND `ui_component`.`ui_name` = ? AND `ui_deployment`.`ui_deployment` = ? LIMIT 0, 5000, [sys,console,base]
[2021-04-19 13:43:43] INFO: SELECT `ui_component`.`id`, `ui_component`.`namespace`, `ui_component`.`ui_name`, `ui_component`.`ui_ver`, `ui_component`.`ui_component_name`, `ui_component`.`ui_component_type`, `ui_component`.`ui_component_spec`, `ui_component`.`create_time`, `ui_component`.`update_time`, `ui`.`ui_spec`, `ui_deployment`.`ui_deployment`, `ui_deployment`.`ui_deployment_spec`, `namespace`.`owner_realm`, `namespace`.`owner_name`, `namespace`.`namespace_spec`, `ui_component_status`.`ui_component_status`, `ui_component_status`.`status_time` FROM `ui_component` JOIN `ui` ON `ui`.`deleted` = 0 AND `ui_component`.`namespace` = `ui`.namespace AND `ui_component`.`ui_name` = `ui`.ui_name AND `ui_component`.`ui_ver` = `ui`.ui_ver JOIN `ui_deployment` ON `ui_deployment`.`deleted` = 0 AND `ui`.`namespace` = `ui_deployment`.namespace AND `ui`.`ui_name` = `ui_deployment`.ui_name AND `ui`.`ui_ver` = `ui_deployment`.ui_ver JOIN `namespace` ON `namespace`.`deleted` = 0 AND `ui`.`namespace` = `namespace`.namespace LEFT JOIN `ui_component_status` ON `ui_component_status`.`deleted` = 0 AND `ui_component`.`namespace` = `ui_component_status`.namespace AND `ui_component`.`ui_name` = `ui_component_status`.ui_name AND `ui_component`.`ui_component_name` = `ui_component_status`.ui_component_name AND `ui_deployment`.`namespace` = `ui_component_status`.namespace AND `ui_deployment`.`ui_name` = `ui_component_status`.ui_name AND `ui_deployment`.`ui_deployment` = `ui_component_status`.ui_deployment WHERE `ui_component`.`deleted` = 0 AND `ui_component`.`namespace` = ? AND `ui_component`.`ui_name` = ? AND `ui_deployment`.`ui_deployment` = ? LIMIT 0, 5000, [sys,service,base]
[2021-04-19 13:43:43] INFO: SELECT `ui`.`id`, `ui`.`namespace`, `ui`.`ui_name`, `ui`.`ui_ver`, `ui`.`ui_spec`, `ui`.`create_time`, `ui`.`update_time`, `namespace`.`owner_realm`, `namespace`.`owner_name`, `namespace`.`namespace_spec`, `ui_status`.`ui_status`, `ui_status`.`status_time` FROM `ui` JOIN `namespace` ON `namespace`.`deleted` = 0 AND `ui`.`namespace` = `namespace`.namespace LEFT JOIN `ui_status` ON `ui_status`.`deleted` = 0 AND `ui`.`namespace` = `ui_status`.namespace AND `ui`.`ui_name` = `ui_status`.ui_name AND `ui`.`ui_ver` = `ui_status`.ui_ver WHERE `ui`.`deleted` = 0 AND `ui`.`namespace` = ? AND `ui`.`ui_name` = ? AND `ui`.`ui_ver` = ? LIMIT 0, 5000, [sys,service,internal]
[2021-04-19 13:43:43] INFO: SELECT `ui_component`.`id`, `ui_component`.`namespace`, `ui_component`.`ui_name`, `ui_component`.`ui_ver`, `ui_component`.`ui_component_name`, `ui_component`.`ui_component_type`, `ui_component`.`ui_component_spec`, `ui_component`.`create_time`, `ui_component`.`update_time`, `ui`.`ui_spec`, `ui_deployment`.`ui_deployment`, `ui_deployment`.`ui_deployment_spec`, `namespace`.`owner_realm`, `namespace`.`owner_name`, `namespace`.`namespace_spec`, `ui_component_status`.`ui_component_status`, `ui_component_status`.`status_time` FROM `ui_component` JOIN `ui` ON `ui`.`deleted` = 0 AND `ui_component`.`namespace` = `ui`.namespace AND `ui_component`.`ui_name` = `ui`.ui_name AND `ui_component`.`ui_ver` = `ui`.ui_ver JOIN `ui_deployment` ON `ui_deployment`.`deleted` = 0 AND `ui`.`namespace` = `ui_deployment`.namespace AND `ui`.`ui_name` = `ui_deployment`.ui_name AND `ui`.`ui_ver` = `ui_deployment`.ui_ver JOIN `namespace` ON `namespace`.`deleted` = 0 AND `ui`.`namespace` = `namespace`.namespace LEFT JOIN `ui_component_status` ON `ui_component_status`.`deleted` = 0 AND `ui_component`.`namespace` = `ui_component_status`.namespace AND `ui_component`.`ui_name` = `ui_component_status`.ui_name AND `ui_component`.`ui_component_name` = `ui_component_status`.ui_component_name AND `ui_deployment`.`namespace` = `ui_component_status`.namespace AND `ui_deployment`.`ui_name` = `ui_component_status`.ui_name AND `ui_deployment`.`ui_deployment` = `ui_component_status`.ui_deployment WHERE `ui_component`.`deleted` = 0 AND `ui_component`.`namespace` = ? AND `ui_component`.`ui_name` = ? AND `ui_deployment`.`ui_deployment` = ? LIMIT 0, 5000, [sys,service,base]
[2021-04-19 13:43:46] INFO: SELECT `ui_component`.`id`, `ui_component`.`namespace`, `ui_component`.`ui_name`, `ui_component`.`ui_ver`, `ui_component`.`ui_component_name`, `ui_component`.`ui_component_type`, `ui_component`.`ui_component_spec`, `ui_component`.`create_time`, `ui_component`.`update_time`, `ui`.`ui_spec`, `ui_deployment`.`ui_deployment`, `ui_deployment`.`ui_deployment_spec`, `namespace`.`owner_realm`, `namespace`.`owner_name`, `namespace`.`namespace_spec`, `ui_component_status`.`ui_component_status`, `ui_component_status`.`status_time` FROM `ui_component` JOIN `ui` ON `ui`.`deleted` = 0 AND `ui_component`.`namespace` = `ui`.namespace AND `ui_component`.`ui_name` = `ui`.ui_name AND `ui_component`.`ui_ver` = `ui`.ui_ver JOIN `ui_deployment` ON `ui_deployment`.`deleted` = 0 AND `ui`.`namespace` = `ui_deployment`.namespace AND `ui`.`ui_name` = `ui_deployment`.ui_name AND `ui`.`ui_ver` = `ui_deployment`.ui_ver JOIN `namespace` ON `namespace`.`deleted` = 0 AND `ui`.`namespace` = `namespace`.namespace LEFT JOIN `ui_component_status` ON `ui_component_status`.`deleted` = 0 AND `ui_component`.`namespace` = `ui_component_status`.namespace AND `ui_component`.`ui_name` = `ui_component_status`.ui_name AND `ui_component`.`ui_component_name` = `ui_component_status`.ui_component_name AND `ui_deployment`.`namespace` = `ui_component_status`.namespace AND `ui_deployment`.`ui_name` = `ui_component_status`.ui_name AND `ui_deployment`.`ui_deployment` = `ui_component_status`.ui_deployment WHERE `ui_component`.`deleted` = 0 AND `ui_component`.`namespace` = ? AND `ui_component`.`ui_name` = ? AND `ui_deployment`.`ui_deployment` = ? AND `ui_component`.`ui_component_name` = ? LIMIT 0, 5000, [sys,service,base,/Router]
[2021-04-19 13:43:46] INFO: SELECT `ui`.`id`, `ui`.`namespace`, `ui`.`ui_name`, `ui`.`ui_ver`, `ui`.`ui_spec`, `ui`.`create_time`, `ui`.`update_time`, `namespace`.`owner_realm`, `namespace`.`owner_name`, `namespace`.`namespace_spec`, `ui_status`.`ui_status`, `ui_status`.`status_time` FROM `ui` JOIN `namespace` ON `namespace`.`deleted` = 0 AND `ui`.`namespace` = `namespace`.namespace LEFT JOIN `ui_status` ON `ui_status`.`deleted` = 0 AND `ui`.`namespace` = `ui_status`.namespace AND `ui`.`ui_name` = `ui_status`.ui_name AND `ui`.`ui_ver` = `ui_status`.ui_ver WHERE `ui`.`deleted` = 0 AND `ui`.`namespace` = ? AND `ui`.`ui_name` = ? AND `ui`.`ui_ver` = ? LIMIT 0, 5000, [sys,service,internal]
[2021-04-19 13:43:46] INFO: SELECT `ui_component`.`id`, `ui_component`.`namespace`, `ui_component`.`ui_name`, `ui_component`.`ui_ver`, `ui_component`.`ui_component_name`, `ui_component`.`ui_component_type`, `ui_component`.`ui_component_spec`, `ui_component`.`create_time`, `ui_component`.`update_time`, `ui`.`ui_spec`, `ui_deployment`.`ui_deployment`, `ui_deployment`.`ui_deployment_spec`, `namespace`.`owner_realm`, `namespace`.`owner_name`, `namespace`.`namespace_spec`, `ui_component_status`.`ui_component_status`, `ui_component_status`.`status_time` FROM `ui_component` JOIN `ui` ON `ui`.`deleted` = 0 AND `ui_component`.`namespace` = `ui`.namespace AND `ui_component`.`ui_name` = `ui`.ui_name AND `ui_component`.`ui_ver` = `ui`.ui_ver JOIN `ui_deployment` ON `ui_deployment`.`deleted` = 0 AND `ui`.`namespace` = `ui_deployment`.namespace AND `ui`.`ui_name` = `ui_deployment`.ui_name AND `ui`.`ui_ver` = `ui_deployment`.ui_ver JOIN `namespace` ON `namespace`.`deleted` = 0 AND `ui`.`namespace` = `namespace`.namespace LEFT JOIN `ui_component_status` ON `ui_component_status`.`deleted` = 0 AND `ui_component`.`namespace` = `ui_component_status`.namespace AND `ui_component`.`ui_name` = `ui_component_status`.ui_name AND `ui_component`.`ui_component_name` = `ui_component_status`.ui_component_name AND `ui_deployment`.`namespace` = `ui_component_status`.namespace AND `ui_deployment`.`ui_name` = `ui_component_status`.ui_name AND `ui_deployment`.`ui_deployment` = `ui_component_status`.ui_deployment WHERE `ui_component`.`deleted` = 0 AND `ui_component`.`namespace` = ? AND `ui_component`.`ui_name` = ? AND `ui_deployment`.`ui_deployment` = ? LIMIT 0, 5000, [sys,service,base]
[2021-04-19 13:43:52] INFO: SELECT `ui_component`.`id`, `ui_component`.`namespace`, `ui_component`.`ui_name`, `ui_component`.`ui_ver`, `ui_component`.`ui_component_name`, `ui_component`.`ui_component_type`, `ui_component`.`ui_component_spec`, `ui_component`.`create_time`, `ui_component`.`update_time`, `ui`.`ui_spec`, `ui_deployment`.`ui_deployment`, `ui_deployment`.`ui_deployment_spec`, `namespace`.`owner_realm`, `namespace`.`owner_name`, `namespace`.`namespace_spec`, `ui_component_status`.`ui_component_status`, `ui_component_status`.`status_time` FROM `ui_component` JOIN `ui` ON `ui`.`deleted` = 0 AND `ui_component`.`namespace` = `ui`.namespace AND `ui_component`.`ui_name` = `ui`.ui_name AND `ui_component`.`ui_ver` = `ui`.ui_ver JOIN `ui_deployment` ON `ui_deployment`.`deleted` = 0 AND `ui`.`namespace` = `ui_deployment`.namespace AND `ui`.`ui_name` = `ui_deployment`.ui_name AND `ui`.`ui_ver` = `ui_deployment`.ui_ver JOIN `namespace` ON `namespace`.`deleted` = 0 AND `ui`.`namespace` = `namespace`.namespace LEFT JOIN `ui_component_status` ON `ui_component_status`.`deleted` = 0 AND `ui_component`.`namespace` = `ui_component_status`.namespace AND `ui_component`.`ui_name` = `ui_component_status`.ui_name AND `ui_component`.`ui_component_name` = `ui_component_status`.ui_component_name AND `ui_deployment`.`namespace` = `ui_component_status`.namespace AND `ui_deployment`.`ui_name` = `ui_component_status`.ui_name AND `ui_deployment`.`ui_deployment` = `ui_component_status`.ui_deployment WHERE `ui_component`.`deleted` = 0 AND `ui_component`.`namespace` = ? AND `ui_component`.`ui_name` = ? AND `ui_deployment`.`ui_deployment` = ? LIMIT 0, 5000, [sys,demo,base]
[2021-04-19 13:43:52] INFO: SELECT `ui`.`id`, `ui`.`namespace`, `ui`.`ui_name`, `ui`.`ui_ver`, `ui`.`ui_spec`, `ui`.`create_time`, `ui`.`update_time`, `namespace`.`owner_realm`, `namespace`.`owner_name`, `namespace`.`namespace_spec`, `ui_status`.`ui_status`, `ui_status`.`status_time` FROM `ui` JOIN `namespace` ON `namespace`.`deleted` = 0 AND `ui`.`namespace` = `namespace`.namespace LEFT JOIN `ui_status` ON `ui_status`.`deleted` = 0 AND `ui`.`namespace` = `ui_status`.namespace AND `ui`.`ui_name` = `ui_status`.ui_name AND `ui`.`ui_ver` = `ui_status`.ui_ver WHERE `ui`.`deleted` = 0 AND `ui`.`namespace` = ? AND `ui`.`ui_name` = ? AND `ui`.`ui_ver` = ? LIMIT 0, 5000, [sys,demo,internal]
[2021-04-19 13:43:52] INFO: SELECT `ui_component`.`id`, `ui_component`.`namespace`, `ui_component`.`ui_name`, `ui_component`.`ui_ver`, `ui_component`.`ui_component_name`, `ui_component`.`ui_component_type`, `ui_component`.`ui_component_spec`, `ui_component`.`create_time`, `ui_component`.`update_time`, `ui`.`ui_spec`, `ui_deployment`.`ui_deployment`, `ui_deployment`.`ui_deployment_spec`, `namespace`.`owner_realm`, `namespace`.`owner_name`, `namespace`.`namespace_spec`, `ui_component_status`.`ui_component_status`, `ui_component_status`.`status_time` FROM `ui_component` JOIN `ui` ON `ui`.`deleted` = 0 AND `ui_component`.`namespace` = `ui`.namespace AND `ui_component`.`ui_name` = `ui`.ui_name AND `ui_component`.`ui_ver` = `ui`.ui_ver JOIN `ui_deployment` ON `ui_deployment`.`deleted` = 0 AND `ui`.`namespace` = `ui_deployment`.namespace AND `ui`.`ui_name` = `ui_deployment`.ui_name AND `ui`.`ui_ver` = `ui_deployment`.ui_ver JOIN `namespace` ON `namespace`.`deleted` = 0 AND `ui`.`namespace` = `namespace`.namespace LEFT JOIN `ui_component_status` ON `ui_component_status`.`deleted` = 0 AND `ui_component`.`namespace` = `ui_component_status`.namespace AND `ui_component`.`ui_name` = `ui_component_status`.ui_name AND `ui_component`.`ui_component_name` = `ui_component_status`.ui_component_name AND `ui_deployment`.`namespace` = `ui_component_status`.namespace AND `ui_deployment`.`ui_name` = `ui_component_status`.ui_name AND `ui_deployment`.`ui_deployment` = `ui_component_status`.ui_deployment WHERE `ui_component`.`deleted` = 0 AND `ui_component`.`namespace` = ? AND `ui_component`.`ui_name` = ? AND `ui_deployment`.`ui_deployment` = ? LIMIT 0, 5000, [sys,demo,base]
[2021-04-19 13:43:53] INFO: SELECT `ui_component`.`id`, `ui_component`.`namespace`, `ui_component`.`ui_name`, `ui_component`.`ui_ver`, `ui_component`.`ui_component_name`, `ui_component`.`ui_component_type`, `ui_component`.`ui_component_spec`, `ui_component`.`create_time`, `ui_component`.`update_time`, `ui`.`ui_spec`, `ui_deployment`.`ui_deployment`, `ui_deployment`.`ui_deployment_spec`, `namespace`.`owner_realm`, `namespace`.`owner_name`, `namespace`.`namespace_spec`, `ui_component_status`.`ui_component_status`, `ui_component_status`.`status_time` FROM `ui_component` JOIN `ui` ON `ui`.`deleted` = 0 AND `ui_component`.`namespace` = `ui`.namespace AND `ui_component`.`ui_name` = `ui`.ui_name AND `ui_component`.`ui_ver` = `ui`.ui_ver JOIN `ui_deployment` ON `ui_deployment`.`deleted` = 0 AND `ui`.`namespace` = `ui_deployment`.namespace AND `ui`.`ui_name` = `ui_deployment`.ui_name AND `ui`.`ui_ver` = `ui_deployment`.ui_ver JOIN `namespace` ON `namespace`.`deleted` = 0 AND `ui`.`namespace` = `namespace`.namespace LEFT JOIN `ui_component_status` ON `ui_component_status`.`deleted` = 0 AND `ui_component`.`namespace` = `ui_component_status`.namespace AND `ui_component`.`ui_name` = `ui_component_status`.ui_name AND `ui_component`.`ui_component_name` = `ui_component_status`.ui_component_name AND `ui_deployment`.`namespace` = `ui_component_status`.namespace AND `ui_deployment`.`ui_name` = `ui_component_status`.ui_name AND `ui_deployment`.`ui_deployment` = `ui_component_status`.ui_deployment WHERE `ui_component`.`deleted` = 0 AND `ui_component`.`namespace` = ? AND `ui_component`.`ui_name` = ? AND `ui_deployment`.`ui_deployment` = ? AND `ui_component`.`ui_component_name` = ? LIMIT 0, 5000, [sys,demo,base,/Router]
[2021-04-19 13:43:53] INFO: SELECT `ui`.`id`, `ui`.`namespace`, `ui`.`ui_name`, `ui`.`ui_ver`, `ui`.`ui_spec`, `ui`.`create_time`, `ui`.`update_time`, `namespace`.`owner_realm`, `namespace`.`owner_name`, `namespace`.`namespace_spec`, `ui_status`.`ui_status`, `ui_status`.`status_time` FROM `ui` JOIN `namespace` ON `namespace`.`deleted` = 0 AND `ui`.`namespace` = `namespace`.namespace LEFT JOIN `ui_status` ON `ui_status`.`deleted` = 0 AND `ui`.`namespace` = `ui_status`.namespace AND `ui`.`ui_name` = `ui_status`.ui_name AND `ui`.`ui_ver` = `ui_status`.ui_ver WHERE `ui`.`deleted` = 0 AND `ui`.`namespace` = ? AND `ui`.`ui_name` = ? AND `ui`.`ui_ver` = ? LIMIT 0, 5000, [sys,demo,internal]
[2021-04-19 13:43:54] INFO: SELECT `ui_component`.`id`, `ui_component`.`namespace`, `ui_component`.`ui_name`, `ui_component`.`ui_ver`, `ui_component`.`ui_component_name`, `ui_component`.`ui_component_type`, `ui_component`.`ui_component_spec`, `ui_component`.`create_time`, `ui_component`.`update_time`, `ui`.`ui_spec`, `ui_deployment`.`ui_deployment`, `ui_deployment`.`ui_deployment_spec`, `namespace`.`owner_realm`, `namespace`.`owner_name`, `namespace`.`namespace_spec`, `ui_component_status`.`ui_component_status`, `ui_component_status`.`status_time` FROM `ui_component` JOIN `ui` ON `ui`.`deleted` = 0 AND `ui_component`.`namespace` = `ui`.namespace AND `ui_component`.`ui_name` = `ui`.ui_name AND `ui_component`.`ui_ver` = `ui`.ui_ver JOIN `ui_deployment` ON `ui_deployment`.`deleted` = 0 AND `ui`.`namespace` = `ui_deployment`.namespace AND `ui`.`ui_name` = `ui_deployment`.ui_name AND `ui`.`ui_ver` = `ui_deployment`.ui_ver JOIN `namespace` ON `namespace`.`deleted` = 0 AND `ui`.`namespace` = `namespace`.namespace LEFT JOIN `ui_component_status` ON `ui_component_status`.`deleted` = 0 AND `ui_component`.`namespace` = `ui_component_status`.namespace AND `ui_component`.`ui_name` = `ui_component_status`.ui_name AND `ui_component`.`ui_component_name` = `ui_component_status`.ui_component_name AND `ui_deployment`.`namespace` = `ui_component_status`.namespace AND `ui_deployment`.`ui_name` = `ui_component_status`.ui_name AND `ui_deployment`.`ui_deployment` = `ui_component_status`.ui_deployment WHERE `ui_component`.`deleted` = 0 AND `ui_component`.`namespace` = ? AND `ui_component`.`ui_name` = ? AND `ui_deployment`.`ui_deployment` = ? LIMIT 0, 5000, [sys,demo,base]
[2021-04-19 13:44:00] INFO: SELECT `namespace`.`id`, `namespace`.`namespace`, `namespace`.`owner_realm`, `namespace`.`owner_name`, `namespace`.`namespace_spec`, `namespace`.`create_time`, `namespace`.`update_time`, `namespace_status`.`namespace_status`, `namespace_status`.`status_time` FROM `namespace` LEFT JOIN `namespace_status` ON `namespace_status`.`deleted` = 0 AND `namespace`.`namespace` = `namespace_status`.namespace WHERE `namespace`.`deleted` = 0 LIMIT 0, 5000, []
[2021-04-19 13:44:00] INFO: SELECT `ui`.`id`, `ui`.`namespace`, `ui`.`ui_name`, `ui`.`ui_ver`, `ui`.`ui_spec`, `ui`.`create_time`, `ui`.`update_time`, `namespace`.`owner_realm`, `namespace`.`owner_name`, `namespace`.`namespace_spec`, `ui_status`.`ui_status`, `ui_status`.`status_time` FROM `ui` JOIN `namespace` ON `namespace`.`deleted` = 0 AND `ui`.`namespace` = `namespace`.namespace LEFT JOIN `ui_status` ON `ui_status`.`deleted` = 0 AND `ui`.`namespace` = `ui_status`.namespace AND `ui`.`ui_name` = `ui_status`.ui_name AND `ui`.`ui_ver` = `ui_status`.ui_ver WHERE `ui`.`deleted` = 0 AND `ui`.`namespace` = ? AND `ui`.`ui_name` = ? AND `ui`.`ui_ver` = ? LIMIT 0, 5000, [sys,demo,internal]
[2021-04-19 13:44:00] INFO: SELECT `ui_component`.`id`, `ui_component`.`namespace`, `ui_component`.`ui_name`, `ui_component`.`ui_ver`, `ui_component`.`ui_component_name`, `ui_component`.`ui_component_type`, `ui_component`.`ui_component_spec`, `ui_component`.`create_time`, `ui_component`.`update_time`, `ui`.`ui_spec`, `ui_deployment`.`ui_deployment`, `ui_deployment`.`ui_deployment_spec`, `namespace`.`owner_realm`, `namespace`.`owner_name`, `namespace`.`namespace_spec`, `ui_component_status`.`ui_component_status`, `ui_component_status`.`status_time` FROM `ui_component` JOIN `ui` ON `ui`.`deleted` = 0 AND `ui_component`.`namespace` = `ui`.namespace AND `ui_component`.`ui_name` = `ui`.ui_name AND `ui_component`.`ui_ver` = `ui`.ui_ver JOIN `ui_deployment` ON `ui_deployment`.`deleted` = 0 AND `ui`.`namespace` = `ui_deployment`.namespace AND `ui`.`ui_name` = `ui_deployment`.ui_name AND `ui`.`ui_ver` = `ui_deployment`.ui_ver JOIN `namespace` ON `namespace`.`deleted` = 0 AND `ui`.`namespace` = `namespace`.namespace LEFT JOIN `ui_component_status` ON `ui_component_status`.`deleted` = 0 AND `ui_component`.`namespace` = `ui_component_status`.namespace AND `ui_component`.`ui_name` = `ui_component_status`.ui_name AND `ui_component`.`ui_component_name` = `ui_component_status`.ui_component_name AND `ui_deployment`.`namespace` = `ui_component_status`.namespace AND `ui_deployment`.`ui_name` = `ui_component_status`.ui_name AND `ui_deployment`.`ui_deployment` = `ui_component_status`.ui_deployment WHERE `ui_component`.`deleted` = 0 AND `ui_component`.`namespace` = ? AND `ui_component`.`ui_name` = ? AND `ui_deployment`.`ui_deployment` = ? LIMIT 0, 5000, [sys,demo,base]
[2021-04-19 13:44:07] INFO: load_cache_for("auth", null) - success !
[2021-04-19 13:44:07] INFO: load_cache_for("auth", null) - reconcile in 297 sec(s)
[2021-04-19 13:44:18] INFO: load_cache_for("namespace", null) - success !
[2021-04-19 13:44:18] INFO: load_cache_for("namespace", null) - triggering ...
[2021-04-19 13:44:18] INFO: load_cache_for("app_runtime", {"namespace":"sys"}) - success !
[2021-04-19 13:44:18] INFO: invoke successful ! [../cache/cache/load_cache_for] with ["app_runtime",{"namespace":"sys"}] !
[2021-04-19 13:44:18] INFO: load_cache_for("app_deployment", {"namespace":"sys"}) - success !
[2021-04-19 13:44:18] INFO: load_cache_for("app_deployment", {"namespace":"sys"}) - triggering ...
[2021-04-19 13:44:18] INFO: load_cache_for("object", {"namespace":"sys","app_name":"appx","app_deployment":"base"}) - success !
[2021-04-19 13:44:18] INFO: invoke successful ! [../cache/cache/load_cache_for] with ["object",{"namespace":"sys","app_name":"appx","app_deployment":"base"}] !
[2021-04-19 13:44:18] INFO: invoke successful ! [../cache/cache/load_cache_for] with ["app_deployment",{"namespace":"sys"}] !
[2021-04-19 13:44:18] INFO: load_cache_for("ui_deployment", {"namespace":"sys"}) - success !
[2021-04-19 13:44:18] INFO: load_cache_for("ui_deployment", {"namespace":"sys"}) - triggering ...
[2021-04-19 13:44:18] INFO: load_cache_for("ui_component", {"namespace":"sys","ui_name":"auth","ui_deployment":"base"}) - success !
[2021-04-19 13:44:18] INFO: invoke successful ! [../cache/cache/load_cache_for] with ["ui_component",{"namespace":"sys","ui_name":"auth","ui_deployment":"base"}] !
[2021-04-19 13:44:18] INFO: load_cache_for("ui_route", {"namespace":"sys","ui_name":"auth","ui_deployment":"base"}) - success !
[2021-04-19 13:44:18] INFO: invoke successful ! [../cache/cache/load_cache_for] with ["ui_route",{"namespace":"sys","ui_name":"auth","ui_deployment":"base"}] !
[2021-04-19 13:44:18] INFO: load_cache_for("ui_component", {"namespace":"sys","ui_name":"console","ui_deployment":"base"}) - success !
[2021-04-19 13:44:18] INFO: invoke successful ! [../cache/cache/load_cache_for] with ["ui_component",{"namespace":"sys","ui_name":"console","ui_deployment":"base"}] !
[2021-04-19 13:44:18] INFO: load_cache_for("ui_route", {"namespace":"sys","ui_name":"console","ui_deployment":"base"}) - success !
[2021-04-19 13:44:18] INFO: invoke successful ! [../cache/cache/load_cache_for] with ["ui_route",{"namespace":"sys","ui_name":"console","ui_deployment":"base"}] !
[2021-04-19 13:44:18] INFO: load_cache_for("ui_component", {"namespace":"sys","ui_name":"demo","ui_deployment":"base"}) - success !
[2021-04-19 13:44:18] INFO: invoke successful ! [../cache/cache/load_cache_for] with ["ui_component",{"namespace":"sys","ui_name":"demo","ui_deployment":"base"}] !
[2021-04-19 13:44:18] INFO: load_cache_for("ui_route", {"namespace":"sys","ui_name":"demo","ui_deployment":"base"}) - success !
[2021-04-19 13:44:18] INFO: invoke successful ! [../cache/cache/load_cache_for] with ["ui_route",{"namespace":"sys","ui_name":"demo","ui_deployment":"base"}] !
[2021-04-19 13:44:18] INFO: load_cache_for("ui_component", {"namespace":"sys","ui_name":"service","ui_deployment":"base"}) - success !
[2021-04-19 13:44:18] INFO: invoke successful ! [../cache/cache/load_cache_for] with ["ui_component",{"namespace":"sys","ui_name":"service","ui_deployment":"base"}] !
[2021-04-19 13:44:18] INFO: load_cache_for("ui_route", {"namespace":"sys","ui_name":"service","ui_deployment":"base"}) - success !
[2021-04-19 13:44:18] INFO: invoke successful ! [../cache/cache/load_cache_for] with ["ui_route",{"namespace":"sys","ui_name":"service","ui_deployment":"base"}] !
[2021-04-19 13:44:18] INFO: load_cache_for("ui_component", {"namespace":"sys","ui_name":"ui","ui_deployment":"base"}) - success !
[2021-04-19 13:44:18] INFO: invoke successful ! [../cache/cache/load_cache_for] with ["ui_component",{"namespace":"sys","ui_name":"ui","ui_deployment":"base"}] !
[2021-04-19 13:44:18] INFO: load_cache_for("ui_route", {"namespace":"sys","ui_name":"ui","ui_deployment":"base"}) - success !
[2021-04-19 13:44:18] INFO: invoke successful ! [../cache/cache/load_cache_for] with ["ui_route",{"namespace":"sys","ui_name":"ui","ui_deployment":"base"}] !
[2021-04-19 13:44:18] INFO: invoke successful ! [../cache/cache/load_cache_for] with ["ui_deployment",{"namespace":"sys"}] !
[2021-04-19 13:44:18] INFO: load_cache_for("namespace", null) - reconcile in 320 sec(s)
[2021-04-19 13:44:31] INFO: load_cache_for("ui_component", {"namespace":"sys","ui_name":"console","ui_deployment":"base"}) - success !
[2021-04-19 13:44:31] INFO: load_cache_for("ui_component", {"namespace":"sys","ui_name":"console","ui_deployment":"base"}) - reconcile in 209 sec(s)
[2021-04-19 13:44:44] INFO: load_cache_for("ui_route", {"namespace":"sys","ui_name":"demo","ui_deployment":"base"}) - success !
[2021-04-19 13:44:44] INFO: load_cache_for("ui_route", {"namespace":"sys","ui_name":"demo","ui_deployment":"base"}) - reconcile in 207 sec(s)
[2021-04-19 13:44:52] INFO: load_cache_for("object", {"namespace":"sys","app_name":"appx","app_deployment":"base"}) - success !
[2021-04-19 13:44:52] INFO: load_cache_for("object", {"namespace":"sys","app_name":"appx","app_deployment":"base"}) - reconcile in 304 sec(s)
[2021-04-19 13:45:00] INFO: load_cache_for("ui_component", {"namespace":"sys","ui_name":"auth","ui_deployment":"base"}) - success !
[2021-04-19 13:45:00] INFO: load_cache_for("ui_component", {"namespace":"sys","ui_name":"auth","ui_deployment":"base"}) - reconcile in 281 sec(s)
[2021-04-19 13:45:03] INFO: load_cache_for("realm", null) - success !
[2021-04-19 13:45:03] INFO: load_cache_for("realm", null) - reconcile in 260 sec(s)
[2021-04-19 13:45:12] INFO: load_cache_for("ui_component", {"namespace":"sys","ui_name":"ui","ui_deployment":"base"}) - success !
[2021-04-19 13:45:12] INFO: load_cache_for("ui_component", {"namespace":"sys","ui_name":"ui","ui_deployment":"base"}) - reconcile in 344 sec(s)
[2021-04-19 13:45:14] INFO: load_cache_for("ui_route", {"namespace":"sys","ui_name":"ui","ui_deployment":"base"}) - success !
[2021-04-19 13:45:14] INFO: load_cache_for("ui_route", {"namespace":"sys","ui_name":"ui","ui_deployment":"base"}) - reconcile in 207 sec(s)
[2021-04-19 13:45:18] INFO: load_cache_for("ui_route", {"namespace":"sys","ui_name":"auth","ui_deployment":"base"}) - success !
[2021-04-19 13:45:18] INFO: load_cache_for("ui_route", {"namespace":"sys","ui_name":"auth","ui_deployment":"base"}) - reconcile in 212 sec(s)
[2021-04-19 13:45:28] INFO: load_cache_for("ui_route", {"namespace":"sys","ui_name":"service","ui_deployment":"base"}) - success !
[2021-04-19 13:45:28] INFO: load_cache_for("ui_route", {"namespace":"sys","ui_name":"service","ui_deployment":"base"}) - reconcile in 260 sec(s)
[2021-04-19 13:45:49] INFO: load_cache_for("app_deployment", {"namespace":"sys"}) - success !
[2021-04-19 13:45:49] INFO: load_cache_for("app_deployment", {"namespace":"sys"}) - triggering ...
[2021-04-19 13:45:49] INFO: load_cache_for("object", {"namespace":"sys","app_name":"appx","app_deployment":"base"}) - success !
[2021-04-19 13:45:49] INFO: invoke successful ! [../cache/cache/load_cache_for] with ["object",{"namespace":"sys","app_name":"appx","app_deployment":"base"}] !
[2021-04-19 13:45:49] INFO: load_cache_for("app_deployment", {"namespace":"sys"}) - reconcile in 202 sec(s)
[2021-04-19 13:45:49] INFO: load_cache_for("ui_component", {"namespace":"sys","ui_name":"service","ui_deployment":"base"}) - success !
[2021-04-19 13:45:49] INFO: load_cache_for("ui_component", {"namespace":"sys","ui_name":"service","ui_deployment":"base"}) - reconcile in 339 sec(s)
[2021-04-19 13:45:57] INFO: load_cache_for("ui_deployment", {"namespace":"sys"}) - success !
[2021-04-19 13:45:57] INFO: load_cache_for("ui_deployment", {"namespace":"sys"}) - triggering ...
[2021-04-19 13:45:57] INFO: load_cache_for("ui_component", {"namespace":"sys","ui_name":"auth","ui_deployment":"base"}) - success !
[2021-04-19 13:45:57] INFO: invoke successful ! [../cache/cache/load_cache_for] with ["ui_component",{"namespace":"sys","ui_name":"auth","ui_deployment":"base"}] !
[2021-04-19 13:45:57] INFO: load_cache_for("ui_route", {"namespace":"sys","ui_name":"auth","ui_deployment":"base"}) - success !
[2021-04-19 13:45:57] INFO: invoke successful ! [../cache/cache/load_cache_for] with ["ui_route",{"namespace":"sys","ui_name":"auth","ui_deployment":"base"}] !
[2021-04-19 13:45:57] INFO: load_cache_for("ui_component", {"namespace":"sys","ui_name":"console","ui_deployment":"base"}) - success !
[2021-04-19 13:45:57] INFO: invoke successful ! [../cache/cache/load_cache_for] with ["ui_component",{"namespace":"sys","ui_name":"console","ui_deployment":"base"}] !
[2021-04-19 13:45:57] INFO: load_cache_for("ui_route", {"namespace":"sys","ui_name":"console","ui_deployment":"base"}) - success !
[2021-04-19 13:45:57] INFO: invoke successful ! [../cache/cache/load_cache_for] with ["ui_route",{"namespace":"sys","ui_name":"console","ui_deployment":"base"}] !
[2021-04-19 13:45:57] INFO: load_cache_for("ui_component", {"namespace":"sys","ui_name":"demo","ui_deployment":"base"}) - success !
[2021-04-19 13:45:57] INFO: invoke successful ! [../cache/cache/load_cache_for] with ["ui_component",{"namespace":"sys","ui_name":"demo","ui_deployment":"base"}] !
[2021-04-19 13:45:57] INFO: load_cache_for("ui_route", {"namespace":"sys","ui_name":"demo","ui_deployment":"base"}) - success !
[2021-04-19 13:45:57] INFO: invoke successful ! [../cache/cache/load_cache_for] with ["ui_route",{"namespace":"sys","ui_name":"demo","ui_deployment":"base"}] !
[2021-04-19 13:45:57] INFO: load_cache_for("ui_component", {"namespace":"sys","ui_name":"service","ui_deployment":"base"}) - success !
[2021-04-19 13:45:57] INFO: invoke successful ! [../cache/cache/load_cache_for] with ["ui_component",{"namespace":"sys","ui_name":"service","ui_deployment":"base"}] !
[2021-04-19 13:45:58] INFO: load_cache_for("ui_route", {"namespace":"sys","ui_name":"service","ui_deployment":"base"}) - success !
[2021-04-19 13:45:58] INFO: invoke successful ! [../cache/cache/load_cache_for] with ["ui_route",{"namespace":"sys","ui_name":"service","ui_deployment":"base"}] !
[2021-04-19 13:45:58] INFO: load_cache_for("ui_component", {"namespace":"sys","ui_name":"ui","ui_deployment":"base"}) - success !
[2021-04-19 13:45:58] INFO: invoke successful ! [../cache/cache/load_cache_for] with ["ui_component",{"namespace":"sys","ui_name":"ui","ui_deployment":"base"}] !
[2021-04-19 13:45:58] INFO: load_cache_for("ui_route", {"namespace":"sys","ui_name":"ui","ui_deployment":"base"}) - success !
[2021-04-19 13:45:58] INFO: invoke successful ! [../cache/cache/load_cache_for] with ["ui_route",{"namespace":"sys","ui_name":"ui","ui_deployment":"base"}] !
[2021-04-19 13:45:58] INFO: load_cache_for("ui_deployment", {"namespace":"sys"}) - reconcile in 210 sec(s)
[2021-04-19 13:45:58] INFO: load_cache_for("app_runtime", {"namespace":"sys"}) - success !
[2021-04-19 13:45:58] INFO: load_cache_for("app_runtime", {"namespace":"sys"}) - reconcile in 312 sec(s)
[2021-04-19 13:46:51] INFO: load_cache_for("ui_component", {"namespace":"sys","ui_name":"demo","ui_deployment":"base"}) - success !
[2021-04-19 13:46:51] INFO: load_cache_for("ui_component", {"namespace":"sys","ui_name":"demo","ui_deployment":"base"}) - reconcile in 307 sec(s)
[2021-04-19 13:47:00] INFO: load_cache_for("ui_route", {"namespace":"sys","ui_name":"console","ui_deployment":"base"}) - success !
[2021-04-19 13:47:00] INFO: load_cache_for("ui_route", {"namespace":"sys","ui_name":"console","ui_deployment":"base"}) - reconcile in 319 sec(s)
[2021-04-19 13:47:06] INFO: load_cache_for("realm", null) - success !
[2021-04-19 13:47:06] INFO: load_cache_for("auth", null) - success !
[2021-04-19 13:47:06] INFO: load_cache_for("namespace", null) - success !
[2021-04-19 13:47:06] INFO: load_cache_for("namespace", null) - triggering ...
[2021-04-19 13:47:06] INFO: load_cache_for("app_runtime", {"namespace":"sys"}) - success !
[2021-04-19 13:47:06] INFO: invoke successful ! [../cache/cache/load_cache_for] with ["app_runtime",{"namespace":"sys"}] !
[2021-04-19 13:47:06] INFO: load_cache_for("app_deployment", {"namespace":"sys"}) - success !
[2021-04-19 13:47:06] INFO: load_cache_for("app_deployment", {"namespace":"sys"}) - triggering ...
[2021-04-19 13:47:06] INFO: load_cache_for("object", {"namespace":"sys","app_name":"appx","app_deployment":"base"}) - success !
[2021-04-19 13:47:06] INFO: invoke successful ! [../cache/cache/load_cache_for] with ["object",{"namespace":"sys","app_name":"appx","app_deployment":"base"}] !
[2021-04-19 13:47:06] INFO: invoke successful ! [../cache/cache/load_cache_for] with ["app_deployment",{"namespace":"sys"}] !
[2021-04-19 13:47:06] INFO: load_cache_for("ui_deployment", {"namespace":"sys"}) - success !
[2021-04-19 13:47:06] INFO: load_cache_for("ui_deployment", {"namespace":"sys"}) - triggering ...
[2021-04-19 13:47:06] INFO: load_cache_for("ui_component", {"namespace":"sys","ui_name":"auth","ui_deployment":"base"}) - success !
[2021-04-19 13:47:06] INFO: invoke successful ! [../cache/cache/load_cache_for] with ["ui_component",{"namespace":"sys","ui_name":"auth","ui_deployment":"base"}] !
[2021-04-19 13:47:06] INFO: load_cache_for("ui_route", {"namespace":"sys","ui_name":"auth","ui_deployment":"base"}) - success !
[2021-04-19 13:47:06] INFO: invoke successful ! [../cache/cache/load_cache_for] with ["ui_route",{"namespace":"sys","ui_name":"auth","ui_deployment":"base"}] !
[2021-04-19 13:47:06] INFO: load_cache_for("ui_component", {"namespace":"sys","ui_name":"console","ui_deployment":"base"}) - success !
[2021-04-19 13:47:06] INFO: invoke successful ! [../cache/cache/load_cache_for] with ["ui_component",{"namespace":"sys","ui_name":"console","ui_deployment":"base"}] !
[2021-04-19 13:47:06] INFO: load_cache_for("ui_route", {"namespace":"sys","ui_name":"console","ui_deployment":"base"}) - success !
[2021-04-19 13:47:06] INFO: invoke successful ! [../cache/cache/load_cache_for] with ["ui_route",{"namespace":"sys","ui_name":"console","ui_deployment":"base"}] !
[2021-04-19 13:47:06] INFO: load_cache_for("ui_component", {"namespace":"sys","ui_name":"demo","ui_deployment":"base"}) - success !
[2021-04-19 13:47:06] INFO: invoke successful ! [../cache/cache/load_cache_for] with ["ui_component",{"namespace":"sys","ui_name":"demo","ui_deployment":"base"}] !
[2021-04-19 13:47:06] INFO: load_cache_for("ui_route", {"namespace":"sys","ui_name":"demo","ui_deployment":"base"}) - success !
[2021-04-19 13:47:06] INFO: invoke successful ! [../cache/cache/load_cache_for] with ["ui_route",{"namespace":"sys","ui_name":"demo","ui_deployment":"base"}] !
[2021-04-19 13:47:06] INFO: load_cache_for("ui_component", {"namespace":"sys","ui_name":"service","ui_deployment":"base"}) - success !
[2021-04-19 13:47:06] INFO: invoke successful ! [../cache/cache/load_cache_for] with ["ui_component",{"namespace":"sys","ui_name":"service","ui_deployment":"base"}] !
[2021-04-19 13:47:06] INFO: load_cache_for("ui_route", {"namespace":"sys","ui_name":"service","ui_deployment":"base"}) - success !
[2021-04-19 13:47:06] INFO: invoke successful ! [../cache/cache/load_cache_for] with ["ui_route",{"namespace":"sys","ui_name":"service","ui_deployment":"base"}] !
[2021-04-19 13:47:06] INFO: load_cache_for("ui_component", {"namespace":"sys","ui_name":"ui","ui_deployment":"base"}) - success !
[2021-04-19 13:47:06] INFO: invoke successful ! [../cache/cache/load_cache_for] with ["ui_component",{"namespace":"sys","ui_name":"ui","ui_deployment":"base"}] !
[2021-04-19 13:47:06] INFO: load_cache_for("ui_route", {"namespace":"sys","ui_name":"ui","ui_deployment":"base"}) - success !
[2021-04-19 13:47:06] INFO: invoke successful ! [../cache/cache/load_cache_for] with ["ui_route",{"namespace":"sys","ui_name":"ui","ui_deployment":"base"}] !
[2021-04-19 13:47:06] INFO: invoke successful ! [../cache/cache/load_cache_for] with ["ui_deployment",{"namespace":"sys"}] !
[2021-04-19 13:48:00] INFO: load_cache_for("ui_component", {"namespace":"sys","ui_name":"console","ui_deployment":"base"}) - success !
[2021-04-19 13:48:00] INFO: load_cache_for("ui_component", {"namespace":"sys","ui_name":"console","ui_deployment":"base"}) - reconcile in 213 sec(s)
[2021-04-19 13:48:11] INFO: load_cache_for("ui_route", {"namespace":"sys","ui_name":"demo","ui_deployment":"base"}) - success !
[2021-04-19 13:48:11] INFO: load_cache_for("ui_route", {"namespace":"sys","ui_name":"demo","ui_deployment":"base"}) - reconcile in 236 sec(s)
[2021-04-19 13:48:41] INFO: load_cache_for("ui_route", {"namespace":"sys","ui_name":"ui","ui_deployment":"base"}) - success !
[2021-04-19 13:48:41] INFO: load_cache_for("ui_route", {"namespace":"sys","ui_name":"ui","ui_deployment":"base"}) - reconcile in 312 sec(s)
[2021-04-19 13:48:50] INFO: load_cache_for("ui_route", {"namespace":"sys","ui_name":"auth","ui_deployment":"base"}) - success !
[2021-04-19 13:48:50] INFO: load_cache_for("ui_route", {"namespace":"sys","ui_name":"auth","ui_deployment":"base"}) - reconcile in 314 sec(s)
[2021-04-19 13:49:04] INFO: load_cache_for("auth", null) - success !
[2021-04-19 13:49:04] INFO: load_cache_for("auth", null) - reconcile in 279 sec(s)
