[2021-04-19 16:42:50] INFO: [DB POOL] connecting to localhost
[2021-04-19 16:42:50] INFO: appx_spec [classes] [
  'string',    'number',
  'boolean',   'null',
  'primitive', 'array',
  'object',    'expression',
  'statement', 'jsx',
  'any'
]
[2021-04-19 16:42:50] INFO: appx_spec [types] [
  'react/element',         'react/html',
  'react/state',           'react/effect',
  'react/context',         'appx/form',
  'appx/dialog',           'appx/input/text',
  'appx/input/textarray',  'appx/input/switch',
  'appx/input/select',     'appx/input/tabular',
  'appx/input/collection', 'appx/input/submit',
  'appx/input/reset',      'appx/input/rule',
  'appx/table',            'appx/table/column',
  'js/null',               'js/string',
  'js/number',             'js/boolean',
  'js/object',             'js/array',
  'js/import',             'js/expression',
  'js/statement',          'js/function',
  'js/call',               'js/condition',
  'js/map',                'js/reduce',
  'js/filter',             'mui/style',
  'mui/theme',             'route/path',
  'route/context',         'appx/api'
]
[2021-04-19 16:42:50] INFO: load_cache_for("realm", null) - success !
[2021-04-19 16:42:50] INFO: load_cache_for("realm", null) - reconcile in 239 sec(s)
[2021-04-19 16:42:50] INFO: load_cache_for("auth", null) - success !
[2021-04-19 16:42:50] INFO: load_cache_for("auth", null) - reconcile in 357 sec(s)
[2021-04-19 16:42:50] INFO: load_cache_for("namespace", null) - success !
[2021-04-19 16:42:50] INFO: load_cache_for("namespace", null) - triggering ...
[2021-04-19 16:42:50] INFO: load_cache_for("app_runtime", {"namespace":"sys"}) - success !
[2021-04-19 16:42:50] INFO: load_cache_for("app_runtime", {"namespace":"sys"}) - reconcile in 252 sec(s)
[2021-04-19 16:42:50] INFO: invoke successful ! [../cache/cache/load_cache_for] with ["app_runtime",{"namespace":"sys"}] !
[2021-04-19 16:42:50] INFO: load_cache_for("app_deployment", {"namespace":"sys"}) - success !
[2021-04-19 16:42:50] INFO: load_cache_for("app_deployment", {"namespace":"sys"}) - triggering ...
